================================================================================
OPTIMIZER COMPARISON STUDY
================================================================================

Model: XGBOOST
Methods: default, random_search, optuna, hdmr_standard, hdmr_adaptive
Seeds: 3
Trials: 20 (for random search, Optuna)
HDMR samples: 200

Loading data from src/data/transactions.csv...
✓ Train: 1525 samples
✓ Test: 547 samples

================================================================================
Method: DEFAULT
================================================================================
  Seed 42: MAPE=9.66%, Time=0.3s
  Seed 43: MAPE=9.66%, Time=0.2s
  Seed 44: MAPE=9.66%, Time=0.2s

================================================================================
Method: RANDOM_SEARCH
================================================================================
  Seed 42: MAPE=9.42%, Time=19.5s
  Seed 43: MAPE=9.25%, Time=13.9s
  Seed 44: MAPE=9.01%, Time=12.0s

================================================================================
Method: OPTUNA
================================================================================
  Seed 42: MAPE=9.07%, Time=12.3s
  Seed 43: MAPE=9.05%, Time=9.8s
  Seed 44: MAPE=9.19%, Time=9.9s

================================================================================
Method: HDMR_STANDARD
================================================================================
  Seed 42: MAPE=9.60%, Time=41.8s
  Seed 43: MAPE=9.01%, Time=44.4s
  Seed 44: MAPE=10.34%, Time=44.2s

================================================================================
Method: HDMR_ADAPTIVE
================================================================================
  Seed 42: MAPE=9.26%, Time=736.7s
  Seed 43: MAPE=9.01%, Time=834.9s
  Seed 44: MAPE=8.70%, Time=818.9s

================================================================================
SUMMARY STATISTICS
================================================================================

       Method  Mean MAPE  Std MAPE  Best MAPE  Median Time (s)  Mean Evaluations
hdmr_adaptive   8.987181  0.229467   8.697114       818.866143            5000.0
       optuna   9.103597  0.061119   9.051515         9.899843              20.0
random_search   9.225467  0.168457   9.007654        13.942298              20.0
hdmr_standard   9.649561  0.545269   9.006204        44.204070             200.0
      default   9.663572  0.000000   9.663572         0.200003               1.0

✓ Results saved: results/comparisons/comparison_xgboost_20260114_153258.csv
✓ Summary saved: results/comparisons/comparison_summary_xgboost_20260114_153258.csv

✓ Comparison completed successfully!
