================================================================================
OPTIMIZER COMPARISON STUDY
================================================================================

Model: XGBOOST
Methods: default, random_search, optuna, hdmr_standard, hdmr_adaptive
Seeds: 3
Trials: 20 (for random search, Optuna)
HDMR samples: 200

Loading data from src/data/transactions.csv...
✓ Train: 1525 samples
✓ Test: 547 samples

================================================================================
Method: DEFAULT
================================================================================
  Seed 42: MAPE=9.66%, Time=3.1s
  Seed 43: MAPE=9.66%, Time=0.2s
  Seed 44: MAPE=9.66%, Time=0.2s

================================================================================
Method: RANDOM_SEARCH
================================================================================
  Seed 42: MAPE=9.42%, Time=21.1s
  Seed 43: MAPE=9.25%, Time=15.0s
  Seed 44: MAPE=9.01%, Time=13.0s

================================================================================
Method: OPTUNA
================================================================================
  Seed 42: MAPE=999.00%, Time=0.0s
  Seed 43: MAPE=999.00%, Time=0.0s
  Seed 44: MAPE=999.00%, Time=0.0s

================================================================================
Method: HDMR_STANDARD
================================================================================
  Seed 42: MAPE=9.60%, Time=44.3s
  Seed 43: MAPE=9.01%, Time=46.5s
  Seed 44: MAPE=10.34%, Time=45.1s

================================================================================
Method: HDMR_ADAPTIVE
================================================================================
  Seed 42: MAPE=9.26%, Time=730.6s
  Seed 43: 