================================================================================
OPTIMIZER COMPARISON STUDY
================================================================================

Model: XGBOOST
Methods: default, random_search, optuna, hdmr_standard, hdmr_adaptive
Seeds: 3
Trials: 20 (for random search, Optuna)
HDMR samples: 200

Loading data from src/data/transactions.csv...
✓ Train: 1525 samples
✓ Test: 547 samples

================================================================================
Method: DEFAULT
================================================================================
  Seed 42: MAPE=9.66%, Time=3.1s
  Seed 43: MAPE=9.66%, Time=0.2s
  Seed 44: MAPE=9.66%, Time=0.2s

================================================================================
Method: RANDOM_SEARCH
================================================================================
  Seed 42: MAPE=9.42%, Time=20.4s
  Seed 43: MAPE=9.25%, Time=14.5s
  Seed 44: MAPE=9.01%, Time=12.6s

================================================================================
Method: OPTUNA
================================================================================
  Seed 42: MAPE=999.00%, Time=0.0s
  Seed 43: MAPE=999.00%, Time=0.0s
  Seed 44: MAPE=999.00%, Time=0.0s

================================================================================
Method: HDMR_STANDARD
================================================================================
  Seed 42: MAPE=10.50%, Time=42.9s
  Seed 43: MAPE=10.50%, Time=44.8s
  Seed 44: MAPE=10.50%, Time=43.6s

================================================================================
Method: HDMR_ADAPTIVE
================================================================================
  Seed 42: MAPE=10.50%, Time=42.9s
  Seed 43: MAPE=10.50%, Time=44.9s
  Seed 44: MAPE=10.50%, Time=43.6s

================================================================================
SUMMARY STATISTICS
================================================================================

       Method  Mean MAPE  Std MAPE  Best MAPE  Median Time (s)  Mean Evaluations
random_search   9.225467  0.168457   9.007654        14.519114              20.0
      default   9.663572  0.000000   9.663572         0.199710               1.0
hdmr_standard  10.503001  0.000000  10.503001        43.638470             200.0
hdmr_adaptive  10.503001  0.000000  10.503001        43.630806             200.0
       optuna 999.000000  0.000000 999.000000         0.000000               0.0

✓ Results saved: results/comparisons/comparison_xgboost_20260114_120058.csv
✓ Summary saved: results/comparisons/comparison_summary_xgboost_20260114_120058.csv

✓ Comparison completed successfully!
