================================================================================
OPTIMIZER COMPARISON STUDY
================================================================================

Model: XGBOOST
Methods: default, random_search, optuna, hdmr_standard, hdmr_adaptive
Seeds: 3
Trials: 20 (for random search, Optuna)
HDMR samples: 200

Loading data from src/data/transactions.csv...
✓ Train: 1525 samples
✓ Test: 547 samples

================================================================================
Method: DEFAULT
================================================================================
  Seed 42: MAPE=9.66%, Time=3.1s
  Seed 43: MAPE=9.66%, Time=0.2s
  Seed 44: MAPE=9.66%, Time=0.2s

================================================================================
Method: RANDOM_SEARCH
================================================================================
  Seed 42: MAPE=9.42%, Time=21.1s
  Seed 43: MAPE=9.25%, Time=15.0s
  Seed 44: MAPE=9.01%, Time=13.1s

================================================================================
Method: OPTUNA
================================================================================
  Seed 42: MAPE=999.00%, Time=0.0s
  Seed 43: MAPE=999.00%, Time=0.0s
  Seed 44: MAPE=999.00%, Time=0.0s

================================================================================
Method: HDMR_STANDARD
================================================================================
  Seed 42: MAPE=9.60%, Time=45.1s
  Seed 43: MAPE=9.01%, Time=47.3s
  Seed 44: MAPE=10.34%, Time=46.0s

================================================================================
Method: HDMR_ADAPTIVE
================================================================================
  Seed 42: MAPE=9.26%, Time=744.8s
  Seed 43: MAPE=9.01%, Time=817.1s
  Seed 44: MAPE=8.70%, Time=805.6s

================================================================================
SUMMARY STATISTICS
================================================================================

       Method  Mean MAPE  Std MAPE  Best MAPE  Median Time (s)  Mean Evaluations
hdmr_adaptive   8.987181  0.229467   8.697114       805.616508            5000.0
random_search   9.225467  0.168457   9.007654        15.036966              20.0
hdmr_standard   9.649561  0.545269   9.006204        45.955420             200.0
      default   9.663572  0.000000   9.663572         0.205558               1.0
       optuna 999.000000  0.000000 999.000000         0.000000               0.0

✓ Results saved: results/comparisons/comparison_xgboost_20260114_130219.csv
✓ Summary saved: results/comparisons/comparison_summary_xgboost_20260114_130219.csv

✓ Comparison completed successfully!
