================================================================================
HDMR FORECASTING RESEARCH - MASTER EXPERIMENT RUNNER
================================================================================

Experiment Plan:
  Benchmark: ✓
  Comparison: ✓
  Sensitivity: ✓
  Ablation: ✓
  Mode: FULL


================================================================================
RUNNING: Forecasting Benchmark (Standard HDMR)
================================================================================
Command: python benchmark_forecasting.py --models all --seeds 10 --samples 1000 --degree 7 --basis Cosine

================================================================================
HDMR FORECASTING BENCHMARK
================================================================================

Configuration:
  Data: src/data/transactions.csv
  Split date: 2020-01-01
  Models: xgboost, lightgbm, arima, ets, lstm, gru, nbeats
  Seeds: 10 (starting from 42)
  HDMR config: N=1000, m=7, 
               basis=Cosine, adaptive=False

Loading data...
  ✓ Train: 1525 samples
  ✓ Test: 547 samples

================================================================================
Model: XGBOOST
================================================================================

  Seed 42: Running HDMR optimization...
