2026-02-27 13:54:29 | INFO     | hdmr.benchmark | ============================================================
2026-02-27 13:54:29 | INFO     | hdmr.benchmark | HDMR vs. TabArena  |  XGBoost HPO Benchmark
2026-02-27 13:54:29 | INFO     | hdmr.benchmark | Run ID   : 20260227_135429
2026-02-27 13:54:29 | INFO     | hdmr.benchmark | Log file : /mnt/disk1/erdemy/app2scale/hdmr-opt/logs/hdmr_tabarena_20260227_135429.log
2026-02-27 13:54:29 | INFO     | hdmr.benchmark | ============================================================
2026-02-27 13:54:29 | INFO     | hdmr.benchmark | Configuration:
2026-02-27 13:54:29 | INFO     | hdmr.benchmark |   dataset    = csv:california_housing.csv
2026-02-27 13:54:29 | INFO     | hdmr.benchmark |   basis      = Legendre  degree=3  samples=50
2026-02-27 13:54:29 | INFO     | hdmr.benchmark |   adaptive   = False  maxiter=15  k=50  eps=0.010  clip=0.90
2026-02-27 13:54:29 | INFO     | hdmr.benchmark |   folds      = 2  seed=42  dims=10
2026-02-27 13:54:29 | INFO     | hdmr.benchmark | Loading: 'csv:california_housing.csv'
2026-02-27 13:54:29 | INFO     | hdmr.benchmark |   20640 rows x 14 cols | target: 'median_house_value'
2026-02-27 13:54:29 | INFO     | hdmr.benchmark | Dataset: california_housing | 20640 x 8 | target mean=206855.8 std=115392.8
2026-02-27 13:54:29 | INFO     | hdmr.benchmark | --- Runtime Estimation (probe fit) ---
2026-02-27 13:54:30 | INFO     | hdmr.benchmark |   Probe    : 0.745s on 2000 rows
2026-02-27 13:54:30 | INFO     | hdmr.benchmark |   Scale    : x5.2  ->  ~3.845s per XGBoost eval
2026-02-27 13:54:30 | INFO     | hdmr.benchmark |   Budget   : 50 samples x 1 iters x 2 folds = 100 total evals
2026-02-27 13:54:30 | INFO     | hdmr.benchmark |   Estimate : 0:06:24  (6.4 min)
2026-02-27 13:54:30 | INFO     | hdmr.benchmark | --- Starting 2-Fold Outer CV ---
2026-02-27 13:54:30 | INFO     | hdmr.benchmark | Fold 1/2 | train=10320  test=10320
2026-02-27 13:54:30 | DEBUG    | hdmr.benchmark | eval #001 | val_rmse=0.67164 | lr=0.0273 n_est=76 depth=2
2026-02-27 13:54:30 | DEBUG    | hdmr.benchmark | eval #002 | val_rmse=0.43426 | lr=0.1615 n_est=215 depth=4
2026-02-27 13:54:31 | DEBUG    | hdmr.benchmark | eval #003 | val_rmse=0.49646 | lr=0.7689 n_est=1146 depth=5
2026-02-27 13:54:31 | DEBUG    | hdmr.benchmark | eval #004 | val_rmse=0.69076 | lr=0.0149 n_est=51 depth=6
2026-02-27 13:54:41 | DEBUG    | hdmr.benchmark | eval #005 | val_rmse=0.39921 | lr=0.0044 n_est=1682 depth=11
2026-02-27 13:54:42 | DEBUG    | hdmr.benchmark | eval #006 | val_rmse=0.42415 | lr=0.0060 n_est=754 depth=7
2026-02-27 13:54:43 | DEBUG    | hdmr.benchmark | eval #007 | val_rmse=0.96369 | lr=0.0006 n_est=107 depth=10
2026-02-27 13:54:44 | DEBUG    | hdmr.benchmark | eval #008 | val_rmse=0.81322 | lr=0.0010 n_est=438 depth=9
2026-02-27 13:54:45 | DEBUG    | hdmr.benchmark | eval #009 | val_rmse=0.59975 | lr=0.7272 n_est=448 depth=12
2026-02-27 13:54:46 | DEBUG    | hdmr.benchmark | eval #010 | val_rmse=0.47982 | lr=0.3423 n_est=1239 depth=11
2026-02-27 13:54:46 | DEBUG    | hdmr.benchmark | eval #011 | val_rmse=0.87963 | lr=0.0091 n_est=73 depth=1
2026-02-27 13:54:46 | DEBUG    | hdmr.benchmark | eval #012 | val_rmse=0.44092 | lr=0.2397 n_est=383 depth=11
2026-02-27 13:54:49 | DEBUG    | hdmr.benchmark | eval #013 | val_rmse=0.81966 | lr=0.0007 n_est=539 depth=9
2026-02-27 13:54:49 | DEBUG    | hdmr.benchmark | eval #014 | val_rmse=0.43154 | lr=0.0803 n_est=62 depth=11
2026-02-27 13:54:49 | DEBUG    | hdmr.benchmark | eval #015 | val_rmse=0.98279 | lr=0.0002 n_est=202 depth=6
2026-02-27 13:54:51 | DEBUG    | hdmr.benchmark | eval #016 | val_rmse=0.49584 | lr=0.0026 n_est=1100 depth=10
2026-02-27 13:54:53 | DEBUG    | hdmr.benchmark | eval #017 | val_rmse=0.74166 | lr=0.0005 n_est=1677 depth=5
2026-02-27 13:54:53 | DEBUG    | hdmr.benchmark | eval #018 | val_rmse=0.81491 | lr=0.0019 n_est=300 depth=12
2026-02-27 13:54:54 | DEBUG    | hdmr.benchmark | eval #019 | val_rmse=0.44936 | lr=0.0445 n_est=1803 depth=2
2026-02-27 13:54:58 | DEBUG    | hdmr.benchmark | eval #020 | val_rmse=0.87488 | lr=0.0004 n_est=459 depth=10
2026-02-27 13:54:59 | DEBUG    | hdmr.benchmark | eval #021 | val_rmse=0.48562 | lr=0.4746 n_est=1923 depth=10
2026-02-27 13:54:59 | DEBUG    | hdmr.benchmark | eval #022 | val_rmse=0.67778 | lr=0.0026 n_est=643 depth=3
2026-02-27 13:54:59 | DEBUG    | hdmr.benchmark | eval #023 | val_rmse=0.46617 | lr=0.0406 n_est=106 depth=7
2026-02-27 13:55:00 | DEBUG    | hdmr.benchmark | eval #024 | val_rmse=0.42561 | lr=0.0150 n_est=347 depth=7
2026-02-27 13:55:00 | DEBUG    | hdmr.benchmark | eval #025 | val_rmse=0.99686 | lr=0.0002 n_est=51 depth=7
2026-02-27 13:55:00 | DEBUG    | hdmr.benchmark | eval #026 | val_rmse=0.47105 | lr=0.0723 n_est=669 depth=6
2026-02-27 13:55:01 | DEBUG    | hdmr.benchmark | eval #027 | val_rmse=0.48177 | lr=0.0312 n_est=250 depth=5
2026-02-27 13:55:01 | DEBUG    | hdmr.benchmark | eval #028 | val_rmse=0.89301 | lr=0.0037 n_est=136 depth=2
2026-02-27 13:55:01 | DEBUG    | hdmr.benchmark | eval #029 | val_rmse=0.49841 | lr=0.3216 n_est=996 depth=1
2026-02-27 13:55:02 | DEBUG    | hdmr.benchmark | eval #030 | val_rmse=0.72110 | lr=0.0052 n_est=119 depth=8
2026-02-27 13:55:03 | DEBUG    | hdmr.benchmark | eval #031 | val_rmse=0.62132 | lr=0.0025 n_est=385 depth=7
2026-02-27 13:55:03 | DEBUG    | hdmr.benchmark | eval #032 | val_rmse=0.42318 | lr=0.1550 n_est=835 depth=4
2026-02-27 13:55:03 | DEBUG    | hdmr.benchmark | eval #033 | val_rmse=0.43309 | lr=0.1674 n_est=305 depth=12
2026-02-27 13:55:04 | DEBUG    | hdmr.benchmark | eval #034 | val_rmse=0.86281 | lr=0.0005 n_est=810 depth=3
2026-02-27 13:55:04 | DEBUG    | hdmr.benchmark | eval #035 | val_rmse=0.94922 | lr=0.0006 n_est=477 depth=2
2026-02-27 13:55:06 | DEBUG    | hdmr.benchmark | eval #036 | val_rmse=0.75336 | lr=0.0015 n_est=310 depth=11
2026-02-27 13:55:14 | DEBUG    | hdmr.benchmark | eval #037 | val_rmse=0.87281 | lr=0.0002 n_est=1575 depth=10
2026-02-27 13:55:15 | DEBUG    | hdmr.benchmark | eval #038 | val_rmse=0.41461 | lr=0.0595 n_est=95 depth=8
2026-02-27 13:55:15 | DEBUG    | hdmr.benchmark | eval #039 | val_rmse=0.93885 | lr=0.0016 n_est=208 depth=2
2026-02-27 13:55:15 | DEBUG    | hdmr.benchmark | eval #040 | val_rmse=0.88455 | lr=0.0009 n_est=235 depth=7
2026-02-27 13:55:16 | DEBUG    | hdmr.benchmark | eval #041 | val_rmse=0.43592 | lr=0.2348 n_est=92 depth=10
2026-02-27 13:55:17 | DEBUG    | hdmr.benchmark | eval #042 | val_rmse=0.96408 | lr=0.0003 n_est=215 depth=10
2026-02-27 13:55:18 | DEBUG    | hdmr.benchmark | eval #043 | val_rmse=0.87487 | lr=0.0012 n_est=192 depth=8
2026-02-27 13:55:20 | DEBUG    | hdmr.benchmark | eval #044 | val_rmse=0.53735 | lr=0.0030 n_est=407 depth=12
2026-02-27 13:55:21 | DEBUG    | hdmr.benchmark | eval #045 | val_rmse=0.92608 | lr=0.0006 n_est=261 depth=5
2026-02-27 13:55:21 | DEBUG    | hdmr.benchmark | eval #046 | val_rmse=0.99338 | lr=0.0001 n_est=77 depth=12
2026-02-27 13:55:22 | DEBUG    | hdmr.benchmark | eval #047 | val_rmse=0.43428 | lr=0.0560 n_est=986 depth=3
2026-02-27 13:55:22 | DEBUG    | hdmr.benchmark | eval #048 | val_rmse=0.61859 | lr=0.0171 n_est=122 depth=3
2026-02-27 13:55:23 | DEBUG    | hdmr.benchmark | eval #049 | val_rmse=0.41509 | lr=0.0280 n_est=949 depth=11
2026-02-27 13:55:23 | DEBUG    | hdmr.benchmark | eval #050 | val_rmse=0.88787 | lr=0.0080 n_est=66 depth=2
2026-02-27 13:55:24 | DEBUG    | hdmr.benchmark | eval #051 | val_rmse=0.42387 | lr=0.1192 n_est=2000 depth=4
2026-02-27 13:55:24 | INFO     | hdmr.benchmark |   Best params: lr=0.1192  n_est=2000  depth=4  mcw=10.7278  gamma=0.00231
2026-02-27 13:55:26 | INFO     | hdmr.benchmark |   Fold 1 DONE | test_rmse=50552.4328 | best_val=0.3992 | evals=51 | 55.9s | ETA: 0:00:55
2026-02-27 13:55:26 | INFO     | hdmr.benchmark | Fold 2/2 | train=10320  test=10320
2026-02-27 13:55:32 | DEBUG    | hdmr.benchmark | eval #001 | val_rmse=0.85875 | lr=0.0003 n_est=1088 depth=9
2026-02-27 13:55:33 | DEBUG    | hdmr.benchmark | eval #002 | val_rmse=0.46436 | lr=0.0067 n_est=1729 depth=6
2026-02-27 13:55:34 | DEBUG    | hdmr.benchmark | eval #003 | val_rmse=0.92135 | lr=0.0004 n_est=524 depth=6
2026-02-27 13:55:34 | DEBUG    | hdmr.benchmark | eval #004 | val_rmse=1.00426 | lr=0.0003 n_est=95 depth=3
2026-02-27 13:55:37 | DEBUG    | hdmr.benchmark | eval #005 | val_rmse=0.93291 | lr=0.0002 n_est=689 depth=11
2026-02-27 13:55:37 | DEBUG    | hdmr.benchmark | eval #006 | val_rmse=0.70259 | lr=0.0094 n_est=269 depth=2
2026-02-27 13:55:37 | DEBUG    | hdmr.benchmark | eval #007 | val_rmse=0.74965 | lr=0.0049 n_est=155 depth=5
2026-02-27 13:55:38 | DEBUG    | hdmr.benchmark | eval #008 | val_rmse=0.56424 | lr=0.0504 n_est=1166 depth=1
2026-02-27 13:55:39 | DEBUG    | hdmr.benchmark | eval #009 | val_rmse=0.93686 | lr=0.0003 n_est=780 depth=6
2026-02-27 13:55:39 | DEBUG    | hdmr.benchmark | eval #010 | val_rmse=0.43836 | lr=0.1145 n_est=320 depth=5
2026-02-27 13:55:39 | DEBUG    | hdmr.benchmark | eval #011 | val_rmse=0.91848 | lr=0.0024 n_est=72 depth=9
2026-02-27 13:55:40 | DEBUG    | hdmr.benchmark | eval #012 | val_rmse=0.90784 | lr=0.0030 n_est=159 depth=2
2026-02-27 13:55:41 | DEBUG    | hdmr.benchmark | eval #013 | val_rmse=0.76941 | lr=0.0024 n_est=244 depth=10
2026-02-27 13:55:45 | DEBUG    | hdmr.benchmark | eval #014 | val_rmse=0.43135 | lr=0.0042 n_est=1862 depth=10
2026-02-27 13:55:46 | DEBUG    | hdmr.benchmark | eval #015 | val_rmse=0.56320 | lr=0.5537 n_est=274 depth=10
2026-02-27 13:55:46 | DEBUG    | hdmr.benchmark | eval #016 | val_rmse=0.54094 | lr=0.0196 n_est=95 depth=9
2026-02-27 13:55:46 | DEBUG    | hdmr.benchmark | eval #017 | val_rmse=0.59272 | lr=0.0289 n_est=273 depth=2
2026-02-27 13:55:47 | DEBUG    | hdmr.benchmark | eval #018 | val_rmse=0.46003 | lr=0.0143 n_est=677 depth=5
2026-02-27 13:55:52 | DEBUG    | hdmr.benchmark | eval #019 | val_rmse=0.66370 | lr=0.0009 n_est=833 depth=9
2026-02-27 13:55:53 | DEBUG    | hdmr.benchmark | eval #020 | val_rmse=1.00371 | lr=0.0002 n_est=108 depth=12
2026-02-27 13:55:53 | DEBUG    | hdmr.benchmark | eval #021 | val_rmse=0.97248 | lr=0.0013 n_est=81 depth=3
2026-02-27 13:55:53 | DEBUG    | hdmr.benchmark | eval #022 | val_rmse=0.83510 | lr=0.0025 n_est=189 depth=4
2026-02-27 13:55:54 | DEBUG    | hdmr.benchmark | eval #023 | val_rmse=0.43735 | lr=0.0322 n_est=1475 depth=11
2026-02-27 13:55:54 | DEBUG    | hdmr.benchmark | eval #024 | val_rmse=0.49308 | lr=0.8860 n_est=320 depth=2
2026-02-27 13:55:55 | DEBUG    | hdmr.benchmark | eval #025 | val_rmse=0.44783 | lr=0.0219 n_est=237 depth=8
2026-02-27 13:55:56 | DEBUG    | hdmr.benchmark | eval #026 | val_rmse=0.57652 | lr=0.0034 n_est=459 depth=8
2026-02-27 13:55:56 | DEBUG    | hdmr.benchmark | eval #027 | val_rmse=0.74283 | lr=0.0068 n_est=88 depth=9
2026-02-27 13:55:57 | DEBUG    | hdmr.benchmark | eval #028 | val_rmse=0.85821 | lr=0.0007 n_est=593 depth=5
2026-02-27 13:55:57 | DEBUG    | hdmr.benchmark | eval #029 | val_rmse=0.85330 | lr=0.0020 n_est=427 depth=3
2026-02-27 13:55:58 | DEBUG    | hdmr.benchmark | eval #030 | val_rmse=0.96766 | lr=0.0006 n_est=142 depth=8
2026-02-27 13:55:58 | DEBUG    | hdmr.benchmark | eval #031 | val_rmse=0.46771 | lr=0.3342 n_est=298 depth=10
2026-02-27 13:55:59 | DEBUG    | hdmr.benchmark | eval #032 | val_rmse=0.44081 | lr=0.0152 n_est=1474 depth=5
2026-02-27 13:55:59 | DEBUG    | hdmr.benchmark | eval #033 | val_rmse=0.53711 | lr=0.0221 n_est=153 depth=11
2026-02-27 13:55:59 | DEBUG    | hdmr.benchmark | eval #034 | val_rmse=1.00347 | lr=0.0012 n_est=59 depth=1
2026-02-27 13:56:00 | DEBUG    | hdmr.benchmark | eval #035 | val_rmse=0.64610 | lr=0.0608 n_est=234 depth=1
2026-02-27 13:56:01 | DEBUG    | hdmr.benchmark | eval #036 | val_rmse=0.50046 | lr=0.0067 n_est=1234 depth=4
2026-02-27 13:56:01 | DEBUG    | hdmr.benchmark | eval #037 | val_rmse=0.44064 | lr=0.1560 n_est=113 depth=5
2026-02-27 13:56:01 | DEBUG    | hdmr.benchmark | eval #038 | val_rmse=1.00100 | lr=0.0001 n_est=214 depth=7
2026-02-27 13:56:02 | DEBUG    | hdmr.benchmark | eval #039 | val_rmse=0.42985 | lr=0.0978 n_est=698 depth=9
2026-02-27 13:56:02 | DEBUG    | hdmr.benchmark | eval #040 | val_rmse=0.47411 | lr=0.1050 n_est=1787 depth=3
2026-02-27 13:56:02 | DEBUG    | hdmr.benchmark | eval #041 | val_rmse=0.77759 | lr=0.0281 n_est=117 depth=1
2026-02-27 13:56:03 | DEBUG    | hdmr.benchmark | eval #042 | val_rmse=0.49726 | lr=0.0313 n_est=1680 depth=5
2026-02-27 13:56:03 | DEBUG    | hdmr.benchmark | eval #043 | val_rmse=0.42430 | lr=0.0748 n_est=757 depth=4
2026-02-27 13:56:04 | DEBUG    | hdmr.benchmark | eval #044 | val_rmse=0.46096 | lr=0.0228 n_est=535 depth=8
2026-02-27 13:56:04 | DEBUG    | hdmr.benchmark | eval #045 | val_rmse=0.48798 | lr=0.5339 n_est=217 depth=2
2026-02-27 13:56:04 | DEBUG    | hdmr.benchmark | eval #046 | val_rmse=0.65671 | lr=0.0056 n_est=721 depth=2
2026-02-27 13:56:04 | DEBUG    | hdmr.benchmark | eval #047 | val_rmse=0.56579 | lr=0.1016 n_est=91 depth=2
2026-02-27 13:56:06 | DEBUG    | hdmr.benchmark | eval #048 | val_rmse=0.64596 | lr=0.0010 n_est=1177 depth=6
2026-02-27 13:56:07 | DEBUG    | hdmr.benchmark | eval #049 | val_rmse=0.42390 | lr=0.0706 n_est=642 depth=6
2026-02-27 13:56:07 | DEBUG    | hdmr.benchmark | eval #050 | val_rmse=1.01365 | lr=0.0001 n_est=69 depth=1
2026-02-27 13:56:08 | DEBUG    | hdmr.benchmark | eval #051 | val_rmse=0.46406 | lr=0.0903 n_est=2000 depth=5
2026-02-27 13:56:08 | INFO     | hdmr.benchmark |   Best params: lr=0.0903  n_est=2000  depth=5  mcw=128.0000  gamma=1.00648
2026-02-27 13:56:09 | INFO     | hdmr.benchmark |   Fold 2 DONE | test_rmse=51442.3627 | best_val=0.4239 | evals=51 | 42.8s | ETA: done
2026-02-27 13:56:09 | INFO     | hdmr.benchmark | ============================================================
2026-02-27 13:56:09 | INFO     | hdmr.benchmark | RESULTS SUMMARY
2026-02-27 13:56:09 | INFO     | hdmr.benchmark | ============================================================
2026-02-27 13:56:09 | INFO     | hdmr.benchmark | Dataset           : california_housing
2026-02-27 13:56:09 | INFO     | hdmr.benchmark | HDMR RMSE         : 50997.3977 +/- 444.9649
2026-02-27 13:56:09 | INFO     | hdmr.benchmark | Total evaluations : 102  (avg 51/fold)
2026-02-27 13:56:09 | INFO     | hdmr.benchmark | Total wall time   : 0:01:38  (1.6 min)
2026-02-27 13:56:09 | INFO     | hdmr.benchmark | 
2026-02-27 13:56:09 | INFO     | hdmr.benchmark | TabArena budget   : 200/fold x 2 folds = 400 evals
2026-02-27 13:56:09 | INFO     | hdmr.benchmark | HDMR eval budget  : 102  (25.5% of TabArena)
2026-02-27 13:56:09 | INFO     | hdmr.benchmark | 
2026-02-27 13:56:09 | INFO     | hdmr.benchmark | TabArena baseline : not set  (set TABARENA_RMSE env var to compare)
2026-02-27 13:56:09 | INFO     | hdmr.benchmark | 
2026-02-27 13:56:09 | INFO     | hdmr.benchmark | PER-FOLD DETAIL
2026-02-27 13:56:09 | INFO     | hdmr.benchmark |   Fold   test_rmse     best_val_rmse   evals    sec     
2026-02-27 13:56:09 | INFO     | hdmr.benchmark |   ----------------------------------------------------
2026-02-27 13:56:09 | INFO     | hdmr.benchmark |   1      50552.4328    0.3992          51       55.9    
2026-02-27 13:56:09 | INFO     | hdmr.benchmark |   2      51442.3627    0.4239          51       42.8    
2026-02-27 13:56:09 | INFO     | hdmr.benchmark | 
2026-02-27 13:56:09 | INFO     | hdmr.benchmark | HYPERPARAMETER SENSITIVITY  (mean across 2 folds)
2026-02-27 13:56:09 | INFO     | hdmr.benchmark |   Parameter                   S_i   Rank  Bar
2026-02-27 13:56:09 | INFO     | hdmr.benchmark |   ----------------------------------------------------------
2026-02-27 13:56:09 | INFO     | hdmr.benchmark |   learning_rate            0.4386      1  █████████████████
2026-02-27 13:56:09 | INFO     | hdmr.benchmark |   n_estimators             0.1133      2  ████
2026-02-27 13:56:09 | INFO     | hdmr.benchmark |   min_child_weight         0.1078      3  ████
2026-02-27 13:56:09 | INFO     | hdmr.benchmark |   reg_lambda               0.1059      4  ████
2026-02-27 13:56:09 | INFO     | hdmr.benchmark |   reg_alpha                0.0539      5  ██
2026-02-27 13:56:09 | INFO     | hdmr.benchmark |   gamma                    0.0461      6  █
2026-02-27 13:56:09 | INFO     | hdmr.benchmark |   max_depth                0.0415      7  █
2026-02-27 13:56:09 | INFO     | hdmr.benchmark |   colsample_bylevel        0.0372      8  █
2026-02-27 13:56:09 | INFO     | hdmr.benchmark |   colsample_bytree         0.0328      9  █
2026-02-27 13:56:09 | INFO     | hdmr.benchmark |   subsample                0.0229     10  
2026-02-27 13:56:09 | INFO     | hdmr.benchmark | 
2026-02-27 13:56:09 | INFO     | hdmr.benchmark | Top-5/10 parameters account for >=80% of total variance
2026-02-27 13:56:09 | INFO     | hdmr.benchmark | Effective search dimensionality: 5 (out of 10)
2026-02-27 13:56:09 | INFO     | hdmr.benchmark | 
2026-02-27 13:56:09 | INFO     | hdmr.benchmark | Results saved -> /mnt/disk1/erdemy/app2scale/hdmr-opt/results/tabarena/hdmr_xgb_20260227_135429.csv
2026-02-27 13:56:09 | INFO     | hdmr.benchmark | ============================================================
2026-02-27 13:56:09 | INFO     | hdmr.benchmark | Experiment complete.
