2026-03-06 12:15:26 | INFO     | hdmr.lgb.benchmark | ============================================================
2026-03-06 12:15:26 | INFO     | hdmr.lgb.benchmark | HDMR vs. TabArena  |  LightGBM HPO Benchmark
2026-03-06 12:15:26 | INFO     | hdmr.lgb.benchmark | Run ID   : 20260306_121526
2026-03-06 12:15:26 | INFO     | hdmr.lgb.benchmark | Log file : /mnt/disk1/erdemy/app2scale/hdmr-opt/logs/hdmr_lgb_tabarena_20260306_121526.log
2026-03-06 12:15:26 | INFO     | hdmr.lgb.benchmark | ============================================================
2026-03-06 12:15:26 | INFO     | hdmr.lgb.benchmark | Configuration:
2026-03-06 12:15:26 | INFO     | hdmr.lgb.benchmark |   dataset    = openml:44959
2026-03-06 12:15:26 | INFO     | hdmr.lgb.benchmark |   basis      = Legendre  degree=3  samples=50
2026-03-06 12:15:26 | INFO     | hdmr.lgb.benchmark |   adaptive   = False  maxiter=5  k=50  eps=0.010  clip=0.90
2026-03-06 12:15:26 | INFO     | hdmr.lgb.benchmark |   search_dim = 12D (LightGBM, TabArena Table C.3)
2026-03-06 12:15:26 | INFO     | hdmr.lgb.benchmark |   n_est      = 10000  early_stop=50
2026-03-06 12:15:26 | INFO     | hdmr.lgb.benchmark | Loading: 'openml:44959'
2026-03-06 12:15:27 | INFO     | openml.config | No config file found at /home/erdemy/.config/openml/config, using default configuration.
2026-03-06 12:15:27 | INFO     | hdmr.lgb.benchmark | Fetching OpenML dataset 44959 …
2026-03-06 12:15:27 | INFO     | openml.datasets.dataset | pickle write concrete_compressive_strength
2026-03-06 12:15:27 | DEBUG    | openml.datasets.dataset | Saved dataset 44959: concrete_compressive_strength to file /home/erdemy/.cache/openml/org/openml/www/datasets/44959/dataset_44959.pkl.py3
2026-03-06 12:15:27 | INFO     | hdmr.lgb.benchmark | OpenML 44959: concrete_compressive_strength | 1030 x 8
2026-03-06 12:15:27 | INFO     | hdmr.lgb.benchmark | Dataset: concrete_compressive_strength | 1030 x 8 | target mean=35.82 std=16.70
2026-03-06 12:15:27 | INFO     | hdmr.lgb.benchmark | --- Starting 3-Fold Outer CV ---
2026-03-06 12:15:27 | INFO     | hdmr.lgb.benchmark | Fold 1/3 | train=686  test=344
2026-03-06 12:15:27 | DEBUG    | matplotlib | matplotlib data path: /mnt/disk1/erdemy/app2scale/hdmr-opt/hdmr-env/lib/python3.10/site-packages/matplotlib/mpl-data
2026-03-06 12:15:27 | DEBUG    | matplotlib | CONFIGDIR=/home/erdemy/.config/matplotlib
2026-03-06 12:15:27 | DEBUG    | matplotlib | interactive is False
2026-03-06 12:15:27 | DEBUG    | matplotlib | platform is linux
2026-03-06 12:16:06 | INFO     | hdmr.lgb.benchmark |   Best params: lr=0.0646  leaves=46  feat=0.83  bag=0.86  l1=0.4352  l2=0.2538  extra=False
2026-03-06 12:16:07 | INFO     | hdmr.lgb.benchmark |   Final model used 322 trees
2026-03-06 12:16:07 | INFO     | hdmr.lgb.benchmark |   Fold 1 DONE | test_rmse=4.5318 | best_val=0.2294 | evals=50 | 40.2s | ETA: 0:01:20
2026-03-06 12:16:07 | INFO     | hdmr.lgb.benchmark | Fold 2/3 | train=687  test=343
2026-03-06 12:16:49 | INFO     | hdmr.lgb.benchmark |   Best params: lr=0.0118  leaves=7  feat=0.51  bag=0.88  l1=0.7837  l2=0.6795  extra=False
2026-03-06 12:16:50 | INFO     | hdmr.lgb.benchmark |   Final model used 3316 trees
2026-03-06 12:16:50 | INFO     | hdmr.lgb.benchmark |   Fold 2 DONE | test_rmse=4.7464 | best_val=0.2011 | evals=50 | 43.6s | ETA: 0:00:41
2026-03-06 12:16:50 | INFO     | hdmr.lgb.benchmark | Fold 3/3 | train=687  test=343
2026-03-06 12:17:28 | INFO     | hdmr.lgb.benchmark |   Best params: lr=0.0229  leaves=174  feat=0.71  bag=0.97  l1=0.2383  l2=1.557  extra=False
2026-03-06 12:17:29 | INFO     | hdmr.lgb.benchmark |   Final model used 2447 trees
2026-03-06 12:17:29 | INFO     | hdmr.lgb.benchmark |   Fold 3 DONE | test_rmse=4.6957 | best_val=0.2000 | evals=50 | 38.9s | ETA: done
2026-03-06 12:17:29 | INFO     | hdmr.lgb.benchmark | ============================================================
2026-03-06 12:17:29 | INFO     | hdmr.lgb.benchmark | RESULTS SUMMARY
2026-03-06 12:17:29 | INFO     | hdmr.lgb.benchmark | ============================================================
2026-03-06 12:17:29 | INFO     | hdmr.lgb.benchmark | Dataset          : concrete_compressive_strength
2026-03-06 12:17:29 | INFO     | hdmr.lgb.benchmark | Method           : HDMR (adaptive=False)
2026-03-06 12:17:29 | INFO     | hdmr.lgb.benchmark | HDMR RMSE        : 4.6580 +/- 0.0916
2026-03-06 12:17:29 | INFO     | hdmr.lgb.benchmark | Total evaluations: 150  (avg 50/fold)
2026-03-06 12:17:29 | INFO     | hdmr.lgb.benchmark | Total wall time  : 0:02:02  (2.0 min)
2026-03-06 12:17:29 | INFO     | hdmr.lgb.benchmark | TabArena baseline: not set  (set TABARENA_RMSE env var to compare)
2026-03-06 12:17:29 | INFO     | hdmr.lgb.benchmark | 
2026-03-06 12:17:29 | INFO     | hdmr.lgb.benchmark | HYPERPARAMETER SENSITIVITY ANALYSIS
2026-03-06 12:17:29 | INFO     | hdmr.lgb.benchmark |   (mean first-order HDMR indices across 3 folds)
2026-03-06 12:17:29 | INFO     | hdmr.lgb.benchmark |   Parameter                   S_i   Rank  Bar
2026-03-06 12:17:29 | INFO     | hdmr.lgb.benchmark |   ----------------------------------------------------------
2026-03-06 12:17:29 | INFO     | hdmr.lgb.benchmark |   min_data_in_leaf        0.1707      1  █████
2026-03-06 12:17:29 | INFO     | hdmr.lgb.benchmark |   extra_trees             0.1300      2  ████
2026-03-06 12:17:29 | INFO     | hdmr.lgb.benchmark |   num_leaves              0.1294      3  ████
2026-03-06 12:17:29 | INFO     | hdmr.lgb.benchmark |   learning_rate           0.1260      4  ████
2026-03-06 12:17:29 | INFO     | hdmr.lgb.benchmark |   lambda_l2               0.0789      5  ██
2026-03-06 12:17:29 | INFO     | hdmr.lgb.benchmark |   cat_smooth              0.0747      6  ██
2026-03-06 12:17:29 | INFO     | hdmr.lgb.benchmark |   min_data_per_group      0.0613      7  █
2026-03-06 12:17:29 | INFO     | hdmr.lgb.benchmark |   lambda_l1               0.0582      8  █
2026-03-06 12:17:29 | INFO     | hdmr.lgb.benchmark |   feature_fraction        0.0547      9  █
2026-03-06 12:17:29 | INFO     | hdmr.lgb.benchmark |   max_cat_to_onehot       0.0495     10  █
2026-03-06 12:17:29 | INFO     | hdmr.lgb.benchmark |   cat_l2                  0.0372     11  █
2026-03-06 12:17:29 | INFO     | hdmr.lgb.benchmark |   bagging_fraction        0.0293     12  
2026-03-06 12:17:29 | INFO     | hdmr.lgb.benchmark | 
2026-03-06 12:17:29 | INFO     | hdmr.lgb.benchmark | Top-8/12 parameters account for >=80% of total variance
2026-03-06 12:17:29 | INFO     | hdmr.lgb.benchmark | Effective search dimensionality: 8 (out of 12)
2026-03-06 12:17:29 | INFO     | hdmr.lgb.benchmark | 
2026-03-06 12:17:29 | INFO     | hdmr.lgb.benchmark | PER-FOLD DETAIL
2026-03-06 12:17:29 | INFO     | hdmr.lgb.benchmark |   Fold   test_rmse     best_val        evals    sec     
2026-03-06 12:17:29 | INFO     | hdmr.lgb.benchmark |   ----------------------------------------------------
2026-03-06 12:17:29 | INFO     | hdmr.lgb.benchmark |   1      4.5318        0.2294          50       40.2    
2026-03-06 12:17:29 | INFO     | hdmr.lgb.benchmark |   2      4.7464        0.2011          50       43.6    
2026-03-06 12:17:29 | INFO     | hdmr.lgb.benchmark |   3      4.6957        0.2000          50       38.9    
2026-03-06 12:17:29 | INFO     | hdmr.lgb.benchmark | 
2026-03-06 12:17:29 | INFO     | hdmr.lgb.benchmark | Results saved -> /mnt/disk1/erdemy/app2scale/hdmr-opt/results/tabarena/hdmr_lgb_20260306_121526.csv
2026-03-06 12:17:29 | INFO     | hdmr.lgb.benchmark | ============================================================
2026-03-06 12:17:29 | INFO     | hdmr.lgb.benchmark | Experiment complete.
