2026-03-23 11:45:20 | INFO     | hdmr.benchmark | ======================================================================
2026-03-23 11:45:20 | INFO     | hdmr.benchmark | HDMR vs Adaptive HDMR  |  XGBoost HPO  |  All 18 Datasets  v7.0
2026-03-23 11:45:20 | INFO     | hdmr.benchmark | Run ID   : 20260323_114520
2026-03-23 11:45:20 | INFO     | hdmr.benchmark | Log file : /mnt/disk1/erdemy/app2scale/hdmr-opt/logs/hdmr_tabarena_20260323_114520.log
2026-03-23 11:45:20 | INFO     | hdmr.benchmark | ======================================================================
2026-03-23 11:45:20 | INFO     | hdmr.benchmark | Configuration:
2026-03-23 11:45:20 | INFO     | hdmr.benchmark |   basis=Legendre  degree=3  samples=200
2026-03-23 11:45:20 | INFO     | hdmr.benchmark |   k=50  eps=0.010  clip=0.90
2026-03-23 11:45:20 | INFO     | hdmr.benchmark |   outer_folds=8  seed=42  search_space=TabArena C.3 (10D)
2026-03-23 11:45:20 | INFO     | hdmr.benchmark |   task_filter=all  datasets=[46949, 46952, 46927, 46938, 46940, 46930, 46956, 46918] (8 total)
2026-03-23 11:45:20 | INFO     | hdmr.benchmark | 
2026-03-23 11:45:20 | INFO     | hdmr.benchmark | Methods:
2026-03-23 11:45:20 | INFO     | hdmr.benchmark |   1) HDMR-200     — standard,   200 evals/fold
2026-03-23 11:45:20 | INFO     | hdmr.benchmark |   2) A-HDMR-200   — adaptive,   T=2×100 = 200 evals/fold (equal budget)
2026-03-23 11:45:20 | INFO     | hdmr.benchmark |   3) A-HDMR-600   — adaptive,   T=3×200 = 600 evals/fold (full budget)
2026-03-23 11:45:20 | INFO     | hdmr.benchmark | 
2026-03-23 11:45:20 | INFO     | hdmr.benchmark | ▓▓▓▓▓▓▓▓▓▓▓▓▓▓▓▓▓▓▓▓▓▓▓▓▓▓▓▓▓▓▓▓▓▓▓▓▓▓▓▓▓▓▓▓▓▓▓▓▓▓▓▓▓▓▓▓▓▓▓▓▓▓▓▓▓▓▓▓▓▓
2026-03-23 11:45:20 | INFO     | hdmr.benchmark |   DATASET: physiochemical_protein  (DID=46949)
2026-03-23 11:45:20 | INFO     | hdmr.benchmark | ▓▓▓▓▓▓▓▓▓▓▓▓▓▓▓▓▓▓▓▓▓▓▓▓▓▓▓▓▓▓▓▓▓▓▓▓▓▓▓▓▓▓▓▓▓▓▓▓▓▓▓▓▓▓▓▓▓▓▓▓▓▓▓▓▓▓▓▓▓▓
2026-03-23 11:45:20 | INFO     | openml.config | No config file found at /home/erdemy/.config/openml/config, using default configuration.
2026-03-23 11:45:20 | INFO     | hdmr.benchmark | Loading: physiochemical_protein  (DID=46949, task=regression) ...
2026-03-23 11:45:20 | INFO     | openml.datasets.dataset | pickle write physiochemical_protein
2026-03-23 11:45:20 | DEBUG    | openml.datasets.dataset | Saved dataset 46949: physiochemical_protein to file /home/erdemy/.cache/openml/org/openml/www/datasets/46949/dataset_46949.pkl.py3
2026-03-23 11:45:20 | INFO     | hdmr.benchmark |   physiochemical_protein | 45730 x 9 | y mean=7.749  std=6.118
2026-03-23 11:45:20 | INFO     | hdmr.benchmark | 
2026-03-23 11:45:20 | INFO     | hdmr.benchmark |   ┌─ physiochemical_protein  [HDMR-200]
2026-03-23 11:45:20 | INFO     | hdmr.benchmark |   │  task=regression  samples=200  maxiter=1  → 200 evals/fold
2026-03-23 13:03:45 | INFO     | hdmr.benchmark |   │  [HDMR-200] Fold 1/8 | RMSE=3.3646 | best_val=0.5566 | evals=201 | 4704.2s | ETA: 9:08:49
2026-03-23 14:13:25 | INFO     | hdmr.benchmark |   │  [HDMR-200] Fold 2/8 | RMSE=3.4279 | best_val=0.5655 | evals=201 | 4180.2s | ETA: 7:24:13
2026-03-23 15:31:57 | INFO     | hdmr.benchmark |   │  [HDMR-200] Fold 3/8 | RMSE=3.3055 | best_val=0.5574 | evals=201 | 4712.6s | ETA: 6:17:41
2026-03-23 16:38:58 | INFO     | hdmr.benchmark |   │  [HDMR-200] Fold 4/8 | RMSE=3.3645 | best_val=0.5494 | evals=201 | 4020.9s | ETA: 4:46:58
2026-03-23 17:46:59 | INFO     | hdmr.benchmark |   │  [HDMR-200] Fold 5/8 | RMSE=3.4691 | best_val=0.5562 | evals=201 | 4080.3s | ETA: 3:33:33
2026-03-23 18:57:56 | INFO     | hdmr.benchmark |   │  [HDMR-200] Fold 6/8 | RMSE=3.4835 | best_val=0.5532 | evals=201 | 4257.1s | ETA: 2:17:18
2026-03-23 20:03:59 | INFO     | hdmr.benchmark |   │  [HDMR-200] Fold 7/8 | RMSE=3.4244 | best_val=0.5422 | evals=201 | 3962.8s | ETA: 1:08:20
2026-03-23 21:09:32 | INFO     | hdmr.benchmark |   │  [HDMR-200] Fold 8/8 | RMSE=3.3332 | best_val=0.5601 | evals=201 | 3933.4s | ETA: done
2026-03-23 21:09:32 | INFO     | hdmr.benchmark |   └─ [HDMR-200] physiochemical_protein | RMSE=3.3966±0.0601 | eff_dim=2/10 | 564.2 min
2026-03-23 21:09:32 | DEBUG    | hdmr.benchmark | Results saved → /mnt/disk1/erdemy/app2scale/hdmr-opt/results/tabarena/hdmr_all18_20260323_114520.csv  (8 rows)
2026-03-23 21:09:32 | INFO     | hdmr.benchmark | 
2026-03-23 21:09:32 | INFO     | hdmr.benchmark |   ┌─ physiochemical_protein  [A-HDMR-200]
2026-03-23 21:09:32 | INFO     | hdmr.benchmark |   │  task=regression  samples=100  maxiter=2  → 200 evals/fold
2026-03-23 23:30:47 | INFO     | hdmr.benchmark |   │  [A-HDMR-200] Fold 1/8 | RMSE=3.3212 | best_val=0.5567 | evals=402 | 8474.6s | ETA: 16:28:42
2026-03-24 01:19:08 | INFO     | hdmr.benchmark |   │  [A-HDMR-200] Fold 2/8 | RMSE=3.4339 | best_val=0.5666 | evals=402 | 6500.9s | ETA: 12:28:46
2026-03-24 03:04:13 | INFO     | hdmr.benchmark |   │  [A-HDMR-200] Fold 3/8 | RMSE=3.2618 | best_val=0.5572 | evals=402 | 6305.6s | ETA: 9:51:08
2026-03-24 05:18:29 | INFO     | hdmr.benchmark |   │  [A-HDMR-200] Fold 4/8 | RMSE=3.3765 | best_val=0.5524 | evals=402 | 8055.5s | ETA: 7:43:36
2026-03-24 06:50:18 | INFO     | hdmr.benchmark |   │  [A-HDMR-200] Fold 5/8 | RMSE=3.4278 | best_val=0.5555 | evals=302 | 5509.3s | ETA: 5:31:10
2026-03-24 08:52:03 | INFO     | hdmr.benchmark |   │  [A-HDMR-200] Fold 6/8 | RMSE=3.4487 | best_val=0.5513 | evals=302 | 7304.5s | ETA: 3:51:52
2026-03-24 10:11:04 | INFO     | hdmr.benchmark |   │  [A-HDMR-200] Fold 7/8 | RMSE=3.4062 | best_val=0.5469 | evals=302 | 4741.4s | ETA: 1:37:31
2026-03-24 12:01:44 | INFO     | hdmr.benchmark |   │  [A-HDMR-200] Fold 8/8 | RMSE=3.2829 | best_val=0.5589 | evals=402 | 6640.0s | ETA: done
2026-03-24 12:01:44 | INFO     | hdmr.benchmark |   └─ [A-HDMR-200] physiochemical_protein | RMSE=3.3699±0.0677 | eff_dim=2/10 | 892.2 min
2026-03-24 12:01:44 | DEBUG    | hdmr.benchmark | Results saved → /mnt/disk1/erdemy/app2scale/hdmr-opt/results/tabarena/hdmr_all18_20260323_114520.csv  (16 rows)
2026-03-24 12:01:44 | INFO     | hdmr.benchmark | 
2026-03-24 12:01:44 | INFO     | hdmr.benchmark |   ┌─ physiochemical_protein  [A-HDMR-600]
2026-03-24 12:01:44 | INFO     | hdmr.benchmark |   │  task=regression  samples=200  maxiter=3  → 600 evals/fold
2026-03-24 18:24:38 | INFO     | hdmr.benchmark |   │  [A-HDMR-600] Fold 1/8 | RMSE=3.3273 | best_val=0.5553 | evals=1003 | 22974.3s | ETA: 1 day, 20:40:20
2026-03-24 21:42:13 | INFO     | hdmr.benchmark |   │  [A-HDMR-600] Fold 2/8 | RMSE=3.4061 | best_val=0.5653 | evals=602 | 11854.3s | ETA: 1 day, 5:01:25
2026-03-25 02:19:14 | INFO     | hdmr.benchmark |   │  [A-HDMR-600] Fold 3/8 | RMSE=3.2747 | best_val=0.5592 | evals=602 | 16621.8s | ETA: 23:49:10
2026-03-25 06:27:47 | INFO     | hdmr.benchmark |   │  [A-HDMR-600] Fold 4/8 | RMSE=3.3517 | best_val=0.5496 | evals=602 | 14912.6s | ETA: 16:04:11
2026-03-25 09:47:41 | INFO     | hdmr.benchmark |   │  [A-HDMR-600] Fold 5/8 | RMSE=3.4354 | best_val=0.5532 | evals=602 | 11993.8s | ETA: 12:05:28
2026-03-25 15:07:32 | INFO     | hdmr.benchmark |   │  [A-HDMR-600] Fold 6/8 | RMSE=3.4453 | best_val=0.5536 | evals=1003 | 19190.9s | ETA: 8:32:11
2026-03-25 19:24:40 | INFO     | hdmr.benchmark |   │  [A-HDMR-600] Fold 7/8 | RMSE=3.3654 | best_val=0.5410 | evals=602 | 15428.4s | ETA: 4:18:57
2026-03-25 23:19:23 | INFO     | hdmr.benchmark |   │  [A-HDMR-600] Fold 8/8 | RMSE=3.2735 | best_val=0.5601 | evals=602 | 14082.7s | ETA: done
2026-03-25 23:19:23 | INFO     | hdmr.benchmark |   └─ [A-HDMR-600] physiochemical_protein | RMSE=3.3599±0.0623 | eff_dim=1/10 | 2117.6 min
2026-03-25 23:19:23 | DEBUG    | hdmr.benchmark | Results saved → /mnt/disk1/erdemy/app2scale/hdmr-opt/results/tabarena/hdmr_all18_20260323_114520.csv  (24 rows)
2026-03-25 23:19:23 | INFO     | hdmr.benchmark | 
2026-03-25 23:19:23 | INFO     | hdmr.benchmark | ▓▓▓▓▓▓▓▓▓▓▓▓▓▓▓▓▓▓▓▓▓▓▓▓▓▓▓▓▓▓▓▓▓▓▓▓▓▓▓▓▓▓▓▓▓▓▓▓▓▓▓▓▓▓▓▓▓▓▓▓▓▓▓▓▓▓▓▓▓▓
2026-03-25 23:19:23 | INFO     | hdmr.benchmark |   DATASET: qsar-biodeg  (DID=46952)
2026-03-25 23:19:23 | INFO     | hdmr.benchmark | ▓▓▓▓▓▓▓▓▓▓▓▓▓▓▓▓▓▓▓▓▓▓▓▓▓▓▓▓▓▓▓▓▓▓▓▓▓▓▓▓▓▓▓▓▓▓▓▓▓▓▓▓▓▓▓▓▓▓▓▓▓▓▓▓▓▓▓▓▓▓
2026-03-25 23:19:23 | INFO     | hdmr.benchmark | Loading: qsar-biodeg  (DID=46952, task=classification) ...
2026-03-25 23:19:23 | INFO     | openml.datasets.dataset | pickle write qsar-biodeg
2026-03-25 23:19:23 | DEBUG    | openml.datasets.dataset | Saved dataset 46952: qsar-biodeg to file /home/erdemy/.cache/openml/org/openml/www/datasets/46952/dataset_46952.pkl.py3
2026-03-25 23:19:23 | INFO     | hdmr.benchmark |   qsar-biodeg | 1054 x 41 | classes=2  ['No', 'Yes']
2026-03-25 23:19:23 | INFO     | hdmr.benchmark | 
2026-03-25 23:19:23 | INFO     | hdmr.benchmark |   ┌─ qsar-biodeg  [HDMR-200]
2026-03-25 23:19:23 | INFO     | hdmr.benchmark |   │  task=classification  samples=200  maxiter=1  → 200 evals/fold
2026-03-25 23:23:48 | INFO     | hdmr.benchmark |   │  [HDMR-200] Fold 1/8 | AUC=0.9573 | best_val=0.2155 | evals=201 | 264.9s | ETA: 0:30:54
2026-03-25 23:26:08 | INFO     | hdmr.benchmark |   │  [HDMR-200] Fold 2/8 | AUC=0.9308 | best_val=0.3386 | evals=201 | 140.3s | ETA: 0:20:15
2026-03-25 23:31:03 | INFO     | hdmr.benchmark |   │  [HDMR-200] Fold 3/8 | AUC=0.9234 | best_val=0.2390 | evals=201 | 294.8s | ETA: 0:19:26
2026-03-25 23:33:56 | INFO     | hdmr.benchmark |   │  [HDMR-200] Fold 4/8 | AUC=0.9132 | best_val=0.2876 | evals=201 | 173.2s | ETA: 0:13:31
2026-03-25 23:38:14 | INFO     | hdmr.benchmark |   │  [HDMR-200] Fold 5/8 | AUC=0.9279 | best_val=0.2302 | evals=201 | 258.4s | ETA: 0:12:06
2026-03-25 23:42:19 | INFO     | hdmr.benchmark |   │  [HDMR-200] Fold 6/8 | AUC=0.9334 | best_val=0.2663 | evals=201 | 244.6s | ETA: 0:07:30
2026-03-25 23:46:20 | INFO     | hdmr.benchmark |   │  [HDMR-200] Fold 7/8 | AUC=0.9545 | best_val=0.2849 | evals=201 | 240.8s | ETA: 0:04:07
2026-03-25 23:49:35 | INFO     | hdmr.benchmark |   │  [HDMR-200] Fold 8/8 | AUC=0.9133 | best_val=0.3132 | evals=201 | 195.4s | ETA: done
2026-03-25 23:49:35 | INFO     | hdmr.benchmark |   └─ [HDMR-200] qsar-biodeg | AUC=0.9317±0.0156 | eff_dim=5/10 | 30.2 min
2026-03-25 23:49:35 | DEBUG    | hdmr.benchmark | Results saved → /mnt/disk1/erdemy/app2scale/hdmr-opt/results/tabarena/hdmr_all18_20260323_114520.csv  (32 rows)
2026-03-25 23:49:35 | INFO     | hdmr.benchmark | 
2026-03-25 23:49:35 | INFO     | hdmr.benchmark |   ┌─ qsar-biodeg  [A-HDMR-200]
2026-03-25 23:49:35 | INFO     | hdmr.benchmark |   │  task=classification  samples=100  maxiter=2  → 200 evals/fold
2026-03-25 23:55:21 | INFO     | hdmr.benchmark |   │  [A-HDMR-200] Fold 1/8 | AUC=0.9573 | best_val=0.2222 | evals=402 | 346.2s | ETA: 0:40:23
2026-03-25 23:58:14 | INFO     | hdmr.benchmark |   │  [A-HDMR-200] Fold 2/8 | AUC=0.9315 | best_val=0.3330 | evals=402 | 172.9s | ETA: 0:25:57
2026-03-26 00:03:53 | INFO     | hdmr.benchmark |   │  [A-HDMR-200] Fold 3/8 | AUC=0.9275 | best_val=0.2311 | evals=302 | 338.5s | ETA: 0:23:49
2026-03-26 00:07:36 | INFO     | hdmr.benchmark |   │  [A-HDMR-200] Fold 4/8 | AUC=0.9217 | best_val=0.2816 | evals=302 | 223.3s | ETA: 0:16:19
2026-03-26 00:27:27 | INFO     | hdmr.benchmark |   │  [A-HDMR-200] Fold 5/8 | AUC=0.9310 | best_val=0.2290 | evals=302 | 1191.2s | ETA: 0:29:12
2026-03-26 00:32:38 | INFO     | hdmr.benchmark |   │  [A-HDMR-200] Fold 6/8 | AUC=0.9243 | best_val=0.2619 | evals=302 | 311.2s | ETA: 0:19:10
2026-03-26 00:38:07 | INFO     | hdmr.benchmark |   │  [A-HDMR-200] Fold 7/8 | AUC=0.9543 | best_val=0.2833 | evals=402 | 329.1s | ETA: 0:10:10
2026-03-26 00:42:29 | INFO     | hdmr.benchmark |   │  [A-HDMR-200] Fold 8/8 | AUC=0.9227 | best_val=0.3167 | evals=402 | 261.6s | ETA: done
2026-03-26 00:42:29 | INFO     | hdmr.benchmark |   └─ [A-HDMR-200] qsar-biodeg | AUC=0.9338±0.0132 | eff_dim=3/10 | 52.9 min
2026-03-26 00:42:29 | DEBUG    | hdmr.benchmark | Results saved → /mnt/disk1/erdemy/app2scale/hdmr-opt/results/tabarena/hdmr_all18_20260323_114520.csv  (40 rows)
2026-03-26 00:42:29 | INFO     | hdmr.benchmark | 
2026-03-26 00:42:29 | INFO     | hdmr.benchmark |   ┌─ qsar-biodeg  [A-HDMR-600]
2026-03-26 00:42:29 | INFO     | hdmr.benchmark |   │  task=classification  samples=200  maxiter=3  → 600 evals/fold
2026-03-26 00:53:53 | INFO     | hdmr.benchmark |   │  [A-HDMR-600] Fold 1/8 | AUC=0.9510 | best_val=0.2213 | evals=602 | 683.9s | ETA: 1:19:47
2026-03-26 01:21:43 | INFO     | hdmr.benchmark |   │  [A-HDMR-600] Fold 2/8 | AUC=0.9331 | best_val=0.3451 | evals=1003 | 1669.6s | ETA: 1:57:40
2026-03-26 01:43:05 | INFO     | hdmr.benchmark |   │  [A-HDMR-600] Fold 3/8 | AUC=0.9252 | best_val=0.2296 | evals=1203 | 1282.0s | ETA: 1:40:59
2026-03-26 01:55:01 | INFO     | hdmr.benchmark |   │  [A-HDMR-600] Fold 4/8 | AUC=0.9194 | best_val=0.2843 | evals=1003 | 716.4s | ETA: 1:21:30
2026-03-26 02:10:02 | INFO     | hdmr.benchmark |   │  [A-HDMR-600] Fold 5/8 | AUC=0.9349 | best_val=0.2158 | evals=1003 | 901.3s | ETA: 0:48:19
2026-03-26 02:19:52 | INFO     | hdmr.benchmark |   │  [A-HDMR-600] Fold 6/8 | AUC=0.9290 | best_val=0.2582 | evals=602 | 589.3s | ETA: 0:24:31
2026-03-26 02:33:57 | INFO     | hdmr.benchmark |   │  [A-HDMR-600] Fold 7/8 | AUC=0.9540 | best_val=0.2796 | evals=1203 | 845.6s | ETA: 0:12:58
2026-03-26 02:44:23 | INFO     | hdmr.benchmark |   │  [A-HDMR-600] Fold 8/8 | AUC=0.9263 | best_val=0.3074 | evals=1203 | 625.6s | ETA: done
2026-03-26 02:44:23 | INFO     | hdmr.benchmark |   └─ [A-HDMR-600] qsar-biodeg | AUC=0.9341±0.0115 | eff_dim=3/10 | 121.9 min
2026-03-26 02:44:23 | DEBUG    | hdmr.benchmark | Results saved → /mnt/disk1/erdemy/app2scale/hdmr-opt/results/tabarena/hdmr_all18_20260323_114520.csv  (48 rows)
2026-03-26 02:44:23 | INFO     | hdmr.benchmark | 
2026-03-26 02:44:23 | INFO     | hdmr.benchmark | ▓▓▓▓▓▓▓▓▓▓▓▓▓▓▓▓▓▓▓▓▓▓▓▓▓▓▓▓▓▓▓▓▓▓▓▓▓▓▓▓▓▓▓▓▓▓▓▓▓▓▓▓▓▓▓▓▓▓▓▓▓▓▓▓▓▓▓▓▓▓
2026-03-26 02:44:23 | INFO     | hdmr.benchmark |   DATASET: Fitness_Club  (DID=46927)
2026-03-26 02:44:23 | INFO     | hdmr.benchmark | ▓▓▓▓▓▓▓▓▓▓▓▓▓▓▓▓▓▓▓▓▓▓▓▓▓▓▓▓▓▓▓▓▓▓▓▓▓▓▓▓▓▓▓▓▓▓▓▓▓▓▓▓▓▓▓▓▓▓▓▓▓▓▓▓▓▓▓▓▓▓
2026-03-26 02:44:23 | INFO     | hdmr.benchmark | Loading: Fitness_Club  (DID=46927, task=classification) ...
2026-03-26 02:44:23 | INFO     | openml.datasets.dataset | pickle write Fitness_Club
2026-03-26 02:44:23 | DEBUG    | openml.datasets.dataset | Saved dataset 46927: Fitness_Club to file /home/erdemy/.cache/openml/org/openml/www/datasets/46927/dataset_46927.pkl.py3
2026-03-26 02:44:23 | INFO     | hdmr.benchmark |   Fitness_Club | 1500 x 6 | classes=2  ['No', 'Yes']
2026-03-26 02:44:23 | INFO     | hdmr.benchmark | 
2026-03-26 02:44:23 | INFO     | hdmr.benchmark |   ┌─ Fitness_Club  [HDMR-200]
2026-03-26 02:44:23 | INFO     | hdmr.benchmark |   │  task=classification  samples=200  maxiter=1  → 200 evals/fold
2026-03-26 02:45:05 | INFO     | hdmr.benchmark |   │  [HDMR-200] Fold 1/8 | AUC=0.8543 | best_val=0.4906 | evals=201 | 42.6s | ETA: 0:04:58
2026-03-26 02:45:47 | INFO     | hdmr.benchmark |   │  [HDMR-200] Fold 2/8 | AUC=0.7931 | best_val=0.4509 | evals=201 | 41.9s | ETA: 0:04:13
2026-03-26 02:46:11 | INFO     | hdmr.benchmark |   │  [HDMR-200] Fold 3/8 | AUC=0.7241 | best_val=0.4764 | evals=201 | 23.7s | ETA: 0:03:00
2026-03-26 02:46:58 | INFO     | hdmr.benchmark |   │  [HDMR-200] Fold 4/8 | AUC=0.8725 | best_val=0.4745 | evals=201 | 47.0s | ETA: 0:02:30
2026-03-26 02:47:37 | INFO     | hdmr.benchmark |   │  [HDMR-200] Fold 5/8 | AUC=0.7831 | best_val=0.4703 | evals=201 | 38.7s | ETA: 0:01:49
2026-03-26 02:48:22 | INFO     | hdmr.benchmark |   │  [HDMR-200] Fold 6/8 | AUC=0.8374 | best_val=0.5045 | evals=201 | 45.6s | ETA: 0:01:27
2026-03-26 02:49:17 | INFO     | hdmr.benchmark |   │  [HDMR-200] Fold 7/8 | AUC=0.8074 | best_val=0.4661 | evals=201 | 54.5s | ETA: 0:00:46
2026-03-26 02:50:15 | INFO     | hdmr.benchmark |   │  [HDMR-200] Fold 8/8 | AUC=0.7901 | best_val=0.4332 | evals=201 | 58.7s | ETA: done
2026-03-26 02:50:15 | INFO     | hdmr.benchmark |   └─ [HDMR-200] Fitness_Club | AUC=0.8077±0.0438 | eff_dim=5/10 | 5.9 min
2026-03-26 02:50:15 | DEBUG    | hdmr.benchmark | Results saved → /mnt/disk1/erdemy/app2scale/hdmr-opt/results/tabarena/hdmr_all18_20260323_114520.csv  (56 rows)
2026-03-26 02:50:15 | INFO     | hdmr.benchmark | 
2026-03-26 02:50:15 | INFO     | hdmr.benchmark |   ┌─ Fitness_Club  [A-HDMR-200]
2026-03-26 02:50:15 | INFO     | hdmr.benchmark |   │  task=classification  samples=100  maxiter=2  → 200 evals/fold
2026-03-26 02:51:16 | INFO     | hdmr.benchmark |   │  [A-HDMR-200] Fold 1/8 | AUC=0.8524 | best_val=0.4927 | evals=302 | 60.5s | ETA: 0:07:03
2026-03-26 02:52:50 | INFO     | hdmr.benchmark |   │  [A-HDMR-200] Fold 2/8 | AUC=0.8032 | best_val=0.4515 | evals=302 | 94.1s | ETA: 0:07:43
2026-03-26 02:54:03 | INFO     | hdmr.benchmark |   │  [A-HDMR-200] Fold 3/8 | AUC=0.7239 | best_val=0.4759 | evals=302 | 73.2s | ETA: 0:06:19
2026-03-26 02:55:53 | INFO     | hdmr.benchmark |   │  [A-HDMR-200] Fold 4/8 | AUC=0.8740 | best_val=0.4753 | evals=302 | 109.6s | ETA: 0:06:09
2026-03-26 02:57:09 | INFO     | hdmr.benchmark |   │  [A-HDMR-200] Fold 5/8 | AUC=0.7719 | best_val=0.4711 | evals=302 | 76.5s | ETA: 0:04:19
2026-03-26 02:59:14 | INFO     | hdmr.benchmark |   │  [A-HDMR-200] Fold 6/8 | AUC=0.8235 | best_val=0.5033 | evals=302 | 124.5s | ETA: 0:03:27
2026-03-26 03:00:46 | INFO     | hdmr.benchmark |   │  [A-HDMR-200] Fold 7/8 | AUC=0.8040 | best_val=0.4682 | evals=302 | 92.4s | ETA: 0:01:37
2026-03-26 03:02:41 | INFO     | hdmr.benchmark |   │  [A-HDMR-200] Fold 8/8 | AUC=0.8115 | best_val=0.4340 | evals=302 | 115.3s | ETA: done
2026-03-26 03:02:41 | INFO     | hdmr.benchmark |   └─ [A-HDMR-200] Fitness_Club | AUC=0.8080±0.0433 | eff_dim=3/10 | 12.4 min
2026-03-26 03:02:41 | DEBUG    | hdmr.benchmark | Results saved → /mnt/disk1/erdemy/app2scale/hdmr-opt/results/tabarena/hdmr_all18_20260323_114520.csv  (64 rows)
2026-03-26 03:02:41 | INFO     | hdmr.benchmark | 
2026-03-26 03:02:41 | INFO     | hdmr.benchmark |   ┌─ Fitness_Club  [A-HDMR-600]
2026-03-26 03:02:41 | INFO     | hdmr.benchmark |   │  task=classification  samples=200  maxiter=3  → 600 evals/fold
2026-03-26 03:04:52 | INFO     | hdmr.benchmark |   │  [A-HDMR-600] Fold 1/8 | AUC=0.8570 | best_val=0.4925 | evals=1003 | 130.7s | ETA: 0:15:15
2026-03-26 03:09:44 | INFO     | hdmr.benchmark |   │  [A-HDMR-600] Fold 2/8 | AUC=0.8009 | best_val=0.4534 | evals=602 | 291.7s | ETA: 0:21:07
2026-03-26 03:11:21 | INFO     | hdmr.benchmark |   │  [A-HDMR-600] Fold 3/8 | AUC=0.7256 | best_val=0.4753 | evals=602 | 97.1s | ETA: 0:14:25
2026-03-26 03:13:03 | INFO     | hdmr.benchmark |   │  [A-HDMR-600] Fold 4/8 | AUC=0.8740 | best_val=0.4710 | evals=602 | 102.4s | ETA: 0:10:54
2026-03-26 03:14:47 | INFO     | hdmr.benchmark |   │  [A-HDMR-600] Fold 5/8 | AUC=0.7769 | best_val=0.4685 | evals=602 | 104.0s | ETA: 0:05:03
2026-03-26 03:17:10 | INFO     | hdmr.benchmark |   │  [A-HDMR-600] Fold 6/8 | AUC=0.8274 | best_val=0.4984 | evals=602 | 142.2s | ETA: 0:03:52
2026-03-26 03:20:19 | INFO     | hdmr.benchmark |   │  [A-HDMR-600] Fold 7/8 | AUC=0.8079 | best_val=0.4690 | evals=602 | 189.5s | ETA: 0:02:25
2026-03-26 03:23:16 | INFO     | hdmr.benchmark |   │  [A-HDMR-600] Fold 8/8 | AUC=0.7989 | best_val=0.4328 | evals=602 | 176.6s | ETA: done
2026-03-26 03:23:16 | INFO     | hdmr.benchmark |   └─ [A-HDMR-600] Fitness_Club | AUC=0.8086±0.0433 | eff_dim=3/10 | 20.6 min
2026-03-26 03:23:16 | DEBUG    | hdmr.benchmark | Results saved → /mnt/disk1/erdemy/app2scale/hdmr-opt/results/tabarena/hdmr_all18_20260323_114520.csv  (72 rows)
2026-03-26 03:23:16 | INFO     | hdmr.benchmark | 
2026-03-26 03:23:16 | INFO     | hdmr.benchmark | ▓▓▓▓▓▓▓▓▓▓▓▓▓▓▓▓▓▓▓▓▓▓▓▓▓▓▓▓▓▓▓▓▓▓▓▓▓▓▓▓▓▓▓▓▓▓▓▓▓▓▓▓▓▓▓▓▓▓▓▓▓▓▓▓▓▓▓▓▓▓
2026-03-26 03:23:16 | INFO     | hdmr.benchmark |   DATASET: Is-this-a-good-customer  (DID=46938)
2026-03-26 03:23:16 | INFO     | hdmr.benchmark | ▓▓▓▓▓▓▓▓▓▓▓▓▓▓▓▓▓▓▓▓▓▓▓▓▓▓▓▓▓▓▓▓▓▓▓▓▓▓▓▓▓▓▓▓▓▓▓▓▓▓▓▓▓▓▓▓▓▓▓▓▓▓▓▓▓▓▓▓▓▓
2026-03-26 03:23:16 | INFO     | hdmr.benchmark | Loading: Is-this-a-good-customer  (DID=46938, task=classification) ...
2026-03-26 03:23:16 | INFO     | openml.datasets.dataset | pickle write Is-this-a-good-customer
2026-03-26 03:23:16 | DEBUG    | openml.datasets.dataset | Saved dataset 46938: Is-this-a-good-customer to file /home/erdemy/.cache/openml/org/openml/www/datasets/46938/dataset_46938.pkl.py3
2026-03-26 03:23:16 | INFO     | hdmr.benchmark |   Is-this-a-good-customer | 1723 x 13 | classes=2  ['No', 'Yes']
2026-03-26 03:23:16 | INFO     | hdmr.benchmark | 
2026-03-26 03:23:16 | INFO     | hdmr.benchmark |   ┌─ Is-this-a-good-customer  [HDMR-200]
2026-03-26 03:23:16 | INFO     | hdmr.benchmark |   │  task=classification  samples=200  maxiter=1  → 200 evals/fold
2026-03-26 03:24:14 | INFO     | hdmr.benchmark |   │  [HDMR-200] Fold 1/8 | AUC=0.7177 | best_val=0.3164 | evals=201 | 58.3s | ETA: 0:06:47
2026-03-26 03:25:26 | INFO     | hdmr.benchmark |   │  [HDMR-200] Fold 2/8 | AUC=0.7876 | best_val=0.3147 | evals=201 | 71.6s | ETA: 0:06:29
2026-03-26 03:26:12 | INFO     | hdmr.benchmark |   │  [HDMR-200] Fold 3/8 | AUC=0.7472 | best_val=0.2996 | evals=201 | 45.8s | ETA: 0:04:52
2026-03-26 03:26:59 | INFO     | hdmr.benchmark |   │  [HDMR-200] Fold 4/8 | AUC=0.8615 | best_val=0.3509 | evals=201 | 47.6s | ETA: 0:03:40
2026-03-26 03:27:39 | INFO     | hdmr.benchmark |   │  [HDMR-200] Fold 5/8 | AUC=0.7024 | best_val=0.3134 | evals=201 | 39.6s | ETA: 0:02:13
2026-03-26 03:28:41 | INFO     | hdmr.benchmark |   │  [HDMR-200] Fold 6/8 | AUC=0.8052 | best_val=0.3044 | evals=201 | 62.6s | ETA: 0:01:39
2026-03-26 03:29:48 | INFO     | hdmr.benchmark |   │  [HDMR-200] Fold 7/8 | AUC=0.7118 | best_val=0.2585 | evals=201 | 66.4s | ETA: 0:00:56
2026-03-26 03:30:31 | INFO     | hdmr.benchmark |   │  [HDMR-200] Fold 8/8 | AUC=0.7120 | best_val=0.3332 | evals=201 | 43.6s | ETA: done
2026-03-26 03:30:31 | INFO     | hdmr.benchmark |   └─ [HDMR-200] Is-this-a-good-customer | AUC=0.7557±0.0534 | eff_dim=6/10 | 7.3 min
2026-03-26 03:30:31 | DEBUG    | hdmr.benchmark | Results saved → /mnt/disk1/erdemy/app2scale/hdmr-opt/results/tabarena/hdmr_all18_20260323_114520.csv  (80 rows)
2026-03-26 03:30:31 | INFO     | hdmr.benchmark | 
2026-03-26 03:30:31 | INFO     | hdmr.benchmark |   ┌─ Is-this-a-good-customer  [A-HDMR-200]
2026-03-26 03:30:31 | INFO     | hdmr.benchmark |   │  task=classification  samples=100  maxiter=2  → 200 evals/fold
2026-03-26 03:31:44 | INFO     | hdmr.benchmark |   │  [A-HDMR-200] Fold 1/8 | AUC=0.7185 | best_val=0.3157 | evals=302 | 72.5s | ETA: 0:08:27
2026-03-26 03:34:26 | INFO     | hdmr.benchmark |   │  [A-HDMR-200] Fold 2/8 | AUC=0.7933 | best_val=0.3171 | evals=302 | 161.8s | ETA: 0:11:43
2026-03-26 03:36:08 | INFO     | hdmr.benchmark |   │  [A-HDMR-200] Fold 3/8 | AUC=0.7462 | best_val=0.2998 | evals=302 | 102.1s | ETA: 0:09:20
2026-03-26 03:37:01 | INFO     | hdmr.benchmark |   │  [A-HDMR-200] Fold 4/8 | AUC=0.8713 | best_val=0.3504 | evals=302 | 53.2s | ETA: 0:07:02
2026-03-26 03:37:57 | INFO     | hdmr.benchmark |   │  [A-HDMR-200] Fold 5/8 | AUC=0.6889 | best_val=0.3141 | evals=402 | 55.8s | ETA: 0:03:31
2026-03-26 03:39:20 | INFO     | hdmr.benchmark |   │  [A-HDMR-200] Fold 6/8 | AUC=0.7962 | best_val=0.3053 | evals=302 | 83.1s | ETA: 0:02:08
2026-03-26 03:40:57 | INFO     | hdmr.benchmark |   │  [A-HDMR-200] Fold 7/8 | AUC=0.7092 | best_val=0.2573 | evals=402 | 97.2s | ETA: 0:01:18
2026-03-26 03:42:11 | INFO     | hdmr.benchmark |   │  [A-HDMR-200] Fold 8/8 | AUC=0.7204 | best_val=0.3315 | evals=302 | 74.2s | ETA: done
2026-03-26 03:42:11 | INFO     | hdmr.benchmark |   └─ [A-HDMR-200] Is-this-a-good-customer | AUC=0.7555±0.0567 | eff_dim=3/10 | 11.7 min
2026-03-26 03:42:11 | DEBUG    | hdmr.benchmark | Results saved → /mnt/disk1/erdemy/app2scale/hdmr-opt/results/tabarena/hdmr_all18_20260323_114520.csv  (88 rows)
2026-03-26 03:42:11 | INFO     | hdmr.benchmark | 
2026-03-26 03:42:11 | INFO     | hdmr.benchmark |   ┌─ Is-this-a-good-customer  [A-HDMR-600]
2026-03-26 03:42:11 | INFO     | hdmr.benchmark |   │  task=classification  samples=200  maxiter=3  → 600 evals/fold
2026-03-26 03:46:37 | INFO     | hdmr.benchmark |   │  [A-HDMR-600] Fold 1/8 | AUC=0.7280 | best_val=0.3175 | evals=602 | 265.7s | ETA: 0:31:00
2026-03-26 03:49:54 | INFO     | hdmr.benchmark |   │  [A-HDMR-600] Fold 2/8 | AUC=0.7839 | best_val=0.3134 | evals=602 | 196.7s | ETA: 0:23:07
2026-03-26 03:52:13 | INFO     | hdmr.benchmark |   │  [A-HDMR-600] Fold 3/8 | AUC=0.7499 | best_val=0.3002 | evals=602 | 138.9s | ETA: 0:16:42
2026-03-26 03:55:40 | INFO     | hdmr.benchmark |   │  [A-HDMR-600] Fold 4/8 | AUC=0.8643 | best_val=0.3505 | evals=602 | 207.4s | ETA: 0:12:03
2026-03-26 03:57:21 | INFO     | hdmr.benchmark |   │  [A-HDMR-600] Fold 5/8 | AUC=0.7079 | best_val=0.3133 | evals=602 | 101.2s | ETA: 0:07:27
2026-03-26 03:59:50 | INFO     | hdmr.benchmark |   │  [A-HDMR-600] Fold 6/8 | AUC=0.8102 | best_val=0.3028 | evals=602 | 148.9s | ETA: 0:05:04
2026-03-26 04:02:31 | INFO     | hdmr.benchmark |   │  [A-HDMR-600] Fold 7/8 | AUC=0.7292 | best_val=0.2557 | evals=602 | 160.5s | ETA: 0:02:16
2026-03-26 04:04:12 | INFO     | hdmr.benchmark |   │  [A-HDMR-600] Fold 8/8 | AUC=0.7192 | best_val=0.3290 | evals=602 | 101.0s | ETA: done
2026-03-26 04:04:12 | INFO     | hdmr.benchmark |   └─ [A-HDMR-600] Is-this-a-good-customer | AUC=0.7616±0.0505 | eff_dim=4/10 | 22.0 min
2026-03-26 04:04:12 | DEBUG    | hdmr.benchmark | Results saved → /mnt/disk1/erdemy/app2scale/hdmr-opt/results/tabarena/hdmr_all18_20260323_114520.csv  (96 rows)
2026-03-26 04:04:12 | INFO     | hdmr.benchmark | 
2026-03-26 04:04:12 | INFO     | hdmr.benchmark | ▓▓▓▓▓▓▓▓▓▓▓▓▓▓▓▓▓▓▓▓▓▓▓▓▓▓▓▓▓▓▓▓▓▓▓▓▓▓▓▓▓▓▓▓▓▓▓▓▓▓▓▓▓▓▓▓▓▓▓▓▓▓▓▓▓▓▓▓▓▓
2026-03-26 04:04:12 | INFO     | hdmr.benchmark |   DATASET: Marketing_Campaign  (DID=46940)
2026-03-26 04:04:12 | INFO     | hdmr.benchmark | ▓▓▓▓▓▓▓▓▓▓▓▓▓▓▓▓▓▓▓▓▓▓▓▓▓▓▓▓▓▓▓▓▓▓▓▓▓▓▓▓▓▓▓▓▓▓▓▓▓▓▓▓▓▓▓▓▓▓▓▓▓▓▓▓▓▓▓▓▓▓
2026-03-26 04:04:12 | INFO     | hdmr.benchmark | Loading: Marketing_Campaign  (DID=46940, task=classification) ...
2026-03-26 04:04:12 | INFO     | openml.datasets.dataset | pickle write Marketing_Campaign
2026-03-26 04:04:12 | DEBUG    | openml.datasets.dataset | Saved dataset 46940: Marketing_Campaign to file /home/erdemy/.cache/openml/org/openml/www/datasets/46940/dataset_46940.pkl.py3
2026-03-26 04:04:12 | INFO     | hdmr.benchmark |   Marketing_Campaign | 2240 x 25 | classes=2  ['No', 'Yes']
2026-03-26 04:04:12 | INFO     | hdmr.benchmark | 
2026-03-26 04:04:12 | INFO     | hdmr.benchmark |   ┌─ Marketing_Campaign  [HDMR-200]
2026-03-26 04:04:12 | INFO     | hdmr.benchmark |   │  task=classification  samples=200  maxiter=1  → 200 evals/fold
2026-03-26 04:07:47 | INFO     | hdmr.benchmark |   │  [HDMR-200] Fold 1/8 | AUC=0.8932 | best_val=0.2372 | evals=201 | 215.7s | ETA: 0:25:10
2026-03-26 04:11:30 | INFO     | hdmr.benchmark |   │  [HDMR-200] Fold 2/8 | AUC=0.9135 | best_val=0.2581 | evals=201 | 222.3s | ETA: 0:21:53
2026-03-26 04:15:21 | INFO     | hdmr.benchmark |   │  [HDMR-200] Fold 3/8 | AUC=0.8931 | best_val=0.2489 | evals=201 | 231.6s | ETA: 0:18:35
2026-03-26 04:19:22 | INFO     | hdmr.benchmark |   │  [HDMR-200] Fold 4/8 | AUC=0.8464 | best_val=0.2456 | evals=201 | 240.4s | ETA: 0:15:25
2026-03-26 04:23:30 | INFO     | hdmr.benchmark |   │  [HDMR-200] Fold 5/8 | AUC=0.9224 | best_val=0.2615 | evals=201 | 248.4s | ETA: 0:12:00
2026-03-26 04:26:58 | INFO     | hdmr.benchmark |   │  [HDMR-200] Fold 6/8 | AUC=0.8827 | best_val=0.2166 | evals=201 | 207.5s | ETA: 0:07:44
2026-03-26 04:30:33 | INFO     | hdmr.benchmark |   │  [HDMR-200] Fold 7/8 | AUC=0.8967 | best_val=0.2717 | evals=201 | 215.4s | ETA: 0:03:43
2026-03-26 04:33:35 | INFO     | hdmr.benchmark |   │  [HDMR-200] Fold 8/8 | AUC=0.9330 | best_val=0.2545 | evals=201 | 181.6s | ETA: done
2026-03-26 04:33:35 | INFO     | hdmr.benchmark |   └─ [HDMR-200] Marketing_Campaign | AUC=0.8976±0.0250 | eff_dim=6/10 | 29.4 min
2026-03-26 04:33:35 | DEBUG    | hdmr.benchmark | Results saved → /mnt/disk1/erdemy/app2scale/hdmr-opt/results/tabarena/hdmr_all18_20260323_114520.csv  (104 rows)
2026-03-26 04:33:35 | INFO     | hdmr.benchmark | 
2026-03-26 04:33:35 | INFO     | hdmr.benchmark |   ┌─ Marketing_Campaign  [A-HDMR-200]
2026-03-26 04:33:35 | INFO     | hdmr.benchmark |   │  task=classification  samples=100  maxiter=2  → 200 evals/fold
2026-03-26 04:37:25 | INFO     | hdmr.benchmark |   │  [A-HDMR-200] Fold 1/8 | AUC=0.8821 | best_val=0.2444 | evals=302 | 229.9s | ETA: 0:26:49
2026-03-26 04:47:21 | INFO     | hdmr.benchmark |   │  [A-HDMR-200] Fold 2/8 | AUC=0.9203 | best_val=0.2539 | evals=402 | 596.1s | ETA: 0:41:17
2026-03-26 04:53:04 | INFO     | hdmr.benchmark |   │  [A-HDMR-200] Fold 3/8 | AUC=0.8973 | best_val=0.2538 | evals=302 | 343.1s | ETA: 0:32:28
2026-03-26 04:58:00 | INFO     | hdmr.benchmark |   │  [A-HDMR-200] Fold 4/8 | AUC=0.8530 | best_val=0.2431 | evals=302 | 296.4s | ETA: 0:27:27
2026-03-26 05:03:23 | INFO     | hdmr.benchmark |   │  [A-HDMR-200] Fold 5/8 | AUC=0.9223 | best_val=0.2610 | evals=302 | 323.0s | ETA: 0:16:02
2026-03-26 05:13:13 | INFO     | hdmr.benchmark |   │  [A-HDMR-200] Fold 6/8 | AUC=0.8793 | best_val=0.2213 | evals=402 | 590.0s | ETA: 0:13:26
2026-03-26 05:19:15 | INFO     | hdmr.benchmark |   │  [A-HDMR-200] Fold 7/8 | AUC=0.8944 | best_val=0.2700 | evals=402 | 361.7s | ETA: 0:07:04
2026-03-26 05:23:20 | INFO     | hdmr.benchmark |   │  [A-HDMR-200] Fold 8/8 | AUC=0.9423 | best_val=0.2523 | evals=302 | 244.9s | ETA: done
2026-03-26 05:23:20 | INFO     | hdmr.benchmark |   └─ [A-HDMR-200] Marketing_Campaign | AUC=0.8989±0.0266 | eff_dim=5/10 | 49.8 min
2026-03-26 05:23:20 | DEBUG    | hdmr.benchmark | Results saved → /mnt/disk1/erdemy/app2scale/hdmr-opt/results/tabarena/hdmr_all18_20260323_114520.csv  (112 rows)
2026-03-26 05:23:20 | INFO     | hdmr.benchmark | 
2026-03-26 05:23:20 | INFO     | hdmr.benchmark |   ┌─ Marketing_Campaign  [A-HDMR-600]
2026-03-26 05:23:20 | INFO     | hdmr.benchmark |   │  task=classification  samples=200  maxiter=3  → 600 evals/fold
2026-03-26 05:34:32 | INFO     | hdmr.benchmark |   │  [A-HDMR-600] Fold 1/8 | AUC=0.8952 | best_val=0.2426 | evals=602 | 672.7s | ETA: 1:18:29
2026-03-26 05:43:12 | INFO     | hdmr.benchmark |   │  [A-HDMR-600] Fold 2/8 | AUC=0.9217 | best_val=0.2546 | evals=602 | 519.6s | ETA: 0:59:36
2026-03-26 05:51:06 | INFO     | hdmr.benchmark |   │  [A-HDMR-600] Fold 3/8 | AUC=0.8955 | best_val=0.2498 | evals=602 | 474.1s | ETA: 0:46:17
2026-03-26 05:59:59 | INFO     | hdmr.benchmark |   │  [A-HDMR-600] Fold 4/8 | AUC=0.8476 | best_val=0.2432 | evals=602 | 532.9s | ETA: 0:33:55
2026-03-26 06:15:33 | INFO     | hdmr.benchmark |   │  [A-HDMR-600] Fold 5/8 | AUC=0.9232 | best_val=0.2594 | evals=1003 | 934.0s | ETA: 0:32:21
2026-03-26 06:33:24 | INFO     | hdmr.benchmark |   │  [A-HDMR-600] Fold 6/8 | AUC=0.8887 | best_val=0.2175 | evals=1003 | 1070.4s | ETA: 0:28:11
2026-03-26 06:50:07 | INFO     | hdmr.benchmark |   │  [A-HDMR-600] Fold 7/8 | AUC=0.8923 | best_val=0.2732 | evals=602 | 1003.5s | ETA: 0:16:42
2026-03-26 06:59:34 | INFO     | hdmr.benchmark |   │  [A-HDMR-600] Fold 8/8 | AUC=0.9369 | best_val=0.2560 | evals=602 | 567.4s | ETA: done
2026-03-26 06:59:34 | INFO     | hdmr.benchmark |   └─ [A-HDMR-600] Marketing_Campaign | AUC=0.9001±0.0258 | eff_dim=5/10 | 96.2 min
2026-03-26 06:59:34 | DEBUG    | hdmr.benchmark | Results saved → /mnt/disk1/erdemy/app2scale/hdmr-opt/results/tabarena/hdmr_all18_20260323_114520.csv  (120 rows)
2026-03-26 06:59:34 | INFO     | hdmr.benchmark | 
2026-03-26 06:59:34 | INFO     | hdmr.benchmark | ▓▓▓▓▓▓▓▓▓▓▓▓▓▓▓▓▓▓▓▓▓▓▓▓▓▓▓▓▓▓▓▓▓▓▓▓▓▓▓▓▓▓▓▓▓▓▓▓▓▓▓▓▓▓▓▓▓▓▓▓▓▓▓▓▓▓▓▓▓▓
2026-03-26 06:59:34 | INFO     | hdmr.benchmark |   DATASET: hazelnut-contaminant-detection  (DID=46930)
2026-03-26 06:59:34 | INFO     | hdmr.benchmark | ▓▓▓▓▓▓▓▓▓▓▓▓▓▓▓▓▓▓▓▓▓▓▓▓▓▓▓▓▓▓▓▓▓▓▓▓▓▓▓▓▓▓▓▓▓▓▓▓▓▓▓▓▓▓▓▓▓▓▓▓▓▓▓▓▓▓▓▓▓▓
2026-03-26 06:59:34 | INFO     | hdmr.benchmark | Loading: hazelnut-contaminant-detection  (DID=46930, task=classification) ...
2026-03-26 06:59:34 | INFO     | openml.datasets.dataset | pickle write hazelnut-spread-contaminant-detection
2026-03-26 06:59:34 | DEBUG    | openml.datasets.dataset | Saved dataset 46930: hazelnut-spread-contaminant-detection to file /home/erdemy/.cache/openml/org/openml/www/datasets/46930/dataset_46930.pkl.py3
2026-03-26 06:59:34 | INFO     | hdmr.benchmark |   hazelnut-contaminant-detection | 2400 x 30 | classes=2  ['0', '1']
2026-03-26 06:59:34 | INFO     | hdmr.benchmark | 
2026-03-26 06:59:34 | INFO     | hdmr.benchmark |   ┌─ hazelnut-contaminant-detection  [HDMR-200]
2026-03-26 06:59:34 | INFO     | hdmr.benchmark |   │  task=classification  samples=200  maxiter=1  → 200 evals/fold
2026-03-26 07:15:12 | INFO     | hdmr.benchmark |   │  [HDMR-200] Fold 1/8 | AUC=0.9807 | best_val=0.1948 | evals=201 | 937.5s | ETA: 1:49:22
2026-03-26 07:29:04 | INFO     | hdmr.benchmark |   │  [HDMR-200] Fold 2/8 | AUC=0.9752 | best_val=0.1894 | evals=201 | 832.0s | ETA: 1:28:28
2026-03-26 07:40:19 | INFO     | hdmr.benchmark |   │  [HDMR-200] Fold 3/8 | AUC=0.9770 | best_val=0.2391 | evals=201 | 675.2s | ETA: 1:07:54
2026-03-26 07:55:10 | INFO     | hdmr.benchmark |   │  [HDMR-200] Fold 4/8 | AUC=0.9780 | best_val=0.2050 | evals=201 | 891.1s | ETA: 0:53:17
2026-03-26 08:07:10 | INFO     | hdmr.benchmark |   │  [HDMR-200] Fold 5/8 | AUC=0.9771 | best_val=0.2383 | evals=201 | 719.9s | ETA: 0:38:06
2026-03-26 08:25:05 | INFO     | hdmr.benchmark |   │  [HDMR-200] Fold 6/8 | AUC=0.9791 | best_val=0.1362 | evals=201 | 1074.6s | ETA: 0:29:50
2026-03-26 08:40:49 | INFO     | hdmr.benchmark |   │  [HDMR-200] Fold 7/8 | AUC=0.9784 | best_val=0.1794 | evals=201 | 944.7s | ETA: 0:15:13
2026-03-26 08:54:27 | INFO     | hdmr.benchmark |   │  [HDMR-200] Fold 8/8 | AUC=0.9668 | best_val=0.2322 | evals=201 | 817.2s | ETA: done
2026-03-26 08:54:27 | INFO     | hdmr.benchmark |   └─ [HDMR-200] hazelnut-contaminant-detection | AUC=0.9766±0.0040 | eff_dim=3/10 | 114.9 min
2026-03-26 08:54:27 | DEBUG    | hdmr.benchmark | Results saved → /mnt/disk1/erdemy/app2scale/hdmr-opt/results/tabarena/hdmr_all18_20260323_114520.csv  (128 rows)
2026-03-26 08:54:27 | INFO     | hdmr.benchmark | 
2026-03-26 08:54:27 | INFO     | hdmr.benchmark |   ┌─ hazelnut-contaminant-detection  [A-HDMR-200]
2026-03-26 08:54:27 | INFO     | hdmr.benchmark |   │  task=classification  samples=100  maxiter=2  → 200 evals/fold
2026-03-26 09:11:32 | INFO     | hdmr.benchmark |   │  [A-HDMR-200] Fold 1/8 | AUC=0.9801 | best_val=0.1935 | evals=302 | 1025.7s | ETA: 1:59:40
2026-03-26 09:27:20 | INFO     | hdmr.benchmark |   │  [A-HDMR-200] Fold 2/8 | AUC=0.9743 | best_val=0.1898 | evals=302 | 947.9s | ETA: 1:38:40
2026-03-26 09:44:27 | INFO     | hdmr.benchmark |   │  [A-HDMR-200] Fold 3/8 | AUC=0.9720 | best_val=0.2434 | evals=402 | 1026.5s | ETA: 1:23:20
2026-03-26 10:17:13 | INFO     | hdmr.benchmark |   │  [A-HDMR-200] Fold 4/8 | AUC=0.9766 | best_val=0.2093 | evals=302 | 1966.5s | ETA: 1:27:34
2026-03-26 10:30:17 | INFO     | hdmr.benchmark |   │  [A-HDMR-200] Fold 5/8 | AUC=0.9798 | best_val=0.2329 | evals=302 | 783.8s | ETA: 1:02:56
2026-03-26 10:50:18 | INFO     | hdmr.benchmark |   │  [A-HDMR-200] Fold 6/8 | AUC=0.9795 | best_val=0.1375 | evals=302 | 1201.5s | ETA: 0:43:54
2026-03-26 11:16:42 | INFO     | hdmr.benchmark |   │  [A-HDMR-200] Fold 7/8 | AUC=0.9807 | best_val=0.1776 | evals=402 | 1583.7s | ETA: 0:19:49
2026-03-26 11:31:32 | INFO     | hdmr.benchmark |   │  [A-HDMR-200] Fold 8/8 | AUC=0.9709 | best_val=0.2341 | evals=302 | 890.2s | ETA: done
2026-03-26 11:31:32 | INFO     | hdmr.benchmark |   └─ [A-HDMR-200] hazelnut-contaminant-detection | AUC=0.9767±0.0037 | eff_dim=2/10 | 157.1 min
2026-03-26 11:31:32 | DEBUG    | hdmr.benchmark | Results saved → /mnt/disk1/erdemy/app2scale/hdmr-opt/results/tabarena/hdmr_all18_20260323_114520.csv  (136 rows)
2026-03-26 11:31:32 | INFO     | hdmr.benchmark | 
2026-03-26 11:31:32 | INFO     | hdmr.benchmark |   ┌─ hazelnut-contaminant-detection  [A-HDMR-600]
2026-03-26 11:31:32 | INFO     | hdmr.benchmark |   │  task=classification  samples=200  maxiter=3  → 600 evals/fold
2026-03-26 13:35:53 | INFO     | hdmr.benchmark |   │  [A-HDMR-600] Fold 1/8 | AUC=0.9857 | best_val=0.1927 | evals=1003 | 7460.6s | ETA: 14:30:24
2026-03-26 14:03:09 | INFO     | hdmr.benchmark |   │  [A-HDMR-600] Fold 2/8 | AUC=0.9733 | best_val=0.1808 | evals=602 | 1635.9s | ETA: 7:34:49
2026-03-26 14:30:48 | INFO     | hdmr.benchmark |   │  [A-HDMR-600] Fold 3/8 | AUC=0.9745 | best_val=0.2381 | evals=602 | 1658.8s | ETA: 4:58:45
2026-03-26 15:36:54 | INFO     | hdmr.benchmark |   │  [A-HDMR-600] Fold 4/8 | AUC=0.9763 | best_val=0.2039 | evals=602 | 3966.5s | ETA: 2:41:21
2026-03-26 16:18:01 | INFO     | hdmr.benchmark |   │  [A-HDMR-600] Fold 5/8 | AUC=0.9781 | best_val=0.2352 | evals=1203 | 2466.8s | ETA: 2:14:52
2026-03-26 17:28:19 | INFO     | hdmr.benchmark |   │  [A-HDMR-600] Fold 6/8 | AUC=0.9809 | best_val=0.1309 | evals=1203 | 4217.3s | ETA: 1:58:20
2026-03-26 18:07:12 | INFO     | hdmr.benchmark |   │  [A-HDMR-600] Fold 7/8 | AUC=0.9782 | best_val=0.1783 | evals=602 | 2333.5s | ETA: 0:50:05
2026-03-26 18:35:32 | INFO     | hdmr.benchmark |   │  [A-HDMR-600] Fold 8/8 | AUC=0.9721 | best_val=0.2326 | evals=602 | 1700.3s | ETA: done
2026-03-26 18:35:32 | INFO     | hdmr.benchmark |   └─ [A-HDMR-600] hazelnut-contaminant-detection | AUC=0.9774±0.0041 | eff_dim=2/10 | 424.0 min
2026-03-26 18:35:32 | DEBUG    | hdmr.benchmark | Results saved → /mnt/disk1/erdemy/app2scale/hdmr-opt/results/tabarena/hdmr_all18_20260323_114520.csv  (144 rows)
2026-03-26 18:35:32 | INFO     | hdmr.benchmark | 
2026-03-26 18:35:32 | INFO     | hdmr.benchmark | ▓▓▓▓▓▓▓▓▓▓▓▓▓▓▓▓▓▓▓▓▓▓▓▓▓▓▓▓▓▓▓▓▓▓▓▓▓▓▓▓▓▓▓▓▓▓▓▓▓▓▓▓▓▓▓▓▓▓▓▓▓▓▓▓▓▓▓▓▓▓
2026-03-26 18:35:32 | INFO     | hdmr.benchmark |   DATASET: seismic-bumps  (DID=46956)
2026-03-26 18:35:32 | INFO     | hdmr.benchmark | ▓▓▓▓▓▓▓▓▓▓▓▓▓▓▓▓▓▓▓▓▓▓▓▓▓▓▓▓▓▓▓▓▓▓▓▓▓▓▓▓▓▓▓▓▓▓▓▓▓▓▓▓▓▓▓▓▓▓▓▓▓▓▓▓▓▓▓▓▓▓
2026-03-26 18:35:32 | INFO     | hdmr.benchmark | Loading: seismic-bumps  (DID=46956, task=classification) ...
2026-03-26 18:35:32 | INFO     | openml.datasets.dataset | pickle write seismic-bumps
2026-03-26 18:35:32 | DEBUG    | openml.datasets.dataset | Saved dataset 46956: seismic-bumps to file /home/erdemy/.cache/openml/org/openml/www/datasets/46956/dataset_46956.pkl.py3
2026-03-26 18:35:32 | INFO     | hdmr.benchmark |   seismic-bumps | 2584 x 15 | classes=2  ['No', 'Yes']
2026-03-26 18:35:32 | INFO     | hdmr.benchmark | 
2026-03-26 18:35:32 | INFO     | hdmr.benchmark |   ┌─ seismic-bumps  [HDMR-200]
2026-03-26 18:35:32 | INFO     | hdmr.benchmark |   │  task=classification  samples=200  maxiter=1  → 200 evals/fold
2026-03-26 18:36:20 | INFO     | hdmr.benchmark |   │  [HDMR-200] Fold 1/8 | AUC=0.7287 | best_val=0.1875 | evals=201 | 48.1s | ETA: 0:05:36
2026-03-26 18:37:07 | INFO     | hdmr.benchmark |   │  [HDMR-200] Fold 2/8 | AUC=0.7643 | best_val=0.1882 | evals=201 | 46.7s | ETA: 0:04:44
2026-03-26 18:37:50 | INFO     | hdmr.benchmark |   │  [HDMR-200] Fold 3/8 | AUC=0.7797 | best_val=0.2352 | evals=201 | 43.2s | ETA: 0:03:49
2026-03-26 18:39:00 | INFO     | hdmr.benchmark |   │  [HDMR-200] Fold 4/8 | AUC=0.8348 | best_val=0.1947 | evals=201 | 70.0s | ETA: 0:03:33
2026-03-26 18:39:52 | INFO     | hdmr.benchmark |   │  [HDMR-200] Fold 5/8 | AUC=0.7997 | best_val=0.2028 | evals=201 | 51.4s | ETA: 0:02:44
2026-03-26 18:40:38 | INFO     | hdmr.benchmark |   │  [HDMR-200] Fold 6/8 | AUC=0.7766 | best_val=0.2397 | evals=201 | 45.8s | ETA: 0:01:51
2026-03-26 18:41:04 | INFO     | hdmr.benchmark |   │  [HDMR-200] Fold 7/8 | AUC=0.7519 | best_val=0.2186 | evals=201 | 26.2s | ETA: 0:00:41
2026-03-26 18:41:44 | INFO     | hdmr.benchmark |   │  [HDMR-200] Fold 8/8 | AUC=0.7030 | best_val=0.1697 | evals=201 | 40.4s | ETA: done
2026-03-26 18:41:44 | INFO     | hdmr.benchmark |   └─ [HDMR-200] seismic-bumps | AUC=0.7673±0.0383 | eff_dim=6/10 | 6.2 min
2026-03-26 18:41:44 | DEBUG    | hdmr.benchmark | Results saved → /mnt/disk1/erdemy/app2scale/hdmr-opt/results/tabarena/hdmr_all18_20260323_114520.csv  (152 rows)
2026-03-26 18:41:44 | INFO     | hdmr.benchmark | 
2026-03-26 18:41:44 | INFO     | hdmr.benchmark |   ┌─ seismic-bumps  [A-HDMR-200]
2026-03-26 18:41:44 | INFO     | hdmr.benchmark |   │  task=classification  samples=100  maxiter=2  → 200 evals/fold
2026-03-26 18:42:45 | INFO     | hdmr.benchmark |   │  [A-HDMR-200] Fold 1/8 | AUC=0.7373 | best_val=0.1865 | evals=302 | 61.0s | ETA: 0:07:07
2026-03-26 18:43:38 | INFO     | hdmr.benchmark |   │  [A-HDMR-200] Fold 2/8 | AUC=0.7640 | best_val=0.1865 | evals=302 | 53.0s | ETA: 0:05:42
2026-03-26 18:44:28 | INFO     | hdmr.benchmark |   │  [A-HDMR-200] Fold 3/8 | AUC=0.7815 | best_val=0.2344 | evals=302 | 49.9s | ETA: 0:04:33
2026-03-26 18:45:29 | INFO     | hdmr.benchmark |   │  [A-HDMR-200] Fold 4/8 | AUC=0.8345 | best_val=0.1916 | evals=302 | 61.3s | ETA: 0:03:38
2026-03-26 18:46:20 | INFO     | hdmr.benchmark |   │  [A-HDMR-200] Fold 5/8 | AUC=0.8049 | best_val=0.1993 | evals=302 | 51.1s | ETA: 0:02:42
2026-03-26 18:47:10 | INFO     | hdmr.benchmark |   │  [A-HDMR-200] Fold 6/8 | AUC=0.7826 | best_val=0.2337 | evals=302 | 49.2s | ETA: 0:01:47
2026-03-26 18:47:40 | INFO     | hdmr.benchmark |   │  [A-HDMR-200] Fold 7/8 | AUC=0.7628 | best_val=0.2171 | evals=302 | 30.8s | ETA: 0:00:43
2026-03-26 18:51:14 | INFO     | hdmr.benchmark |   │  [A-HDMR-200] Fold 8/8 | AUC=0.7206 | best_val=0.1684 | evals=302 | 213.4s | ETA: done
2026-03-26 18:51:14 | INFO     | hdmr.benchmark |   └─ [A-HDMR-200] seismic-bumps | AUC=0.7735±0.0339 | eff_dim=4/10 | 9.5 min
2026-03-26 18:51:14 | DEBUG    | hdmr.benchmark | Results saved → /mnt/disk1/erdemy/app2scale/hdmr-opt/results/tabarena/hdmr_all18_20260323_114520.csv  (160 rows)
2026-03-26 18:51:14 | INFO     | hdmr.benchmark | 
2026-03-26 18:51:14 | INFO     | hdmr.benchmark |   ┌─ seismic-bumps  [A-HDMR-600]
2026-03-26 18:51:14 | INFO     | hdmr.benchmark |   │  task=classification  samples=200  maxiter=3  → 600 evals/fold
2026-03-26 18:55:15 | INFO     | hdmr.benchmark |   │  [A-HDMR-600] Fold 1/8 | AUC=0.7255 | best_val=0.1856 | evals=1003 | 241.5s | ETA: 0:28:10
2026-03-26 18:56:37 | INFO     | hdmr.benchmark |   │  [A-HDMR-600] Fold 2/8 | AUC=0.7834 | best_val=0.1847 | evals=602 | 81.7s | ETA: 0:16:09
2026-03-26 18:59:17 | INFO     | hdmr.benchmark |   │  [A-HDMR-600] Fold 3/8 | AUC=0.7788 | best_val=0.2344 | evals=602 | 160.0s | ETA: 0:13:25
2026-03-26 19:01:34 | INFO     | hdmr.benchmark |   │  [A-HDMR-600] Fold 4/8 | AUC=0.8344 | best_val=0.1943 | evals=602 | 137.3s | ETA: 0:08:25
2026-03-26 19:03:36 | INFO     | hdmr.benchmark |   │  [A-HDMR-600] Fold 5/8 | AUC=0.7954 | best_val=0.1993 | evals=602 | 121.4s | ETA: 0:06:58
2026-03-26 19:06:04 | INFO     | hdmr.benchmark |   │  [A-HDMR-600] Fold 6/8 | AUC=0.7681 | best_val=0.2386 | evals=602 | 147.9s | ETA: 0:04:31
2026-03-26 19:06:59 | INFO     | hdmr.benchmark |   │  [A-HDMR-600] Fold 7/8 | AUC=0.7455 | best_val=0.2189 | evals=602 | 55.4s | ETA: 0:01:48
2026-03-26 19:08:51 | INFO     | hdmr.benchmark |   │  [A-HDMR-600] Fold 8/8 | AUC=0.7038 | best_val=0.1655 | evals=602 | 111.9s | ETA: done
2026-03-26 19:08:51 | INFO     | hdmr.benchmark |   └─ [A-HDMR-600] seismic-bumps | AUC=0.7669±0.0386 | eff_dim=4/10 | 17.6 min
2026-03-26 19:08:51 | DEBUG    | hdmr.benchmark | Results saved → /mnt/disk1/erdemy/app2scale/hdmr-opt/results/tabarena/hdmr_all18_20260323_114520.csv  (168 rows)
2026-03-26 19:08:51 | INFO     | hdmr.benchmark | 
2026-03-26 19:08:51 | INFO     | hdmr.benchmark | ▓▓▓▓▓▓▓▓▓▓▓▓▓▓▓▓▓▓▓▓▓▓▓▓▓▓▓▓▓▓▓▓▓▓▓▓▓▓▓▓▓▓▓▓▓▓▓▓▓▓▓▓▓▓▓▓▓▓▓▓▓▓▓▓▓▓▓▓▓▓
2026-03-26 19:08:51 | INFO     | hdmr.benchmark |   DATASET: credit-g  (DID=46918)
2026-03-26 19:08:51 | INFO     | hdmr.benchmark | ▓▓▓▓▓▓▓▓▓▓▓▓▓▓▓▓▓▓▓▓▓▓▓▓▓▓▓▓▓▓▓▓▓▓▓▓▓▓▓▓▓▓▓▓▓▓▓▓▓▓▓▓▓▓▓▓▓▓▓▓▓▓▓▓▓▓▓▓▓▓
2026-03-26 19:08:51 | INFO     | hdmr.benchmark | Loading: credit-g  (DID=46918, task=classification) ...
2026-03-26 19:08:51 | INFO     | openml.datasets.dataset | pickle write credit-g
2026-03-26 19:08:51 | DEBUG    | openml.datasets.dataset | Saved dataset 46918: credit-g to file /home/erdemy/.cache/openml/org/openml/www/datasets/46918/dataset_46918.pkl.py3
2026-03-26 19:08:51 | INFO     | hdmr.benchmark |   credit-g | 1000 x 20 | classes=2  ['bad', 'good']
2026-03-26 19:08:51 | INFO     | hdmr.benchmark | 
2026-03-26 19:08:51 | INFO     | hdmr.benchmark |   ┌─ credit-g  [HDMR-200]
2026-03-26 19:08:51 | INFO     | hdmr.benchmark |   │  task=classification  samples=200  maxiter=1  → 200 evals/fold
2026-03-26 19:09:43 | INFO     | hdmr.benchmark |   │  [HDMR-200] Fold 1/8 | AUC=0.7810 | best_val=0.4540 | evals=201 | 52.6s | ETA: 0:06:07
2026-03-26 19:10:14 | INFO     | hdmr.benchmark |   │  [HDMR-200] Fold 2/8 | AUC=0.7995 | best_val=0.5450 | evals=201 | 30.1s | ETA: 0:04:07
2026-03-26 19:11:24 | INFO     | hdmr.benchmark |   │  [HDMR-200] Fold 3/8 | AUC=0.7344 | best_val=0.5183 | evals=201 | 70.6s | ETA: 0:04:15
2026-03-26 19:12:21 | INFO     | hdmr.benchmark |   │  [HDMR-200] Fold 4/8 | AUC=0.7305 | best_val=0.4572 | evals=201 | 56.4s | ETA: 0:03:29
2026-03-26 19:14:09 | INFO     | hdmr.benchmark |   │  [HDMR-200] Fold 5/8 | AUC=0.7356 | best_val=0.4759 | evals=201 | 108.8s | ETA: 0:03:55
2026-03-26 19:15:59 | INFO     | hdmr.benchmark |   │  [HDMR-200] Fold 6/8 | AUC=0.8360 | best_val=0.4564 | evals=201 | 109.6s | ETA: 0:03:03
2026-03-26 19:17:18 | INFO     | hdmr.benchmark |   │  [HDMR-200] Fold 7/8 | AUC=0.7985 | best_val=0.4617 | evals=201 | 78.8s | ETA: 0:01:39
2026-03-26 19:18:53 | INFO     | hdmr.benchmark |   │  [HDMR-200] Fold 8/8 | AUC=0.7804 | best_val=0.4578 | evals=201 | 95.6s | ETA: done
2026-03-26 19:18:53 | INFO     | hdmr.benchmark |   └─ [HDMR-200] credit-g | AUC=0.7745±0.0356 | eff_dim=6/10 | 10.0 min
2026-03-26 19:18:53 | DEBUG    | hdmr.benchmark | Results saved → /mnt/disk1/erdemy/app2scale/hdmr-opt/results/tabarena/hdmr_all18_20260323_114520.csv  (176 rows)
2026-03-26 19:18:53 | INFO     | hdmr.benchmark | 
2026-03-26 19:18:53 | INFO     | hdmr.benchmark |   ┌─ credit-g  [A-HDMR-200]
2026-03-26 19:18:53 | INFO     | hdmr.benchmark |   │  task=classification  samples=100  maxiter=2  → 200 evals/fold
2026-03-26 19:21:03 | INFO     | hdmr.benchmark |   │  [A-HDMR-200] Fold 1/8 | AUC=0.7713 | best_val=0.4536 | evals=302 | 129.9s | ETA: 0:15:09
2026-03-26 19:21:46 | INFO     | hdmr.benchmark |   │  [A-HDMR-200] Fold 2/8 | AUC=0.7892 | best_val=0.5523 | evals=402 | 42.3s | ETA: 0:08:36
2026-03-26 19:24:45 | INFO     | hdmr.benchmark |   │  [A-HDMR-200] Fold 3/8 | AUC=0.7374 | best_val=0.5261 | evals=302 | 179.7s | ETA: 0:09:46
2026-03-26 19:25:47 | INFO     | hdmr.benchmark |   │  [A-HDMR-200] Fold 4/8 | AUC=0.7492 | best_val=0.4607 | evals=302 | 61.5s | ETA: 0:06:17
2026-03-26 19:27:58 | INFO     | hdmr.benchmark |   │  [A-HDMR-200] Fold 5/8 | AUC=0.7503 | best_val=0.4608 | evals=302 | 131.1s | ETA: 0:06:12
2026-03-26 19:30:15 | INFO     | hdmr.benchmark |   │  [A-HDMR-200] Fold 6/8 | AUC=0.8151 | best_val=0.4630 | evals=302 | 137.6s | ETA: 0:03:40
2026-03-26 19:32:12 | INFO     | hdmr.benchmark |   │  [A-HDMR-200] Fold 7/8 | AUC=0.7988 | best_val=0.4622 | evals=302 | 117.1s | ETA: 0:02:08
2026-03-26 19:39:08 | INFO     | hdmr.benchmark |   │  [A-HDMR-200] Fold 8/8 | AUC=0.7856 | best_val=0.4608 | evals=402 | 415.1s | ETA: done
2026-03-26 19:39:08 | INFO     | hdmr.benchmark |   └─ [A-HDMR-200] credit-g | AUC=0.7746±0.0255 | eff_dim=5/10 | 20.2 min
2026-03-26 19:39:08 | DEBUG    | hdmr.benchmark | Results saved → /mnt/disk1/erdemy/app2scale/hdmr-opt/results/tabarena/hdmr_all18_20260323_114520.csv  (184 rows)
2026-03-26 19:39:08 | INFO     | hdmr.benchmark | 
2026-03-26 19:39:08 | INFO     | hdmr.benchmark |   ┌─ credit-g  [A-HDMR-600]
2026-03-26 19:39:08 | INFO     | hdmr.benchmark |   │  task=classification  samples=200  maxiter=3  → 600 evals/fold
2026-03-26 19:42:06 | INFO     | hdmr.benchmark |   │  [A-HDMR-600] Fold 1/8 | AUC=0.7798 | best_val=0.4543 | evals=602 | 178.3s | ETA: 0:20:48
2026-03-26 19:43:32 | INFO     | hdmr.benchmark |   │  [A-HDMR-600] Fold 2/8 | AUC=0.8049 | best_val=0.5397 | evals=602 | 86.1s | ETA: 0:13:13
2026-03-26 19:46:48 | INFO     | hdmr.benchmark |   │  [A-HDMR-600] Fold 3/8 | AUC=0.7302 | best_val=0.5233 | evals=602 | 196.2s | ETA: 0:12:47
2026-03-26 19:49:44 | INFO     | hdmr.benchmark |   │  [A-HDMR-600] Fold 4/8 | AUC=0.7187 | best_val=0.4610 | evals=602 | 175.4s | ETA: 0:10:10
2026-03-26 19:54:35 | INFO     | hdmr.benchmark |   │  [A-HDMR-600] Fold 5/8 | AUC=0.7451 | best_val=0.4709 | evals=602 | 291.2s | ETA: 0:11:02
2026-03-26 20:01:18 | INFO     | hdmr.benchmark |   │  [A-HDMR-600] Fold 6/8 | AUC=0.8209 | best_val=0.4574 | evals=602 | 403.8s | ETA: 0:09:40
2026-03-26 20:05:06 | INFO     | hdmr.benchmark |   │  [A-HDMR-600] Fold 7/8 | AUC=0.7967 | best_val=0.4560 | evals=602 | 227.9s | ETA: 0:05:07
2026-03-26 20:11:02 | INFO     | hdmr.benchmark |   │  [A-HDMR-600] Fold 8/8 | AUC=0.7856 | best_val=0.4544 | evals=1003 | 355.4s | ETA: done
2026-03-26 20:11:02 | INFO     | hdmr.benchmark |   └─ [A-HDMR-600] credit-g | AUC=0.7727±0.0347 | eff_dim=4/10 | 31.9 min
2026-03-26 20:11:02 | DEBUG    | hdmr.benchmark | Results saved → /mnt/disk1/erdemy/app2scale/hdmr-opt/results/tabarena/hdmr_all18_20260323_114520.csv  (192 rows)
2026-03-26 20:11:02 | INFO     | hdmr.benchmark | 
2026-03-26 20:11:02 | INFO     | hdmr.benchmark | ==========================================================================================
2026-03-26 20:11:02 | INFO     | hdmr.benchmark |   REGRESSION  ─  RMSE (mean±std over 8 folds)
2026-03-26 20:11:02 | INFO     | hdmr.benchmark | ==========================================================================================
2026-03-26 20:11:02 | INFO     | hdmr.benchmark |   Dataset                                     A-HDMR-200            A-HDMR-600            HDMR-200              Winner
2026-03-26 20:11:02 | INFO     | hdmr.benchmark |   ──────────────────────────────────────────────────────────────────────────────────────────────────────────────────────
2026-03-26 20:11:02 | INFO     | hdmr.benchmark |   physiochemical_protein                      3.3699±0.0677    3.3599±0.0623 ★  3.3966±0.0601    A-HDMR-600
2026-03-26 20:11:02 | INFO     | hdmr.benchmark |   ──────────────────────────────────────────────────────────────────────────────────────────────────────────────────────
2026-03-26 20:11:02 | INFO     | hdmr.benchmark |   Wins                                        0                     1                     0                   
2026-03-26 20:11:02 | INFO     | hdmr.benchmark | 
2026-03-26 20:11:02 | INFO     | hdmr.benchmark | ==========================================================================================
2026-03-26 20:11:02 | INFO     | hdmr.benchmark |   CLASSIFICATION  ─  AUC (mean±std over 8 folds)
2026-03-26 20:11:02 | INFO     | hdmr.benchmark | ==========================================================================================
2026-03-26 20:11:02 | INFO     | hdmr.benchmark |   Dataset                                     A-HDMR-200            A-HDMR-600            HDMR-200              Winner
2026-03-26 20:11:02 | INFO     | hdmr.benchmark |   ──────────────────────────────────────────────────────────────────────────────────────────────────────────────────────
2026-03-26 20:11:02 | INFO     | hdmr.benchmark |   Fitness_Club                                0.8080±0.0433    0.8086±0.0433 ★  0.8077±0.0438    A-HDMR-600
2026-03-26 20:11:02 | INFO     | hdmr.benchmark |   Is-this-a-good-customer                     0.7555±0.0567    0.7616±0.0505 ★  0.7557±0.0534    A-HDMR-600
2026-03-26 20:11:02 | INFO     | hdmr.benchmark |   Marketing_Campaign                          0.8989±0.0266    0.9001±0.0258 ★  0.8976±0.0250    A-HDMR-600
2026-03-26 20:11:02 | INFO     | hdmr.benchmark |   credit-g                                    0.7746±0.0255 ★  0.7727±0.0347    0.7745±0.0356    A-HDMR-200
2026-03-26 20:11:02 | INFO     | hdmr.benchmark |   hazelnut-contaminant-detection              0.9767±0.0037    0.9774±0.0041 ★  0.9766±0.0040    A-HDMR-600
2026-03-26 20:11:02 | INFO     | hdmr.benchmark |   qsar-biodeg                                 0.9338±0.0132    0.9341±0.0115 ★  0.9317±0.0156    A-HDMR-600
2026-03-26 20:11:02 | INFO     | hdmr.benchmark |   seismic-bumps                               0.7735±0.0339 ★  0.7669±0.0386    0.7673±0.0383    A-HDMR-200
2026-03-26 20:11:02 | INFO     | hdmr.benchmark |   ──────────────────────────────────────────────────────────────────────────────────────────────────────────────────────
2026-03-26 20:11:02 | INFO     | hdmr.benchmark |   Wins                                        2                     5                     0                   
2026-03-26 20:11:02 | INFO     | hdmr.benchmark | 
2026-03-26 20:11:02 | INFO     | hdmr.benchmark | ======================================================================
2026-03-26 20:11:02 | INFO     | hdmr.benchmark |   SENSITIVITY SUMMARY  (HDMR-200, top-3 params per dataset)
2026-03-26 20:11:02 | INFO     | hdmr.benchmark | ======================================================================
2026-03-26 20:11:02 | INFO     | hdmr.benchmark |   Dataset                                 Top-1                   Top-2                   Top-3                   EffDim
2026-03-26 20:11:02 | INFO     | hdmr.benchmark |   ──────────────────────────────────────────────────────────────────────────────────────────────────────────────────────
2026-03-26 20:11:02 | INFO     | hdmr.benchmark |   Fitness_Club                            max_depth(0.306)        reg_alpha(0.236)        max_leaves(0.163)       5/10
2026-03-26 20:11:02 | INFO     | hdmr.benchmark |   Is-this-a-good-customer                 reg_alpha(0.269)        subsample(0.150)        reg_lambda(0.108)       6/10
2026-03-26 20:11:02 | INFO     | hdmr.benchmark |   Marketing_Campaign                      max_depth(0.218)        max_leaves(0.185)       reg_alpha(0.157)        6/10
2026-03-26 20:11:02 | INFO     | hdmr.benchmark |   credit-g                                subsample(0.235)        min_child_weight(0.211)  reg_alpha(0.115)        6/10
2026-03-26 20:11:02 | INFO     | hdmr.benchmark |   hazelnut-contaminant-detection          reg_alpha(0.504)        max_depth(0.164)        subsample(0.139)        3/10
2026-03-26 20:11:02 | INFO     | hdmr.benchmark |   qsar-biodeg                             min_child_weight(0.292)  reg_alpha(0.226)        max_depth(0.156)        5/10
2026-03-26 20:11:02 | INFO     | hdmr.benchmark |   seismic-bumps                           min_child_weight(0.259)  max_depth(0.245)        max_leaves(0.111)       6/10
2026-03-26 20:11:02 | INFO     | hdmr.benchmark |   physiochemical_protein                  max_leaves(0.461)       max_depth(0.351)        learning_rate(0.136)    2/10
2026-03-26 20:11:02 | DEBUG    | hdmr.benchmark | Results saved → /mnt/disk1/erdemy/app2scale/hdmr-opt/results/tabarena/hdmr_all18_20260323_114520.csv  (192 rows)
2026-03-26 20:11:02 | INFO     | hdmr.benchmark | 
2026-03-26 20:11:02 | INFO     | hdmr.benchmark | ======================================================================
2026-03-26 20:11:02 | INFO     | hdmr.benchmark | ALL EXPERIMENTS COMPLETE
2026-03-26 20:11:02 | INFO     | hdmr.benchmark | Datasets completed : 8 / 8
2026-03-26 20:11:02 | INFO     | hdmr.benchmark | Total summaries    : 24  (dataset × method)
2026-03-26 20:11:02 | INFO     | hdmr.benchmark | Failed             : 0  
2026-03-26 20:11:02 | INFO     | hdmr.benchmark | Total wall time    : 3 days, 8:25:41  (80.4 hr)
2026-03-26 20:11:02 | INFO     | hdmr.benchmark | Results            : /mnt/disk1/erdemy/app2scale/hdmr-opt/results/tabarena/hdmr_all18_20260323_114520.csv
2026-03-26 20:11:02 | INFO     | hdmr.benchmark | ======================================================================
