2026-03-07 18:04:40 | INFO     | rs.benchmark | ======================================================================
2026-03-07 18:04:40 | INFO     | rs.benchmark | Random Search Baseline  |  XGBoost HPO  |  All 18 Datasets  v2.0
2026-03-07 18:04:40 | INFO     | rs.benchmark | Run ID   : 20260307_180440
2026-03-07 18:04:40 | INFO     | rs.benchmark | Log file : /mnt/disk1/erdemy/app2scale/hdmr-opt/logs/rs_tabarena_20260307_180440.log
2026-03-07 18:04:40 | INFO     | rs.benchmark | ======================================================================
2026-03-07 18:04:40 | INFO     | rs.benchmark | Configuration:
2026-03-07 18:04:40 | INFO     | rs.benchmark |   sampler=Sobol-RS  samples=200/fold  outer_folds=8  seed=42
2026-03-07 18:04:40 | INFO     | rs.benchmark |   task_filter=all  datasets=[46954, 46917, 46931, 46904, 46907, 46942, 46934, 46961, 46928, 46923, 46952, 46927, 46938, 46940, 46930, 46956, 46963, 46918] (18 total)
2026-03-07 18:04:40 | INFO     | rs.benchmark | 
2026-03-07 18:04:40 | INFO     | rs.benchmark | ▓▓▓▓▓▓▓▓▓▓▓▓▓▓▓▓▓▓▓▓▓▓▓▓▓▓▓▓▓▓▓▓▓▓▓▓▓▓▓▓▓▓▓▓▓▓▓▓▓▓▓▓▓▓▓▓▓▓▓▓▓▓▓▓▓▓▓▓▓▓
2026-03-07 18:04:40 | INFO     | rs.benchmark |   DATASET: QSAR_fish_toxicity  (DID=46954)
2026-03-07 18:04:40 | INFO     | rs.benchmark | ▓▓▓▓▓▓▓▓▓▓▓▓▓▓▓▓▓▓▓▓▓▓▓▓▓▓▓▓▓▓▓▓▓▓▓▓▓▓▓▓▓▓▓▓▓▓▓▓▓▓▓▓▓▓▓▓▓▓▓▓▓▓▓▓▓▓▓▓▓▓
2026-03-07 18:04:40 | INFO     | openml.config | No config file found at /home/erdemy/.config/openml/config, using default configuration.
2026-03-07 18:04:40 | INFO     | rs.benchmark | Loading: QSAR_fish_toxicity  (DID=46954, task=regression) ...
2026-03-07 18:04:40 | INFO     | openml.datasets.dataset | pickle write QSAR_fish_toxicity
2026-03-07 18:04:40 | DEBUG    | openml.datasets.dataset | Saved dataset 46954: QSAR_fish_toxicity to file /home/erdemy/.cache/openml/org/openml/www/datasets/46954/dataset_46954.pkl.py3
2026-03-07 18:04:40 | INFO     | rs.benchmark |   QSAR_fish_toxicity | 907 x 6 | y mean=4.065  std=1.456
2026-03-07 18:04:40 | INFO     | rs.benchmark | 
2026-03-07 18:04:40 | INFO     | rs.benchmark |   ┌─ QSAR_fish_toxicity  [RS-200]
2026-03-07 18:04:40 | INFO     | rs.benchmark |   │  task=regression  samples=200/fold  (Sobol quasi-random)
2026-03-07 18:06:02 | INFO     | rs.benchmark |   │  [RS] Fold 1/8 | RMSE=0.9312 | best_val=0.6413 | evals=200 | 81.8s | ETA: 0:09:32
2026-03-07 18:06:57 | INFO     | rs.benchmark |   │  [RS] Fold 2/8 | RMSE=0.8911 | best_val=0.5200 | evals=200 | 55.2s | ETA: 0:06:50
2026-03-07 18:08:15 | INFO     | rs.benchmark |   │  [RS] Fold 3/8 | RMSE=0.8387 | best_val=0.4688 | evals=200 | 77.6s | ETA: 0:05:57
2026-03-07 18:09:35 | INFO     | rs.benchmark |   │  [RS] Fold 4/8 | RMSE=0.9222 | best_val=0.5652 | evals=200 | 80.0s | ETA: 0:04:43
2026-03-07 18:11:03 | INFO     | rs.benchmark |   │  [RS] Fold 5/8 | RMSE=0.7760 | best_val=0.5576 | evals=200 | 87.7s | ETA: 0:04:05
2026-03-07 18:12:08 | INFO     | rs.benchmark |   │  [RS] Fold 6/8 | RMSE=0.8434 | best_val=0.5876 | evals=200 | 65.0s | ETA: 0:02:35
2026-03-07 18:13:46 | INFO     | rs.benchmark |   │  [RS] Fold 7/8 | RMSE=0.8805 | best_val=0.6497 | evals=200 | 98.6s | ETA: 0:01:23
2026-03-07 18:15:43 | INFO     | rs.benchmark |   │  [RS] Fold 8/8 | RMSE=0.9563 | best_val=0.5208 | evals=200 | 117.1s | ETA: done
2026-03-07 18:15:43 | INFO     | rs.benchmark |   └─ [RS] QSAR_fish_toxicity | RMSE=0.8799±0.0550 | 11.1 min
2026-03-07 18:15:43 | DEBUG    | rs.benchmark | Results saved → /mnt/disk1/erdemy/app2scale/hdmr-opt/results/tabarena/rs_all18_20260307_180440.csv  (8 rows)
2026-03-07 18:15:43 | INFO     | rs.benchmark | 
2026-03-07 18:15:43 | INFO     | rs.benchmark | ▓▓▓▓▓▓▓▓▓▓▓▓▓▓▓▓▓▓▓▓▓▓▓▓▓▓▓▓▓▓▓▓▓▓▓▓▓▓▓▓▓▓▓▓▓▓▓▓▓▓▓▓▓▓▓▓▓▓▓▓▓▓▓▓▓▓▓▓▓▓
2026-03-07 18:15:43 | INFO     | rs.benchmark |   DATASET: concrete_compressive_strength  (DID=46917)
2026-03-07 18:15:43 | INFO     | rs.benchmark | ▓▓▓▓▓▓▓▓▓▓▓▓▓▓▓▓▓▓▓▓▓▓▓▓▓▓▓▓▓▓▓▓▓▓▓▓▓▓▓▓▓▓▓▓▓▓▓▓▓▓▓▓▓▓▓▓▓▓▓▓▓▓▓▓▓▓▓▓▓▓
2026-03-07 18:15:43 | INFO     | rs.benchmark | Loading: concrete_compressive_strength  (DID=46917, task=regression) ...
2026-03-07 18:15:43 | INFO     | openml.datasets.dataset | pickle write concrete_compressive_strength
2026-03-07 18:15:43 | DEBUG    | openml.datasets.dataset | Saved dataset 46917: concrete_compressive_strength to file /home/erdemy/.cache/openml/org/openml/www/datasets/46917/dataset_46917.pkl.py3
2026-03-07 18:15:43 | INFO     | rs.benchmark |   concrete_compressive_strength | 1030 x 8 | y mean=35.818  std=16.698
2026-03-07 18:15:43 | INFO     | rs.benchmark | 
2026-03-07 18:15:43 | INFO     | rs.benchmark |   ┌─ concrete_compressive_strength  [RS-200]
2026-03-07 18:15:43 | INFO     | rs.benchmark |   │  task=regression  samples=200/fold  (Sobol quasi-random)
2026-03-07 18:23:09 | INFO     | rs.benchmark |   │  [RS] Fold 1/8 | RMSE=3.8936 | best_val=0.2352 | evals=200 | 445.4s | ETA: 0:51:57
2026-03-07 18:28:35 | INFO     | rs.benchmark |   │  [RS] Fold 2/8 | RMSE=3.4333 | best_val=0.2767 | evals=200 | 326.4s | ETA: 0:38:35
2026-03-07 18:33:22 | INFO     | rs.benchmark |   │  [RS] Fold 3/8 | RMSE=4.8665 | best_val=0.2360 | evals=200 | 287.4s | ETA: 0:29:25
2026-03-07 18:40:02 | INFO     | rs.benchmark |   │  [RS] Fold 4/8 | RMSE=4.0682 | best_val=0.2428 | evals=200 | 399.7s | ETA: 0:22:31
2026-03-07 18:44:54 | INFO     | rs.benchmark |   │  [RS] Fold 5/8 | RMSE=4.3670 | best_val=0.3291 | evals=200 | 292.1s | ETA: 0:16:19
2026-03-07 18:50:45 | INFO     | rs.benchmark |   │  [RS] Fold 6/8 | RMSE=4.1679 | best_val=0.2749 | evals=200 | 351.3s | ETA: 0:11:35
2026-03-07 18:57:54 | INFO     | rs.benchmark |   │  [RS] Fold 7/8 | RMSE=3.9600 | best_val=0.3038 | evals=200 | 428.1s | ETA: 0:05:57
2026-03-07 19:04:29 | INFO     | rs.benchmark |   │  [RS] Fold 8/8 | RMSE=4.4660 | best_val=0.2286 | evals=200 | 395.2s | ETA: done
2026-03-07 19:04:29 | INFO     | rs.benchmark |   └─ [RS] concrete_compressive_strength | RMSE=4.1528±0.4004 | 48.8 min
2026-03-07 19:04:29 | DEBUG    | rs.benchmark | Results saved → /mnt/disk1/erdemy/app2scale/hdmr-opt/results/tabarena/rs_all18_20260307_180440.csv  (16 rows)
2026-03-07 19:04:29 | INFO     | rs.benchmark | 
2026-03-07 19:04:29 | INFO     | rs.benchmark | ▓▓▓▓▓▓▓▓▓▓▓▓▓▓▓▓▓▓▓▓▓▓▓▓▓▓▓▓▓▓▓▓▓▓▓▓▓▓▓▓▓▓▓▓▓▓▓▓▓▓▓▓▓▓▓▓▓▓▓▓▓▓▓▓▓▓▓▓▓▓
2026-03-07 19:04:29 | INFO     | rs.benchmark |   DATASET: healthcare_insurance_expenses  (DID=46931)
2026-03-07 19:04:29 | INFO     | rs.benchmark | ▓▓▓▓▓▓▓▓▓▓▓▓▓▓▓▓▓▓▓▓▓▓▓▓▓▓▓▓▓▓▓▓▓▓▓▓▓▓▓▓▓▓▓▓▓▓▓▓▓▓▓▓▓▓▓▓▓▓▓▓▓▓▓▓▓▓▓▓▓▓
2026-03-07 19:04:29 | INFO     | rs.benchmark | Loading: healthcare_insurance_expenses  (DID=46931, task=regression) ...
2026-03-07 19:04:29 | INFO     | openml.datasets.dataset | pickle write healthcare_insurance_expenses
2026-03-07 19:04:29 | DEBUG    | openml.datasets.dataset | Saved dataset 46931: healthcare_insurance_expenses to file /home/erdemy/.cache/openml/org/openml/www/datasets/46931/dataset_46931.pkl.py3
2026-03-07 19:04:29 | INFO     | rs.benchmark |   healthcare_insurance_expenses | 1338 x 6 | y mean=13270.422  std=12105.485
2026-03-07 19:04:29 | INFO     | rs.benchmark | 
2026-03-07 19:04:29 | INFO     | rs.benchmark |   ┌─ healthcare_insurance_expenses  [RS-200]
2026-03-07 19:04:29 | INFO     | rs.benchmark |   │  task=regression  samples=200/fold  (Sobol quasi-random)
2026-03-07 19:05:32 | INFO     | rs.benchmark |   │  [RS] Fold 1/8 | RMSE=4092.1981 | best_val=0.4081 | evals=200 | 63.5s | ETA: 0:07:24
2026-03-07 19:06:35 | INFO     | rs.benchmark |   │  [RS] Fold 2/8 | RMSE=3610.8431 | best_val=0.3711 | evals=200 | 62.3s | ETA: 0:06:17
2026-03-07 19:07:42 | INFO     | rs.benchmark |   │  [RS] Fold 3/8 | RMSE=4163.5448 | best_val=0.4104 | evals=200 | 67.6s | ETA: 0:05:22
2026-03-07 19:09:06 | INFO     | rs.benchmark |   │  [RS] Fold 4/8 | RMSE=5448.9540 | best_val=0.3061 | evals=200 | 84.1s | ETA: 0:04:45
2026-03-07 19:09:53 | INFO     | rs.benchmark |   │  [RS] Fold 5/8 | RMSE=4582.9182 | best_val=0.3566 | evals=200 | 46.5s | ETA: 0:03:18
2026-03-07 19:10:57 | INFO     | rs.benchmark |   │  [RS] Fold 6/8 | RMSE=4751.9926 | best_val=0.3866 | evals=200 | 63.7s | ETA: 0:02:09
2026-03-07 19:11:57 | INFO     | rs.benchmark |   │  [RS] Fold 7/8 | RMSE=5330.8486 | best_val=0.3562 | evals=200 | 60.9s | ETA: 0:00:57
2026-03-07 19:12:55 | INFO     | rs.benchmark |   │  [RS] Fold 8/8 | RMSE=4112.5410 | best_val=0.4165 | evals=200 | 58.0s | ETA: done
2026-03-07 19:12:55 | INFO     | rs.benchmark |   └─ [RS] healthcare_insurance_expenses | RMSE=4511.7300±600.0341 | 8.4 min
2026-03-07 19:12:55 | DEBUG    | rs.benchmark | Results saved → /mnt/disk1/erdemy/app2scale/hdmr-opt/results/tabarena/rs_all18_20260307_180440.csv  (24 rows)
2026-03-07 19:12:55 | INFO     | rs.benchmark | 
2026-03-07 19:12:55 | INFO     | rs.benchmark | ▓▓▓▓▓▓▓▓▓▓▓▓▓▓▓▓▓▓▓▓▓▓▓▓▓▓▓▓▓▓▓▓▓▓▓▓▓▓▓▓▓▓▓▓▓▓▓▓▓▓▓▓▓▓▓▓▓▓▓▓▓▓▓▓▓▓▓▓▓▓
2026-03-07 19:12:55 | INFO     | rs.benchmark |   DATASET: airfoil_self_noise  (DID=46904)
2026-03-07 19:12:55 | INFO     | rs.benchmark | ▓▓▓▓▓▓▓▓▓▓▓▓▓▓▓▓▓▓▓▓▓▓▓▓▓▓▓▓▓▓▓▓▓▓▓▓▓▓▓▓▓▓▓▓▓▓▓▓▓▓▓▓▓▓▓▓▓▓▓▓▓▓▓▓▓▓▓▓▓▓
2026-03-07 19:12:55 | INFO     | rs.benchmark | Loading: airfoil_self_noise  (DID=46904, task=regression) ...
2026-03-07 19:12:55 | INFO     | openml.datasets.dataset | pickle write airfoil_self_noise
2026-03-07 19:12:55 | DEBUG    | openml.datasets.dataset | Saved dataset 46904: airfoil_self_noise to file /home/erdemy/.cache/openml/org/openml/www/datasets/46904/dataset_46904.pkl.py3
2026-03-07 19:12:55 | INFO     | rs.benchmark |   airfoil_self_noise | 1503 x 5 | y mean=124.836  std=6.896
2026-03-07 19:12:55 | INFO     | rs.benchmark | 
2026-03-07 19:12:55 | INFO     | rs.benchmark |   ┌─ airfoil_self_noise  [RS-200]
2026-03-07 19:12:55 | INFO     | rs.benchmark |   │  task=regression  samples=200/fold  (Sobol quasi-random)
2026-03-07 19:20:04 | INFO     | rs.benchmark |   │  [RS] Fold 1/8 | RMSE=1.7875 | best_val=0.2128 | evals=200 | 428.6s | ETA: 0:50:00
2026-03-07 19:26:26 | INFO     | rs.benchmark |   │  [RS] Fold 2/8 | RMSE=1.2848 | best_val=0.1859 | evals=200 | 381.5s | ETA: 0:40:30
2026-03-07 19:31:30 | INFO     | rs.benchmark |   │  [RS] Fold 3/8 | RMSE=1.3641 | best_val=0.2208 | evals=200 | 304.9s | ETA: 0:30:58
2026-03-07 19:37:49 | INFO     | rs.benchmark |   │  [RS] Fold 4/8 | RMSE=1.0704 | best_val=0.1995 | evals=200 | 378.3s | ETA: 0:23:39
2026-03-07 19:45:07 | INFO     | rs.benchmark |   │  [RS] Fold 5/8 | RMSE=1.6862 | best_val=0.1968 | evals=200 | 438.3s | ETA: 0:18:41
2026-03-07 19:53:16 | INFO     | rs.benchmark |   │  [RS] Fold 6/8 | RMSE=1.2718 | best_val=0.2196 | evals=200 | 489.1s | ETA: 0:14:30
2026-03-07 20:01:12 | INFO     | rs.benchmark |   │  [RS] Fold 7/8 | RMSE=1.3668 | best_val=0.2084 | evals=200 | 476.4s | ETA: 0:07:47
2026-03-07 20:07:09 | INFO     | rs.benchmark |   │  [RS] Fold 8/8 | RMSE=1.3781 | best_val=0.2042 | evals=200 | 357.0s | ETA: done
2026-03-07 20:07:09 | INFO     | rs.benchmark |   └─ [RS] airfoil_self_noise | RMSE=1.4012±0.2160 | 54.2 min
2026-03-07 20:07:09 | DEBUG    | rs.benchmark | Results saved → /mnt/disk1/erdemy/app2scale/hdmr-opt/results/tabarena/rs_all18_20260307_180440.csv  (32 rows)
2026-03-07 20:07:09 | INFO     | rs.benchmark | 
2026-03-07 20:07:09 | INFO     | rs.benchmark | ▓▓▓▓▓▓▓▓▓▓▓▓▓▓▓▓▓▓▓▓▓▓▓▓▓▓▓▓▓▓▓▓▓▓▓▓▓▓▓▓▓▓▓▓▓▓▓▓▓▓▓▓▓▓▓▓▓▓▓▓▓▓▓▓▓▓▓▓▓▓
2026-03-07 20:07:09 | INFO     | rs.benchmark |   DATASET: Fiat500_used  (DID=46907)
2026-03-07 20:07:09 | INFO     | rs.benchmark | ▓▓▓▓▓▓▓▓▓▓▓▓▓▓▓▓▓▓▓▓▓▓▓▓▓▓▓▓▓▓▓▓▓▓▓▓▓▓▓▓▓▓▓▓▓▓▓▓▓▓▓▓▓▓▓▓▓▓▓▓▓▓▓▓▓▓▓▓▓▓
2026-03-07 20:07:09 | INFO     | rs.benchmark | Loading: Fiat500_used  (DID=46907, task=regression) ...
2026-03-07 20:07:09 | INFO     | openml.datasets.dataset | pickle write Another-Dataset-on-used-Fiat-500
2026-03-07 20:07:09 | DEBUG    | openml.datasets.dataset | Saved dataset 46907: Another-Dataset-on-used-Fiat-500 to file /home/erdemy/.cache/openml/org/openml/www/datasets/46907/dataset_46907.pkl.py3
2026-03-07 20:07:09 | INFO     | rs.benchmark |   Fiat500_used | 1538 x 7 | y mean=8576.004  std=1939.328
2026-03-07 20:07:09 | INFO     | rs.benchmark | 
2026-03-07 20:07:09 | INFO     | rs.benchmark |   ┌─ Fiat500_used  [RS-200]
2026-03-07 20:07:09 | INFO     | rs.benchmark |   │  task=regression  samples=200/fold  (Sobol quasi-random)
2026-03-07 20:09:26 | INFO     | rs.benchmark |   │  [RS] Fold 1/8 | RMSE=838.8360 | best_val=0.3647 | evals=200 | 136.5s | ETA: 0:15:55
2026-03-07 20:11:34 | INFO     | rs.benchmark |   │  [RS] Fold 2/8 | RMSE=714.6604 | best_val=0.3786 | evals=200 | 128.0s | ETA: 0:13:13
2026-03-07 20:14:16 | INFO     | rs.benchmark |   │  [RS] Fold 3/8 | RMSE=735.9760 | best_val=0.3814 | evals=200 | 162.5s | ETA: 0:11:51
2026-03-07 20:15:36 | INFO     | rs.benchmark |   │  [RS] Fold 4/8 | RMSE=786.3423 | best_val=0.3998 | evals=200 | 79.8s | ETA: 0:08:13
2026-03-07 20:17:32 | INFO     | rs.benchmark |   │  [RS] Fold 5/8 | RMSE=817.8519 | best_val=0.3841 | evals=200 | 116.0s | ETA: 0:05:58
2026-03-07 20:19:02 | INFO     | rs.benchmark |   │  [RS] Fold 6/8 | RMSE=644.3355 | best_val=0.3927 | evals=200 | 89.3s | ETA: 0:03:10
2026-03-07 20:20:40 | INFO     | rs.benchmark |   │  [RS] Fold 7/8 | RMSE=733.8378 | best_val=0.3699 | evals=200 | 98.0s | ETA: 0:01:41
2026-03-07 20:22:13 | INFO     | rs.benchmark |   │  [RS] Fold 8/8 | RMSE=724.7218 | best_val=0.3769 | evals=200 | 93.7s | ETA: done
2026-03-07 20:22:13 | INFO     | rs.benchmark |   └─ [RS] Fiat500_used | RMSE=749.5702±58.4442 | 15.1 min
2026-03-07 20:22:13 | DEBUG    | rs.benchmark | Results saved → /mnt/disk1/erdemy/app2scale/hdmr-opt/results/tabarena/rs_all18_20260307_180440.csv  (40 rows)
2026-03-07 20:22:13 | INFO     | rs.benchmark | 
2026-03-07 20:22:13 | INFO     | rs.benchmark | ▓▓▓▓▓▓▓▓▓▓▓▓▓▓▓▓▓▓▓▓▓▓▓▓▓▓▓▓▓▓▓▓▓▓▓▓▓▓▓▓▓▓▓▓▓▓▓▓▓▓▓▓▓▓▓▓▓▓▓▓▓▓▓▓▓▓▓▓▓▓
2026-03-07 20:22:13 | INFO     | rs.benchmark |   DATASET: miami_housing  (DID=46942)
2026-03-07 20:22:13 | INFO     | rs.benchmark | ▓▓▓▓▓▓▓▓▓▓▓▓▓▓▓▓▓▓▓▓▓▓▓▓▓▓▓▓▓▓▓▓▓▓▓▓▓▓▓▓▓▓▓▓▓▓▓▓▓▓▓▓▓▓▓▓▓▓▓▓▓▓▓▓▓▓▓▓▓▓
2026-03-07 20:22:13 | INFO     | rs.benchmark | Loading: miami_housing  (DID=46942, task=regression) ...
2026-03-07 20:22:13 | INFO     | openml.datasets.dataset | pickle write miami_housing
2026-03-07 20:22:13 | DEBUG    | openml.datasets.dataset | Saved dataset 46942: miami_housing to file /home/erdemy/.cache/openml/org/openml/www/datasets/46942/dataset_46942.pkl.py3
2026-03-07 20:22:13 | INFO     | rs.benchmark |   miami_housing | 13776 x 15 | y mean=400746.450  std=317856.998
2026-03-07 20:22:13 | INFO     | rs.benchmark | 
2026-03-07 20:22:13 | INFO     | rs.benchmark |   ┌─ miami_housing  [RS-200]
2026-03-07 20:22:13 | INFO     | rs.benchmark |   │  task=regression  samples=200/fold  (Sobol quasi-random)
2026-03-07 20:50:21 | INFO     | rs.benchmark |   │  [RS] Fold 1/8 | RMSE=82770.1482 | best_val=0.2497 | evals=200 | 1687.7s | ETA: 3:16:54
2026-03-07 21:12:47 | INFO     | rs.benchmark |   │  [RS] Fold 2/8 | RMSE=82928.3969 | best_val=0.2597 | evals=200 | 1345.6s | ETA: 2:31:40
2026-03-07 21:36:01 | INFO     | rs.benchmark |   │  [RS] Fold 3/8 | RMSE=78657.3123 | best_val=0.2523 | evals=200 | 1394.8s | ETA: 2:03:00
2026-03-07 21:56:47 | INFO     | rs.benchmark |   │  [RS] Fold 4/8 | RMSE=74323.0043 | best_val=0.2626 | evals=200 | 1245.3s | ETA: 1:28:34
2026-03-07 22:20:27 | INFO     | rs.benchmark |   │  [RS] Fold 5/8 | RMSE=76736.7781 | best_val=0.2795 | evals=200 | 1420.3s | ETA: 1:07:40
2026-03-07 22:44:40 | INFO     | rs.benchmark |   │  [RS] Fold 6/8 | RMSE=87086.8442 | best_val=0.2551 | evals=200 | 1452.9s | ETA: 0:45:45
2026-03-07 23:05:33 | INFO     | rs.benchmark |   │  [RS] Fold 7/8 | RMSE=80434.0538 | best_val=0.2494 | evals=200 | 1253.3s | ETA: 0:22:55
2026-03-07 23:35:34 | INFO     | rs.benchmark |   │  [RS] Fold 8/8 | RMSE=88067.8125 | best_val=0.2582 | evals=200 | 1800.3s | ETA: done
2026-03-07 23:35:34 | INFO     | rs.benchmark |   └─ [RS] miami_housing | RMSE=81375.5438±4490.1745 | 193.3 min
2026-03-07 23:35:34 | DEBUG    | rs.benchmark | Results saved → /mnt/disk1/erdemy/app2scale/hdmr-opt/results/tabarena/rs_all18_20260307_180440.csv  (48 rows)
2026-03-07 23:35:34 | INFO     | rs.benchmark | 
2026-03-07 23:35:34 | INFO     | rs.benchmark | ▓▓▓▓▓▓▓▓▓▓▓▓▓▓▓▓▓▓▓▓▓▓▓▓▓▓▓▓▓▓▓▓▓▓▓▓▓▓▓▓▓▓▓▓▓▓▓▓▓▓▓▓▓▓▓▓▓▓▓▓▓▓▓▓▓▓▓▓▓▓
2026-03-07 23:35:34 | INFO     | rs.benchmark |   DATASET: houses  (DID=46934)
2026-03-07 23:35:34 | INFO     | rs.benchmark | ▓▓▓▓▓▓▓▓▓▓▓▓▓▓▓▓▓▓▓▓▓▓▓▓▓▓▓▓▓▓▓▓▓▓▓▓▓▓▓▓▓▓▓▓▓▓▓▓▓▓▓▓▓▓▓▓▓▓▓▓▓▓▓▓▓▓▓▓▓▓
2026-03-07 23:35:34 | INFO     | rs.benchmark | Loading: houses  (DID=46934, task=regression) ...
2026-03-07 23:35:34 | INFO     | openml.datasets.dataset | pickle write houses
2026-03-07 23:35:34 | DEBUG    | openml.datasets.dataset | Saved dataset 46934: houses to file /home/erdemy/.cache/openml/org/openml/www/datasets/46934/dataset_46934.pkl.py3
2026-03-07 23:35:34 | INFO     | rs.benchmark |   houses | 20640 x 8 | y mean=12.085  std=0.569
2026-03-07 23:35:34 | INFO     | rs.benchmark | 
2026-03-07 23:35:34 | INFO     | rs.benchmark |   ┌─ houses  [RS-200]
2026-03-07 23:35:34 | INFO     | rs.benchmark |   │  task=regression  samples=200/fold  (Sobol quasi-random)
2026-03-07 23:58:50 | INFO     | rs.benchmark |   │  [RS] Fold 1/8 | RMSE=0.2034 | best_val=0.3764 | evals=200 | 1396.6s | ETA: 2:42:55
2026-03-08 00:22:21 | INFO     | rs.benchmark |   │  [RS] Fold 2/8 | RMSE=0.2169 | best_val=0.3909 | evals=200 | 1411.0s | ETA: 2:20:22
2026-03-08 00:46:52 | INFO     | rs.benchmark |   │  [RS] Fold 3/8 | RMSE=0.2179 | best_val=0.3693 | evals=200 | 1471.3s | ETA: 1:58:51
2026-03-08 01:10:06 | INFO     | rs.benchmark |   │  [RS] Fold 4/8 | RMSE=0.2128 | best_val=0.3871 | evals=200 | 1393.1s | ETA: 1:35:00
2026-03-08 01:38:02 | INFO     | rs.benchmark |   │  [RS] Fold 5/8 | RMSE=0.2254 | best_val=0.3989 | evals=200 | 1676.1s | ETA: 1:15:40
2026-03-08 02:07:08 | INFO     | rs.benchmark |   │  [RS] Fold 6/8 | RMSE=0.2170 | best_val=0.3596 | evals=200 | 1746.7s | ETA: 0:53:30
2026-03-08 02:35:10 | INFO     | rs.benchmark |   │  [RS] Fold 7/8 | RMSE=0.2211 | best_val=0.3893 | evals=200 | 1681.6s | ETA: 0:28:21
2026-03-08 03:00:54 | INFO     | rs.benchmark |   │  [RS] Fold 8/8 | RMSE=0.2065 | best_val=0.3735 | evals=200 | 1544.4s | ETA: done
2026-03-08 03:00:54 | INFO     | rs.benchmark |   └─ [RS] houses | RMSE=0.2151±0.0068 | 205.3 min
2026-03-08 03:00:54 | DEBUG    | rs.benchmark | Results saved → /mnt/disk1/erdemy/app2scale/hdmr-opt/results/tabarena/rs_all18_20260307_180440.csv  (56 rows)
2026-03-08 03:00:54 | INFO     | rs.benchmark | 
2026-03-08 03:00:54 | INFO     | rs.benchmark | ▓▓▓▓▓▓▓▓▓▓▓▓▓▓▓▓▓▓▓▓▓▓▓▓▓▓▓▓▓▓▓▓▓▓▓▓▓▓▓▓▓▓▓▓▓▓▓▓▓▓▓▓▓▓▓▓▓▓▓▓▓▓▓▓▓▓▓▓▓▓
2026-03-08 03:00:54 | INFO     | rs.benchmark |   DATASET: superconductivity  (DID=46961)
2026-03-08 03:00:54 | INFO     | rs.benchmark | ▓▓▓▓▓▓▓▓▓▓▓▓▓▓▓▓▓▓▓▓▓▓▓▓▓▓▓▓▓▓▓▓▓▓▓▓▓▓▓▓▓▓▓▓▓▓▓▓▓▓▓▓▓▓▓▓▓▓▓▓▓▓▓▓▓▓▓▓▓▓
2026-03-08 03:00:54 | INFO     | rs.benchmark | Loading: superconductivity  (DID=46961, task=regression) ...
2026-03-08 03:00:54 | INFO     | openml.datasets.dataset | pickle write superconductivity
2026-03-08 03:00:54 | DEBUG    | openml.datasets.dataset | Saved dataset 46961: superconductivity to file /home/erdemy/.cache/openml/org/openml/www/datasets/46961/dataset_46961.pkl.py3
2026-03-08 03:00:55 | INFO     | rs.benchmark |   superconductivity | 21263 x 81 | y mean=34.421  std=34.254
2026-03-08 03:00:55 | INFO     | rs.benchmark | 
2026-03-08 03:00:55 | INFO     | rs.benchmark |   ┌─ superconductivity  [RS-200]
2026-03-08 03:00:55 | INFO     | rs.benchmark |   │  task=regression  samples=200/fold  (Sobol quasi-random)
2026-03-08 05:39:56 | INFO     | rs.benchmark |   │  [RS] Fold 1/8 | RMSE=9.2857 | best_val=0.2521 | evals=200 | 9541.2s | ETA: 18:33:08
2026-03-08 07:47:44 | INFO     | rs.benchmark |   │  [RS] Fold 2/8 | RMSE=9.3634 | best_val=0.2773 | evals=200 | 7667.9s | ETA: 14:20:27
2026-03-08 10:01:15 | INFO     | rs.benchmark |   │  [RS] Fold 3/8 | RMSE=8.8111 | best_val=0.2704 | evals=200 | 8011.0s | ETA: 11:40:33
2026-03-08 12:03:37 | INFO     | rs.benchmark |   │  [RS] Fold 4/8 | RMSE=8.7415 | best_val=0.2705 | evals=200 | 7342.5s | ETA: 8:31:35
2026-03-08 14:36:56 | INFO     | rs.benchmark |   │  [RS] Fold 5/8 | RMSE=9.0149 | best_val=0.2508 | evals=200 | 9199.3s | ETA: 6:49:12
2026-03-08 17:18:57 | INFO     | rs.benchmark |   │  [RS] Fold 6/8 | RMSE=9.1337 | best_val=0.2740 | evals=200 | 9720.1s | ETA: 4:51:47
2026-03-08 20:04:37 | INFO     | rs.benchmark |   │  [RS] Fold 7/8 | RMSE=9.4004 | best_val=0.2792 | evals=200 | 9940.7s | ETA: 2:40:20
2026-03-08 22:43:03 | INFO     | rs.benchmark |   │  [RS] Fold 8/8 | RMSE=8.9967 | best_val=0.2741 | evals=200 | 9506.2s | ETA: done
2026-03-08 22:43:03 | INFO     | rs.benchmark |   └─ [RS] superconductivity | RMSE=9.0934±0.2304 | 1182.1 min
2026-03-08 22:43:03 | DEBUG    | rs.benchmark | Results saved → /mnt/disk1/erdemy/app2scale/hdmr-opt/results/tabarena/rs_all18_20260307_180440.csv  (64 rows)
2026-03-08 22:43:03 | INFO     | rs.benchmark | 
2026-03-08 22:43:03 | INFO     | rs.benchmark | ▓▓▓▓▓▓▓▓▓▓▓▓▓▓▓▓▓▓▓▓▓▓▓▓▓▓▓▓▓▓▓▓▓▓▓▓▓▓▓▓▓▓▓▓▓▓▓▓▓▓▓▓▓▓▓▓▓▓▓▓▓▓▓▓▓▓▓▓▓▓
2026-03-08 22:43:03 | INFO     | rs.benchmark |   DATASET: Food_Delivery_Time  (DID=46928)
2026-03-08 22:43:03 | INFO     | rs.benchmark | ▓▓▓▓▓▓▓▓▓▓▓▓▓▓▓▓▓▓▓▓▓▓▓▓▓▓▓▓▓▓▓▓▓▓▓▓▓▓▓▓▓▓▓▓▓▓▓▓▓▓▓▓▓▓▓▓▓▓▓▓▓▓▓▓▓▓▓▓▓▓
2026-03-08 22:43:03 | INFO     | rs.benchmark | Loading: Food_Delivery_Time  (DID=46928, task=regression) ...
2026-03-08 22:43:03 | INFO     | openml.datasets.dataset | pickle write Food_Delivery_Time
2026-03-08 22:43:03 | DEBUG    | openml.datasets.dataset | Saved dataset 46928: Food_Delivery_Time to file /home/erdemy/.cache/openml/org/openml/www/datasets/46928/dataset_46928.pkl.py3
2026-03-08 22:43:03 | INFO     | rs.benchmark |   Food_Delivery_Time | 45451 x 9 | y mean=26.291  std=9.382
2026-03-08 22:43:03 | INFO     | rs.benchmark | 
2026-03-08 22:43:03 | INFO     | rs.benchmark |   ┌─ Food_Delivery_Time  [RS-200]
2026-03-08 22:43:03 | INFO     | rs.benchmark |   │  task=regression  samples=200/fold  (Sobol quasi-random)
2026-03-08 22:55:52 | INFO     | rs.benchmark |   │  [RS] Fold 1/8 | RMSE=7.3999 | best_val=0.7870 | evals=200 | 768.2s | ETA: 1:29:37
2026-03-08 23:09:11 | INFO     | rs.benchmark |   │  [RS] Fold 2/8 | RMSE=7.3191 | best_val=0.7901 | evals=200 | 799.3s | ETA: 1:18:22
2026-03-08 23:22:26 | INFO     | rs.benchmark |   │  [RS] Fold 3/8 | RMSE=7.2795 | best_val=0.7889 | evals=200 | 794.7s | ETA: 1:05:37
2026-03-08 23:35:39 | INFO     | rs.benchmark |   │  [RS] Fold 4/8 | RMSE=7.3054 | best_val=0.7829 | evals=200 | 792.9s | ETA: 0:53:02
2026-03-08 23:47:13 | INFO     | rs.benchmark |   │  [RS] Fold 5/8 | RMSE=7.4041 | best_val=0.7771 | evals=200 | 694.1s | ETA: 0:38:01
2026-03-08 23:58:31 | INFO     | rs.benchmark |   │  [RS] Fold 6/8 | RMSE=7.4411 | best_val=0.7777 | evals=200 | 678.3s | ETA: 0:24:03
2026-03-09 00:11:02 | INFO     | rs.benchmark |   │  [RS] Fold 7/8 | RMSE=7.4431 | best_val=0.7936 | evals=200 | 751.5s | ETA: 0:11:47
2026-03-09 00:22:11 | INFO     | rs.benchmark |   │  [RS] Fold 8/8 | RMSE=7.3773 | best_val=0.7831 | evals=200 | 668.9s | ETA: done
2026-03-09 00:22:11 | INFO     | rs.benchmark |   └─ [RS] Food_Delivery_Time | RMSE=7.3712±0.0586 | 99.1 min
2026-03-09 00:22:11 | DEBUG    | rs.benchmark | Results saved → /mnt/disk1/erdemy/app2scale/hdmr-opt/results/tabarena/rs_all18_20260307_180440.csv  (72 rows)
2026-03-09 00:22:11 | INFO     | rs.benchmark | 
2026-03-09 00:22:11 | INFO     | rs.benchmark | ▓▓▓▓▓▓▓▓▓▓▓▓▓▓▓▓▓▓▓▓▓▓▓▓▓▓▓▓▓▓▓▓▓▓▓▓▓▓▓▓▓▓▓▓▓▓▓▓▓▓▓▓▓▓▓▓▓▓▓▓▓▓▓▓▓▓▓▓▓▓
2026-03-09 00:22:11 | INFO     | rs.benchmark |   DATASET: diamonds  (DID=46923)
2026-03-09 00:22:11 | INFO     | rs.benchmark | ▓▓▓▓▓▓▓▓▓▓▓▓▓▓▓▓▓▓▓▓▓▓▓▓▓▓▓▓▓▓▓▓▓▓▓▓▓▓▓▓▓▓▓▓▓▓▓▓▓▓▓▓▓▓▓▓▓▓▓▓▓▓▓▓▓▓▓▓▓▓
2026-03-09 00:22:11 | INFO     | rs.benchmark | Loading: diamonds  (DID=46923, task=regression) ...
2026-03-09 00:22:11 | INFO     | openml.datasets.dataset | pickle write diamonds
2026-03-09 00:22:11 | DEBUG    | openml.datasets.dataset | Saved dataset 46923: diamonds to file /home/erdemy/.cache/openml/org/openml/www/datasets/46923/dataset_46923.pkl.py3
2026-03-09 00:22:11 | INFO     | rs.benchmark |   diamonds | 53940 x 9 | y mean=3932.800  std=3989.403
2026-03-09 00:22:11 | INFO     | rs.benchmark | 
2026-03-09 00:22:11 | INFO     | rs.benchmark |   ┌─ diamonds  [RS-200]
2026-03-09 00:22:11 | INFO     | rs.benchmark |   │  task=regression  samples=200/fold  (Sobol quasi-random)
2026-03-09 00:45:36 | INFO     | rs.benchmark |   │  [RS] Fold 1/8 | RMSE=502.5449 | best_val=0.1337 | evals=200 | 1404.3s | ETA: 2:43:49
2026-03-09 01:04:04 | INFO     | rs.benchmark |   │  [RS] Fold 2/8 | RMSE=525.8666 | best_val=0.1344 | evals=200 | 1108.0s | ETA: 2:05:36
2026-03-09 01:21:13 | INFO     | rs.benchmark |   │  [RS] Fold 3/8 | RMSE=528.0876 | best_val=0.1407 | evals=200 | 1029.4s | ETA: 1:38:22
2026-03-09 01:41:46 | INFO     | rs.benchmark |   │  [RS] Fold 4/8 | RMSE=517.2549 | best_val=0.1354 | evals=200 | 1233.2s | ETA: 1:14:54
2026-03-09 02:06:59 | INFO     | rs.benchmark |   │  [RS] Fold 5/8 | RMSE=543.2470 | best_val=0.1341 | evals=200 | 1512.7s | ETA: 1:02:55
2026-03-09 02:27:46 | INFO     | rs.benchmark |   │  [RS] Fold 6/8 | RMSE=555.1108 | best_val=0.1263 | evals=200 | 1247.2s | ETA: 0:44:22
2026-03-09 02:48:08 | INFO     | rs.benchmark |   │  [RS] Fold 7/8 | RMSE=514.9451 | best_val=0.1308 | evals=200 | 1222.3s | ETA: 0:22:07
2026-03-09 03:06:09 | INFO     | rs.benchmark |   │  [RS] Fold 8/8 | RMSE=542.6124 | best_val=0.1356 | evals=200 | 1080.4s | ETA: done
2026-03-09 03:06:09 | INFO     | rs.benchmark |   └─ [RS] diamonds | RMSE=528.7087±16.2611 | 164.0 min
2026-03-09 03:06:09 | DEBUG    | rs.benchmark | Results saved → /mnt/disk1/erdemy/app2scale/hdmr-opt/results/tabarena/rs_all18_20260307_180440.csv  (80 rows)
2026-03-09 03:06:09 | INFO     | rs.benchmark | 
2026-03-09 03:06:09 | INFO     | rs.benchmark | ▓▓▓▓▓▓▓▓▓▓▓▓▓▓▓▓▓▓▓▓▓▓▓▓▓▓▓▓▓▓▓▓▓▓▓▓▓▓▓▓▓▓▓▓▓▓▓▓▓▓▓▓▓▓▓▓▓▓▓▓▓▓▓▓▓▓▓▓▓▓
2026-03-09 03:06:09 | INFO     | rs.benchmark |   DATASET: qsar-biodeg  (DID=46952)
2026-03-09 03:06:09 | INFO     | rs.benchmark | ▓▓▓▓▓▓▓▓▓▓▓▓▓▓▓▓▓▓▓▓▓▓▓▓▓▓▓▓▓▓▓▓▓▓▓▓▓▓▓▓▓▓▓▓▓▓▓▓▓▓▓▓▓▓▓▓▓▓▓▓▓▓▓▓▓▓▓▓▓▓
2026-03-09 03:06:09 | INFO     | rs.benchmark | Loading: qsar-biodeg  (DID=46952, task=classification) ...
2026-03-09 03:06:09 | INFO     | openml.datasets.dataset | pickle write qsar-biodeg
2026-03-09 03:06:09 | DEBUG    | openml.datasets.dataset | Saved dataset 46952: qsar-biodeg to file /home/erdemy/.cache/openml/org/openml/www/datasets/46952/dataset_46952.pkl.py3
2026-03-09 03:06:09 | INFO     | rs.benchmark |   qsar-biodeg | 1054 x 41 | classes=2
2026-03-09 03:06:09 | INFO     | rs.benchmark | 
2026-03-09 03:06:09 | INFO     | rs.benchmark |   ┌─ qsar-biodeg  [RS-200]
2026-03-09 03:06:09 | INFO     | rs.benchmark |   │  task=classification  samples=200/fold  (Sobol quasi-random)
2026-03-09 03:10:27 | INFO     | rs.benchmark |   │  [RS] Fold 1/8 | AUC=0.9464 | best_val=0.2216 | evals=200 | 258.3s | ETA: 0:30:07
2026-03-09 03:12:50 | INFO     | rs.benchmark |   │  [RS] Fold 2/8 | AUC=0.9287 | best_val=0.3389 | evals=200 | 142.7s | ETA: 0:20:03
2026-03-09 03:17:22 | INFO     | rs.benchmark |   │  [RS] Fold 3/8 | AUC=0.9285 | best_val=0.2391 | evals=200 | 272.0s | ETA: 0:18:41
2026-03-09 03:20:13 | INFO     | rs.benchmark |   │  [RS] Fold 4/8 | AUC=0.9192 | best_val=0.2882 | evals=200 | 170.7s | ETA: 0:13:00
2026-03-09 03:24:31 | INFO     | rs.benchmark |   │  [RS] Fold 5/8 | AUC=0.9303 | best_val=0.2323 | evals=200 | 258.5s | ETA: 0:11:41
2026-03-09 03:28:46 | INFO     | rs.benchmark |   │  [RS] Fold 6/8 | AUC=0.9272 | best_val=0.2616 | evals=200 | 255.2s | ETA: 0:07:36
2026-03-09 03:32:40 | INFO     | rs.benchmark |   │  [RS] Fold 7/8 | AUC=0.9582 | best_val=0.2813 | evals=200 | 233.6s | ETA: 0:04:09
2026-03-09 03:35:28 | INFO     | rs.benchmark |   │  [RS] Fold 8/8 | AUC=0.9284 | best_val=0.3097 | evals=200 | 167.7s | ETA: done
2026-03-09 03:35:28 | INFO     | rs.benchmark |   └─ [RS] qsar-biodeg | AUC=0.9334±0.0118 | 29.3 min
2026-03-09 03:35:28 | DEBUG    | rs.benchmark | Results saved → /mnt/disk1/erdemy/app2scale/hdmr-opt/results/tabarena/rs_all18_20260307_180440.csv  (88 rows)
2026-03-09 03:35:28 | INFO     | rs.benchmark | 
2026-03-09 03:35:28 | INFO     | rs.benchmark | ▓▓▓▓▓▓▓▓▓▓▓▓▓▓▓▓▓▓▓▓▓▓▓▓▓▓▓▓▓▓▓▓▓▓▓▓▓▓▓▓▓▓▓▓▓▓▓▓▓▓▓▓▓▓▓▓▓▓▓▓▓▓▓▓▓▓▓▓▓▓
2026-03-09 03:35:28 | INFO     | rs.benchmark |   DATASET: Fitness_Club  (DID=46927)
2026-03-09 03:35:28 | INFO     | rs.benchmark | ▓▓▓▓▓▓▓▓▓▓▓▓▓▓▓▓▓▓▓▓▓▓▓▓▓▓▓▓▓▓▓▓▓▓▓▓▓▓▓▓▓▓▓▓▓▓▓▓▓▓▓▓▓▓▓▓▓▓▓▓▓▓▓▓▓▓▓▓▓▓
2026-03-09 03:35:28 | INFO     | rs.benchmark | Loading: Fitness_Club  (DID=46927, task=classification) ...
2026-03-09 03:35:28 | INFO     | openml.datasets.dataset | pickle write Fitness_Club
2026-03-09 03:35:28 | DEBUG    | openml.datasets.dataset | Saved dataset 46927: Fitness_Club to file /home/erdemy/.cache/openml/org/openml/www/datasets/46927/dataset_46927.pkl.py3
2026-03-09 03:35:28 | INFO     | rs.benchmark |   Fitness_Club | 1500 x 6 | classes=2
2026-03-09 03:35:28 | INFO     | rs.benchmark | 
2026-03-09 03:35:28 | INFO     | rs.benchmark |   ┌─ Fitness_Club  [RS-200]
2026-03-09 03:35:28 | INFO     | rs.benchmark |   │  task=classification  samples=200/fold  (Sobol quasi-random)
2026-03-09 03:35:59 | INFO     | rs.benchmark |   │  [RS] Fold 1/8 | AUC=0.8402 | best_val=0.4929 | evals=200 | 31.8s | ETA: 0:03:42
2026-03-09 03:36:42 | INFO     | rs.benchmark |   │  [RS] Fold 2/8 | AUC=0.8052 | best_val=0.4563 | evals=200 | 42.2s | ETA: 0:03:42
2026-03-09 03:37:05 | INFO     | rs.benchmark |   │  [RS] Fold 3/8 | AUC=0.7249 | best_val=0.4755 | evals=200 | 23.5s | ETA: 0:02:42
2026-03-09 03:37:38 | INFO     | rs.benchmark |   │  [RS] Fold 4/8 | AUC=0.8788 | best_val=0.4721 | evals=200 | 32.5s | ETA: 0:02:10
2026-03-09 03:38:04 | INFO     | rs.benchmark |   │  [RS] Fold 5/8 | AUC=0.7782 | best_val=0.4681 | evals=200 | 26.8s | ETA: 0:01:22
2026-03-09 03:38:38 | INFO     | rs.benchmark |   │  [RS] Fold 6/8 | AUC=0.8246 | best_val=0.5027 | evals=200 | 33.4s | ETA: 0:01:01
2026-03-09 03:39:17 | INFO     | rs.benchmark |   │  [RS] Fold 7/8 | AUC=0.7914 | best_val=0.4686 | evals=200 | 39.5s | ETA: 0:00:33
2026-03-09 03:39:58 | INFO     | rs.benchmark |   │  [RS] Fold 8/8 | AUC=0.8034 | best_val=0.4344 | evals=200 | 40.9s | ETA: done
2026-03-09 03:39:58 | INFO     | rs.benchmark |   └─ [RS] Fitness_Club | AUC=0.8059±0.0424 | 4.5 min
2026-03-09 03:39:58 | DEBUG    | rs.benchmark | Results saved → /mnt/disk1/erdemy/app2scale/hdmr-opt/results/tabarena/rs_all18_20260307_180440.csv  (96 rows)
2026-03-09 03:39:58 | INFO     | rs.benchmark | 
2026-03-09 03:39:58 | INFO     | rs.benchmark | ▓▓▓▓▓▓▓▓▓▓▓▓▓▓▓▓▓▓▓▓▓▓▓▓▓▓▓▓▓▓▓▓▓▓▓▓▓▓▓▓▓▓▓▓▓▓▓▓▓▓▓▓▓▓▓▓▓▓▓▓▓▓▓▓▓▓▓▓▓▓
2026-03-09 03:39:58 | INFO     | rs.benchmark |   DATASET: Is-this-a-good-customer  (DID=46938)
2026-03-09 03:39:58 | INFO     | rs.benchmark | ▓▓▓▓▓▓▓▓▓▓▓▓▓▓▓▓▓▓▓▓▓▓▓▓▓▓▓▓▓▓▓▓▓▓▓▓▓▓▓▓▓▓▓▓▓▓▓▓▓▓▓▓▓▓▓▓▓▓▓▓▓▓▓▓▓▓▓▓▓▓
2026-03-09 03:39:58 | INFO     | rs.benchmark | Loading: Is-this-a-good-customer  (DID=46938, task=classification) ...
2026-03-09 03:39:58 | INFO     | openml.datasets.dataset | pickle write Is-this-a-good-customer
2026-03-09 03:39:58 | DEBUG    | openml.datasets.dataset | Saved dataset 46938: Is-this-a-good-customer to file /home/erdemy/.cache/openml/org/openml/www/datasets/46938/dataset_46938.pkl.py3
2026-03-09 03:39:58 | INFO     | rs.benchmark |   Is-this-a-good-customer | 1723 x 13 | classes=2
2026-03-09 03:39:58 | INFO     | rs.benchmark | 
2026-03-09 03:39:58 | INFO     | rs.benchmark |   ┌─ Is-this-a-good-customer  [RS-200]
2026-03-09 03:39:58 | INFO     | rs.benchmark |   │  task=classification  samples=200/fold  (Sobol quasi-random)
2026-03-09 03:40:39 | INFO     | rs.benchmark |   │  [RS] Fold 1/8 | AUC=0.7192 | best_val=0.3146 | evals=200 | 40.4s | ETA: 0:04:43
2026-03-09 03:41:32 | INFO     | rs.benchmark |   │  [RS] Fold 2/8 | AUC=0.7962 | best_val=0.3151 | evals=200 | 53.5s | ETA: 0:04:41
2026-03-09 03:42:04 | INFO     | rs.benchmark |   │  [RS] Fold 3/8 | AUC=0.7359 | best_val=0.2999 | evals=200 | 32.4s | ETA: 0:03:30
2026-03-09 03:42:39 | INFO     | rs.benchmark |   │  [RS] Fold 4/8 | AUC=0.8442 | best_val=0.3504 | evals=200 | 34.4s | ETA: 0:02:40
2026-03-09 03:43:08 | INFO     | rs.benchmark |   │  [RS] Fold 5/8 | AUC=0.6808 | best_val=0.3141 | evals=200 | 28.7s | ETA: 0:01:35
2026-03-09 03:43:52 | INFO     | rs.benchmark |   │  [RS] Fold 6/8 | AUC=0.7956 | best_val=0.3047 | evals=200 | 44.1s | ETA: 0:01:11
2026-03-09 03:44:40 | INFO     | rs.benchmark |   │  [RS] Fold 7/8 | AUC=0.7210 | best_val=0.2587 | evals=200 | 48.5s | ETA: 0:00:40
2026-03-09 03:45:12 | INFO     | rs.benchmark |   │  [RS] Fold 8/8 | AUC=0.7314 | best_val=0.3347 | evals=200 | 31.8s | ETA: done
2026-03-09 03:45:12 | INFO     | rs.benchmark |   └─ [RS] Is-this-a-good-customer | AUC=0.7530±0.0502 | 5.2 min
2026-03-09 03:45:12 | DEBUG    | rs.benchmark | Results saved → /mnt/disk1/erdemy/app2scale/hdmr-opt/results/tabarena/rs_all18_20260307_180440.csv  (104 rows)
2026-03-09 03:45:12 | INFO     | rs.benchmark | 
2026-03-09 03:45:12 | INFO     | rs.benchmark | ▓▓▓▓▓▓▓▓▓▓▓▓▓▓▓▓▓▓▓▓▓▓▓▓▓▓▓▓▓▓▓▓▓▓▓▓▓▓▓▓▓▓▓▓▓▓▓▓▓▓▓▓▓▓▓▓▓▓▓▓▓▓▓▓▓▓▓▓▓▓
2026-03-09 03:45:12 | INFO     | rs.benchmark |   DATASET: Marketing_Campaign  (DID=46940)
2026-03-09 03:45:12 | INFO     | rs.benchmark | ▓▓▓▓▓▓▓▓▓▓▓▓▓▓▓▓▓▓▓▓▓▓▓▓▓▓▓▓▓▓▓▓▓▓▓▓▓▓▓▓▓▓▓▓▓▓▓▓▓▓▓▓▓▓▓▓▓▓▓▓▓▓▓▓▓▓▓▓▓▓
2026-03-09 03:45:12 | INFO     | rs.benchmark | Loading: Marketing_Campaign  (DID=46940, task=classification) ...
2026-03-09 03:45:12 | INFO     | openml.datasets.dataset | pickle write Marketing_Campaign
2026-03-09 03:45:12 | DEBUG    | openml.datasets.dataset | Saved dataset 46940: Marketing_Campaign to file /home/erdemy/.cache/openml/org/openml/www/datasets/46940/dataset_46940.pkl.py3
2026-03-09 03:45:12 | INFO     | rs.benchmark |   Marketing_Campaign | 2240 x 25 | classes=2
2026-03-09 03:45:12 | INFO     | rs.benchmark | 
2026-03-09 03:45:12 | INFO     | rs.benchmark |   ┌─ Marketing_Campaign  [RS-200]
2026-03-09 03:45:12 | INFO     | rs.benchmark |   │  task=classification  samples=200/fold  (Sobol quasi-random)
2026-03-09 03:47:55 | INFO     | rs.benchmark |   │  [RS] Fold 1/8 | AUC=0.8912 | best_val=0.2447 | evals=200 | 163.4s | ETA: 0:19:03
2026-03-09 03:50:49 | INFO     | rs.benchmark |   │  [RS] Fold 2/8 | AUC=0.9133 | best_val=0.2557 | evals=200 | 173.3s | ETA: 0:16:50
2026-03-09 03:53:46 | INFO     | rs.benchmark |   │  [RS] Fold 3/8 | AUC=0.8971 | best_val=0.2526 | evals=200 | 177.4s | ETA: 0:14:16
2026-03-09 03:56:57 | INFO     | rs.benchmark |   │  [RS] Fold 4/8 | AUC=0.8583 | best_val=0.2458 | evals=200 | 190.4s | ETA: 0:12:01
2026-03-09 04:00:05 | INFO     | rs.benchmark |   │  [RS] Fold 5/8 | AUC=0.9229 | best_val=0.2626 | evals=200 | 188.1s | ETA: 0:09:15
2026-03-09 04:02:45 | INFO     | rs.benchmark |   │  [RS] Fold 6/8 | AUC=0.8893 | best_val=0.2178 | evals=200 | 160.4s | ETA: 0:05:59
2026-03-09 04:05:25 | INFO     | rs.benchmark |   │  [RS] Fold 7/8 | AUC=0.8870 | best_val=0.2734 | evals=200 | 159.6s | ETA: 0:02:49
2026-03-09 04:07:42 | INFO     | rs.benchmark |   │  [RS] Fold 8/8 | AUC=0.9361 | best_val=0.2537 | evals=200 | 137.2s | ETA: done
2026-03-09 04:07:42 | INFO     | rs.benchmark |   └─ [RS] Marketing_Campaign | AUC=0.8994±0.0227 | 22.5 min
2026-03-09 04:07:42 | DEBUG    | rs.benchmark | Results saved → /mnt/disk1/erdemy/app2scale/hdmr-opt/results/tabarena/rs_all18_20260307_180440.csv  (112 rows)
2026-03-09 04:07:42 | INFO     | rs.benchmark | 
2026-03-09 04:07:42 | INFO     | rs.benchmark | ▓▓▓▓▓▓▓▓▓▓▓▓▓▓▓▓▓▓▓▓▓▓▓▓▓▓▓▓▓▓▓▓▓▓▓▓▓▓▓▓▓▓▓▓▓▓▓▓▓▓▓▓▓▓▓▓▓▓▓▓▓▓▓▓▓▓▓▓▓▓
2026-03-09 04:07:42 | INFO     | rs.benchmark |   DATASET: hazelnut-contaminant-detection  (DID=46930)
2026-03-09 04:07:42 | INFO     | rs.benchmark | ▓▓▓▓▓▓▓▓▓▓▓▓▓▓▓▓▓▓▓▓▓▓▓▓▓▓▓▓▓▓▓▓▓▓▓▓▓▓▓▓▓▓▓▓▓▓▓▓▓▓▓▓▓▓▓▓▓▓▓▓▓▓▓▓▓▓▓▓▓▓
2026-03-09 04:07:42 | INFO     | rs.benchmark | Loading: hazelnut-contaminant-detection  (DID=46930, task=classification) ...
2026-03-09 04:07:42 | INFO     | openml.datasets.dataset | pickle write hazelnut-spread-contaminant-detection
2026-03-09 04:07:42 | DEBUG    | openml.datasets.dataset | Saved dataset 46930: hazelnut-spread-contaminant-detection to file /home/erdemy/.cache/openml/org/openml/www/datasets/46930/dataset_46930.pkl.py3
2026-03-09 04:07:42 | INFO     | rs.benchmark |   hazelnut-contaminant-detection | 2400 x 30 | classes=2
2026-03-09 04:07:42 | INFO     | rs.benchmark | 
2026-03-09 04:07:42 | INFO     | rs.benchmark |   ┌─ hazelnut-contaminant-detection  [RS-200]
2026-03-09 04:07:42 | INFO     | rs.benchmark |   │  task=classification  samples=200/fold  (Sobol quasi-random)
2026-03-09 04:22:16 | INFO     | rs.benchmark |   │  [RS] Fold 1/8 | AUC=0.9859 | best_val=0.1948 | evals=200 | 874.3s | ETA: 1:41:59
2026-03-09 04:34:21 | INFO     | rs.benchmark |   │  [RS] Fold 2/8 | AUC=0.9753 | best_val=0.1865 | evals=200 | 724.7s | ETA: 1:19:56
2026-03-09 04:44:34 | INFO     | rs.benchmark |   │  [RS] Fold 3/8 | AUC=0.9804 | best_val=0.2364 | evals=200 | 612.9s | ETA: 1:01:26
2026-03-09 04:57:41 | INFO     | rs.benchmark |   │  [RS] Fold 4/8 | AUC=0.9772 | best_val=0.2064 | evals=200 | 787.0s | ETA: 0:47:12
2026-03-09 05:08:33 | INFO     | rs.benchmark |   │  [RS] Fold 5/8 | AUC=0.9802 | best_val=0.2381 | evals=200 | 652.3s | ETA: 0:34:12
2026-03-09 05:24:31 | INFO     | rs.benchmark |   │  [RS] Fold 6/8 | AUC=0.9815 | best_val=0.1341 | evals=200 | 958.3s | ETA: 0:26:38
2026-03-09 05:38:18 | INFO     | rs.benchmark |   │  [RS] Fold 7/8 | AUC=0.9785 | best_val=0.1817 | evals=200 | 827.0s | ETA: 0:13:32
2026-03-09 05:50:24 | INFO     | rs.benchmark |   │  [RS] Fold 8/8 | AUC=0.9745 | best_val=0.2315 | evals=200 | 726.0s | ETA: done
2026-03-09 05:50:24 | INFO     | rs.benchmark |   └─ [RS] hazelnut-contaminant-detection | AUC=0.9792±0.0034 | 102.7 min
2026-03-09 05:50:24 | DEBUG    | rs.benchmark | Results saved → /mnt/disk1/erdemy/app2scale/hdmr-opt/results/tabarena/rs_all18_20260307_180440.csv  (120 rows)
2026-03-09 05:50:24 | INFO     | rs.benchmark | 
2026-03-09 05:50:24 | INFO     | rs.benchmark | ▓▓▓▓▓▓▓▓▓▓▓▓▓▓▓▓▓▓▓▓▓▓▓▓▓▓▓▓▓▓▓▓▓▓▓▓▓▓▓▓▓▓▓▓▓▓▓▓▓▓▓▓▓▓▓▓▓▓▓▓▓▓▓▓▓▓▓▓▓▓
2026-03-09 05:50:24 | INFO     | rs.benchmark |   DATASET: seismic-bumps  (DID=46956)
2026-03-09 05:50:24 | INFO     | rs.benchmark | ▓▓▓▓▓▓▓▓▓▓▓▓▓▓▓▓▓▓▓▓▓▓▓▓▓▓▓▓▓▓▓▓▓▓▓▓▓▓▓▓▓▓▓▓▓▓▓▓▓▓▓▓▓▓▓▓▓▓▓▓▓▓▓▓▓▓▓▓▓▓
2026-03-09 05:50:24 | INFO     | rs.benchmark | Loading: seismic-bumps  (DID=46956, task=classification) ...
2026-03-09 05:50:24 | INFO     | openml.datasets.dataset | pickle write seismic-bumps
2026-03-09 05:50:24 | DEBUG    | openml.datasets.dataset | Saved dataset 46956: seismic-bumps to file /home/erdemy/.cache/openml/org/openml/www/datasets/46956/dataset_46956.pkl.py3
2026-03-09 05:50:24 | INFO     | rs.benchmark |   seismic-bumps | 2584 x 15 | classes=2
2026-03-09 05:50:24 | INFO     | rs.benchmark | 
2026-03-09 05:50:24 | INFO     | rs.benchmark |   ┌─ seismic-bumps  [RS-200]
2026-03-09 05:50:24 | INFO     | rs.benchmark |   │  task=classification  samples=200/fold  (Sobol quasi-random)
2026-03-09 05:51:05 | INFO     | rs.benchmark |   │  [RS] Fold 1/8 | AUC=0.7450 | best_val=0.1862 | evals=200 | 40.4s | ETA: 0:04:42
2026-03-09 05:51:40 | INFO     | rs.benchmark |   │  [RS] Fold 2/8 | AUC=0.7662 | best_val=0.1880 | evals=200 | 34.8s | ETA: 0:03:45
2026-03-09 05:52:12 | INFO     | rs.benchmark |   │  [RS] Fold 3/8 | AUC=0.7846 | best_val=0.2345 | evals=200 | 32.8s | ETA: 0:03:00
2026-03-09 05:53:05 | INFO     | rs.benchmark |   │  [RS] Fold 4/8 | AUC=0.8332 | best_val=0.1936 | evals=200 | 52.8s | ETA: 0:02:40
2026-03-09 05:53:47 | INFO     | rs.benchmark |   │  [RS] Fold 5/8 | AUC=0.8272 | best_val=0.2026 | evals=200 | 41.7s | ETA: 0:02:07
2026-03-09 05:54:24 | INFO     | rs.benchmark |   │  [RS] Fold 6/8 | AUC=0.7715 | best_val=0.2362 | evals=200 | 37.3s | ETA: 0:01:27
2026-03-09 05:54:44 | INFO     | rs.benchmark |   │  [RS] Fold 7/8 | AUC=0.7110 | best_val=0.2182 | evals=200 | 20.3s | ETA: 0:00:33
2026-03-09 05:55:21 | INFO     | rs.benchmark |   │  [RS] Fold 8/8 | AUC=0.7169 | best_val=0.1687 | evals=200 | 36.4s | ETA: done
2026-03-09 05:55:21 | INFO     | rs.benchmark |   └─ [RS] seismic-bumps | AUC=0.7694±0.0425 | 4.9 min
2026-03-09 05:55:21 | DEBUG    | rs.benchmark | Results saved → /mnt/disk1/erdemy/app2scale/hdmr-opt/results/tabarena/rs_all18_20260307_180440.csv  (128 rows)
2026-03-09 05:55:21 | INFO     | rs.benchmark | 
2026-03-09 05:55:21 | INFO     | rs.benchmark | ▓▓▓▓▓▓▓▓▓▓▓▓▓▓▓▓▓▓▓▓▓▓▓▓▓▓▓▓▓▓▓▓▓▓▓▓▓▓▓▓▓▓▓▓▓▓▓▓▓▓▓▓▓▓▓▓▓▓▓▓▓▓▓▓▓▓▓▓▓▓
2026-03-09 05:55:21 | INFO     | rs.benchmark |   DATASET: website_phishing  (DID=46963)
2026-03-09 05:55:21 | INFO     | rs.benchmark | ▓▓▓▓▓▓▓▓▓▓▓▓▓▓▓▓▓▓▓▓▓▓▓▓▓▓▓▓▓▓▓▓▓▓▓▓▓▓▓▓▓▓▓▓▓▓▓▓▓▓▓▓▓▓▓▓▓▓▓▓▓▓▓▓▓▓▓▓▓▓
2026-03-09 05:55:21 | INFO     | rs.benchmark | Loading: website_phishing  (DID=46963, task=classification) ...
2026-03-09 05:55:21 | INFO     | openml.datasets.dataset | pickle write website_phishing
2026-03-09 05:55:21 | DEBUG    | openml.datasets.dataset | Saved dataset 46963: website_phishing to file /home/erdemy/.cache/openml/org/openml/www/datasets/46963/dataset_46963.pkl.py3
2026-03-09 05:55:21 | INFO     | rs.benchmark |   website_phishing | 1353 x 9 | classes=3
2026-03-09 05:55:21 | INFO     | rs.benchmark | 
2026-03-09 05:55:21 | INFO     | rs.benchmark |   ┌─ website_phishing  [RS-200]
2026-03-09 05:55:21 | INFO     | rs.benchmark |   │  task=classification  samples=200/fold  (Sobol quasi-random)
2026-03-09 05:58:27 | INFO     | rs.benchmark |   │  [RS] Fold 1/8 | AUC=0.9789 | best_val=0.3387 | evals=200 | 186.4s | ETA: 0:21:44
2026-03-09 06:06:52 | INFO     | rs.benchmark |   │  [RS] Fold 2/8 | AUC=0.9783 | best_val=0.2446 | evals=200 | 505.1s | ETA: 0:34:34
2026-03-09 06:12:03 | INFO     | rs.benchmark |   │  [RS] Fold 3/8 | AUC=0.9789 | best_val=0.2913 | evals=200 | 311.3s | ETA: 0:27:51
2026-03-09 06:19:10 | INFO     | rs.benchmark |   │  [RS] Fold 4/8 | AUC=0.9763 | best_val=0.2103 | evals=200 | 426.6s | ETA: 0:27:37
2026-03-09 06:25:53 | INFO     | rs.benchmark |   │  [RS] Fold 5/8 | AUC=0.9711 | best_val=0.2780 | evals=200 | 402.6s | ETA: 0:19:00
2026-03-09 06:32:13 | INFO     | rs.benchmark |   │  [RS] Fold 6/8 | AUC=0.9785 | best_val=0.2890 | evals=200 | 380.1s | ETA: 0:13:26
2026-03-09 06:38:28 | INFO     | rs.benchmark |   │  [RS] Fold 7/8 | AUC=0.9789 | best_val=0.2650 | evals=200 | 375.1s | ETA: 0:06:25
2026-03-09 06:46:17 | INFO     | rs.benchmark |   │  [RS] Fold 8/8 | AUC=0.9811 | best_val=0.2514 | evals=200 | 468.8s | ETA: done
2026-03-09 06:46:17 | INFO     | rs.benchmark |   └─ [RS] website_phishing | AUC=0.9777±0.0028 | 50.9 min
2026-03-09 06:46:17 | DEBUG    | rs.benchmark | Results saved → /mnt/disk1/erdemy/app2scale/hdmr-opt/results/tabarena/rs_all18_20260307_180440.csv  (136 rows)
2026-03-09 06:46:17 | INFO     | rs.benchmark | 
2026-03-09 06:46:17 | INFO     | rs.benchmark | ▓▓▓▓▓▓▓▓▓▓▓▓▓▓▓▓▓▓▓▓▓▓▓▓▓▓▓▓▓▓▓▓▓▓▓▓▓▓▓▓▓▓▓▓▓▓▓▓▓▓▓▓▓▓▓▓▓▓▓▓▓▓▓▓▓▓▓▓▓▓
2026-03-09 06:46:17 | INFO     | rs.benchmark |   DATASET: credit-g  (DID=46918)
2026-03-09 06:46:17 | INFO     | rs.benchmark | ▓▓▓▓▓▓▓▓▓▓▓▓▓▓▓▓▓▓▓▓▓▓▓▓▓▓▓▓▓▓▓▓▓▓▓▓▓▓▓▓▓▓▓▓▓▓▓▓▓▓▓▓▓▓▓▓▓▓▓▓▓▓▓▓▓▓▓▓▓▓
2026-03-09 06:46:17 | INFO     | rs.benchmark | Loading: credit-g  (DID=46918, task=classification) ...
2026-03-09 06:46:17 | INFO     | openml.datasets.dataset | pickle write credit-g
2026-03-09 06:46:17 | DEBUG    | openml.datasets.dataset | Saved dataset 46918: credit-g to file /home/erdemy/.cache/openml/org/openml/www/datasets/46918/dataset_46918.pkl.py3
2026-03-09 06:46:17 | INFO     | rs.benchmark |   credit-g | 1000 x 20 | classes=2
2026-03-09 06:46:17 | INFO     | rs.benchmark | 
2026-03-09 06:46:17 | INFO     | rs.benchmark |   ┌─ credit-g  [RS-200]
2026-03-09 06:46:17 | INFO     | rs.benchmark |   │  task=classification  samples=200/fold  (Sobol quasi-random)
2026-03-09 06:47:18 | INFO     | rs.benchmark |   │  [RS] Fold 1/8 | AUC=0.7737 | best_val=0.4531 | evals=200 | 61.5s | ETA: 0:07:10
2026-03-09 06:47:58 | INFO     | rs.benchmark |   │  [RS] Fold 2/8 | AUC=0.8097 | best_val=0.5502 | evals=200 | 40.3s | ETA: 0:05:05
2026-03-09 06:49:07 | INFO     | rs.benchmark |   │  [RS] Fold 3/8 | AUC=0.7444 | best_val=0.5261 | evals=200 | 68.7s | ETA: 0:04:44
2026-03-09 06:49:55 | INFO     | rs.benchmark |   │  [RS] Fold 4/8 | AUC=0.7517 | best_val=0.4594 | evals=200 | 47.8s | ETA: 0:03:29
2026-03-09 06:52:16 | INFO     | rs.benchmark |   │  [RS] Fold 5/8 | AUC=0.7479 | best_val=0.4663 | evals=200 | 141.6s | ETA: 0:04:18
2026-03-09 06:53:51 | INFO     | rs.benchmark |   │  [RS] Fold 6/8 | AUC=0.8188 | best_val=0.4591 | evals=200 | 94.3s | ETA: 0:03:09
2026-03-09 06:55:18 | INFO     | rs.benchmark |   │  [RS] Fold 7/8 | AUC=0.8037 | best_val=0.4641 | evals=200 | 87.2s | ETA: 0:01:47
2026-03-09 06:57:04 | INFO     | rs.benchmark |   │  [RS] Fold 8/8 | AUC=0.7740 | best_val=0.4540 | evals=200 | 105.8s | ETA: done
2026-03-09 06:57:04 | INFO     | rs.benchmark |   └─ [RS] credit-g | AUC=0.7780±0.0276 | 10.8 min
2026-03-09 06:57:04 | DEBUG    | rs.benchmark | Results saved → /mnt/disk1/erdemy/app2scale/hdmr-opt/results/tabarena/rs_all18_20260307_180440.csv  (144 rows)
2026-03-09 06:57:04 | INFO     | rs.benchmark | 
2026-03-09 06:57:04 | INFO     | rs.benchmark | ======================================================================
2026-03-09 06:57:04 | INFO     | rs.benchmark | ALL EXPERIMENTS COMPLETE
2026-03-09 06:57:04 | INFO     | rs.benchmark | Datasets   : 18 / 18
2026-03-09 06:57:04 | INFO     | rs.benchmark | Failed     : 0  
2026-03-09 06:57:04 | INFO     | rs.benchmark | Wall time  : 1 day, 12:52:23  (36.9 hr)
2026-03-09 06:57:04 | DEBUG    | rs.benchmark | Results saved → /mnt/disk1/erdemy/app2scale/hdmr-opt/results/tabarena/rs_all18_20260307_180440.csv  (144 rows)
2026-03-09 06:57:04 | INFO     | rs.benchmark | Results    : /mnt/disk1/erdemy/app2scale/hdmr-opt/results/tabarena/rs_all18_20260307_180440.csv
2026-03-09 06:57:04 | INFO     | rs.benchmark | ======================================================================
