COMMAND:
python -m src.forecast_example --algorithm ets --metric mae --samples 200 --basis Cosine --degree 7 --split 2020-01-01 --seed 42

STDOUT:
================================================================================
HDMR-BASED FORECASTING HYPERPARAMETER OPTIMIZATION
================================================================================

1. Configuration
--------------------------------------------------------------------------------
   Algorithm:        ETS
   Metric:           MAE
   Data Path:        /mnt/disk1/erdemy/app2scale/hdmr-opt/src/data/transactions.csv
   Split Date:       2020-01-01
   HDMR Samples:     200
   Basis Function:   Cosine (degree 7)
   Adaptive:         False
   Plots enabled:    True
   Date format:      MM/DD/YYYY (strict)

2. Loading & Validating Data
--------------------------------------------------------------------------------
   ✓ Date parsing: auto-detected (2015-10-01 → 2021-06-30)
   ✓ CSV rows:          2100
   ✓ Date range:        2015-10-01 → 2021-06-30
   ✓ Date format:       MM/DD/YYYY (strict)
   ✓ Transactions dtype: float64
   ✓ Train samples (after features): 1525
   ✓ Test samples  (after features): 547
   ✓ Feature count:                 32

3. Hyperparameter Space
--------------------------------------------------------------------------------
   Number of hyperparameters: 1
   seasonal_periods     [  1.000000,  52.000000]

4. Creating Optimization Objective
--------------------------------------------------------------------------------
   Objective: Minimize MAE over ℝ^1

5. Running HDMR Optimization
--------------------------------------------------------------------------------
   Initial point x0: [26.5]
   Optimization started...

6. Optimization Results
--------------------------------------------------------------------------------
   Runtime:          163.83 seconds
   Success:          True
   Iterations:       1
   Function evals:   200
   Best  MAE:       2.013056

   Optimal Hyperparameters (raw):
      seasonal_periods     = 26.500000

   Optimal Hyperparameters (casted):
      seasonal_periods     = 27

7. Final Model Evaluation
--------------------------------------------------------------------------------
   Test Set Metrics:
      MSE      = 6.966027
      RMSE     = 2.639323
      MAE      = 2.013056
      MAPE     = 13.771152
      SMAPE    = 7.130445
      MASE     = 1.834014

   ✓ Results saved to: results/forecasting/forecast_ets_mae_hdmr_N200_m7.txt

8. Saving Visualizations
--------------------------------------------------------------------------------
   ✓ Results plot saved to: results/forecasting/forecast_ets_mae_hdmr_results.png
   ✓ Alpha plot saved to: results/forecasting/forecast_ets_mae_hdmr_alpha.png
   ✓ Prediction plot saved to: results/forecasting/forecast_ets_mae_predictions.png

================================================================================

✓ Optimization completed successfully!
✓ Best MAE: 2.013056
✓ Optimization time: 163.83 seconds
✓ Results saved under results/forecasting/


STDERR:
/mnt/disk1/erdemy/app2scale/hdmr-opt/hdmr-env/lib/python3.10/site-packages/xgboost/core.py:377: FutureWarning: Your system has an old version of glibc (< 2.28). We will stop supporting Linux distros with glibc older than 2.28 after **May 31, 2025**. Please upgrade to a recent Linux distro (with glibc >= 2.28) to use future versions of XGBoost.
Note: You have installed the 'manylinux2014' variant of XGBoost. Certain features such as GPU algorithms or federated learning are not available. To use these features, please upgrade to a recent Linux distro with glibc 2.28+, and install the 'manylinux_2_28' variant.
  warnings.warn(
/mnt/disk1/erdemy/app2scale/hdmr-opt/src/functions_forecast.py:61: UserWarning: PyTorch not available. Install with: pip install torch
  warnings.warn("PyTorch not available. Install with: pip install torch")
