COMMAND:
python -m src.forecast_example --algorithm xgboost --metric mape --samples 200 --basis Cosine --degree 7 --split 2020-01-01 --seed 42

STDOUT:
================================================================================
HDMR-BASED FORECASTING HYPERPARAMETER OPTIMIZATION
================================================================================

1. Configuration
--------------------------------------------------------------------------------
   Algorithm:        XGBOOST
   Metric:           MAPE
   Data Path:        /mnt/disk1/erdemy/app2scale/hdmr-opt/src/data/transactions.csv
   Split Date:       2020-01-01
   HDMR Samples:     200
   Basis Function:   Cosine (degree 7)
   Adaptive:         False
   Plots enabled:    True
   Date format:      MM/DD/YYYY (strict)

2. Loading & Validating Data
--------------------------------------------------------------------------------
   ✓ Date parsing: auto-detected (2015-10-01 → 2021-06-30)
   ✓ CSV rows:          2100
   ✓ Date range:        2015-10-01 → 2021-06-30
   ✓ Date format:       MM/DD/YYYY (strict)
   ✓ Transactions dtype: float64
   ✓ Train samples (after features): 1525
   ✓ Test samples  (after features): 547
   ✓ Feature count:                 32

3. Hyperparameter Space
--------------------------------------------------------------------------------
   Number of hyperparameters: 6
   learning_rate        [  0.001000,   0.300000]
   max_depth            [  1.000000,  10.000000]
   subsample            [  0.500000,   1.000000]
   colsample_bytree     [  0.500000,   1.000000]
   min_child_weight     [  1.000000,  10.000000]
   gamma                [  0.000000,   5.000000]

4. Creating Optimization Objective
--------------------------------------------------------------------------------
   Objective: Minimize MAPE over ℝ^6

5. Running HDMR Optimization
--------------------------------------------------------------------------------
   Initial point x0: [0.1505 5.5    0.75   0.75   5.5    2.5   ]
   Optimization started...

6. Optimization Results
--------------------------------------------------------------------------------
   Runtime:          145.04 seconds
   Success:          True
   Iterations:       1
   Function evals:   200
   Best MAPE:       10.336508

   Optimal Hyperparameters (raw):
      learning_rate        = 0.174107
      max_depth            = 5.500000
      subsample            = 0.750000
      colsample_bytree     = 0.750000
      min_child_weight     = 5.500000
      gamma                = 2.500000

   Optimal Hyperparameters (casted):
      learning_rate        = 0.17410722467944845
      max_depth            = 6
      subsample            = 0.75
      colsample_bytree     = 0.75
      min_child_weight     = 6
      gamma                = 2.5

7. Final Model Evaluation
--------------------------------------------------------------------------------
   Test Set Metrics:
      MSE      = 4.807514
      RMSE     = 2.192604
      MAE      = 1.570369
      MAPE     = 10.336508
      SMAPE    = 5.402674
      MASE     = 1.430699

   ✓ Results saved to: results/forecasting/forecast_xgboost_mape_hdmr_N200_m7.txt

8. Saving Visualizations
--------------------------------------------------------------------------------
   ✓ Results plot saved to: results/forecasting/forecast_xgboost_mape_hdmr_results.png
   ✓ Alpha plot saved to: results/forecasting/forecast_xgboost_mape_hdmr_alpha.png
   ✓ Prediction plot saved to: results/forecasting/forecast_xgboost_mape_predictions.png

================================================================================

✓ Optimization completed successfully!
✓ Best MAPE: 10.336508
✓ Optimization time: 145.04 seconds
✓ Results saved under results/forecasting/


STDERR:
/mnt/disk1/erdemy/app2scale/hdmr-opt/hdmr-env/lib/python3.10/site-packages/xgboost/core.py:377: FutureWarning: Your system has an old version of glibc (< 2.28). We will stop supporting Linux distros with glibc older than 2.28 after **May 31, 2025**. Please upgrade to a recent Linux distro (with glibc >= 2.28) to use future versions of XGBoost.
Note: You have installed the 'manylinux2014' variant of XGBoost. Certain features such as GPU algorithms or federated learning are not available. To use these features, please upgrade to a recent Linux distro with glibc 2.28+, and install the 'manylinux_2_28' variant.
  warnings.warn(
/mnt/disk1/erdemy/app2scale/hdmr-opt/src/functions_forecast.py:61: UserWarning: PyTorch not available. Install with: pip install torch
  warnings.warn("PyTorch not available. Install with: pip install torch")
